[2024-03-10T08:13:09.231+0000] {processor.py:161} INFO - Started process (PID=68) to work on /home/airflow/.local/lib/python3.8/site-packages/airflow/example_dags/example_dynamic_task_mapping_with_no_taskflow_operators.py
[2024-03-10T08:13:09.270+0000] {processor.py:830} INFO - Processing file /home/airflow/.local/lib/python3.8/site-packages/airflow/example_dags/example_dynamic_task_mapping_with_no_taskflow_operators.py for tasks to queue
[2024-03-10T08:13:09.354+0000] {logging_mixin.py:188} INFO - [2024-03-10T08:13:09.351+0000] {dagbag.py:540} INFO - Filling up the DagBag from /home/airflow/.local/lib/python3.8/site-packages/airflow/example_dags/example_dynamic_task_mapping_with_no_taskflow_operators.py
[2024-03-10T08:13:09.498+0000] {processor.py:840} INFO - DAG(s) 'example_dynamic_task_mapping_with_no_taskflow_operators' retrieved from /home/airflow/.local/lib/python3.8/site-packages/airflow/example_dags/example_dynamic_task_mapping_with_no_taskflow_operators.py
[2024-03-10T08:13:11.316+0000] {logging_mixin.py:188} INFO - [2024-03-10T08:13:11.315+0000] {dag.py:3047} INFO - Sync 1 DAGs
[2024-03-10T08:13:11.500+0000] {logging_mixin.py:188} INFO - [2024-03-10T08:13:11.499+0000] {dag.py:3834} INFO - Setting next_dagrun for example_dynamic_task_mapping_with_no_taskflow_operators to 2024-03-09 00:00:00+00:00, run_after=2024-03-10 00:00:00+00:00
[2024-03-10T08:13:14.663+0000] {processor.py:186} ERROR - Got an exception! Propagating...
Traceback (most recent call last):
  File "/usr/local/lib/python3.8/logging/__init__.py", line 1089, in emit
    self.flush()
  File "/usr/local/lib/python3.8/logging/__init__.py", line 1069, in flush
    self.stream.flush()
RuntimeError: reentrant call inside <_io.BufferedWriter name='/opt/airflow/logs/scheduler/2024-03-10/native_dags/example_dags/example_dynamic_task_mapping_with_no_taskflow_operators.py.log'>

During handling of the above exception, another exception occurred:

Traceback (most recent call last):
  File "/usr/local/lib/python3.8/logging/__init__.py", line 1089, in emit
    self.flush()
  File "/usr/local/lib/python3.8/logging/__init__.py", line 1069, in flush
    self.stream.flush()
RuntimeError: reentrant call inside <_io.BufferedWriter name='/opt/airflow/logs/scheduler/2024-03-10/native_dags/example_dags/example_dynamic_task_mapping_with_no_taskflow_operators.py.log'>

During handling of the above exception, another exception occurred:

Traceback (most recent call last):
  File "/usr/local/lib/python3.8/logging/__init__.py", line 1089, in emit
    self.flush()
  File "/usr/local/lib/python3.8/logging/__init__.py", line 1069, in flush
    self.stream.flush()
RuntimeError: reentrant call inside <_io.BufferedWriter name='/opt/airflow/logs/scheduler/2024-03-10/native_dags/example_dags/example_dynamic_task_mapping_with_no_taskflow_operators.py.log'>

During handling of the above exception, another exception occurred:

Traceback (most recent call last):
  File "/usr/local/lib/python3.8/logging/__init__.py", line 1089, in emit
    self.flush()
  File "/usr/local/lib/python3.8/logging/__init__.py", line 1069, in flush
    self.stream.flush()
RuntimeError: reentrant call inside <_io.BufferedWriter name='/opt/airflow/logs/scheduler/2024-03-10/native_dags/example_dags/example_dynamic_task_mapping_with_no_taskflow_operators.py.log'>

During handling of the above exception, another exception occurred:

Traceback (most recent call last):
  File "/usr/local/lib/python3.8/logging/__init__.py", line 1089, in emit
    self.flush()
  File "/usr/local/lib/python3.8/logging/__init__.py", line 1069, in flush
    self.stream.flush()
RuntimeError: reentrant call inside <_io.BufferedWriter name='/opt/airflow/logs/scheduler/2024-03-10/native_dags/example_dags/example_dynamic_task_mapping_with_no_taskflow_operators.py.log'>

During handling of the above exception, another exception occurred:

Traceback (most recent call last):
  File "/usr/local/lib/python3.8/logging/__init__.py", line 1089, in emit
    self.flush()
  File "/usr/local/lib/python3.8/logging/__init__.py", line 1069, in flush
    self.stream.flush()
RuntimeError: reentrant call inside <_io.BufferedWriter name='/opt/airflow/logs/scheduler/2024-03-10/native_dags/example_dags/example_dynamic_task_mapping_with_no_taskflow_operators.py.log'>

During handling of the above exception, another exception occurred:

Traceback (most recent call last):
  File "/usr/local/lib/python3.8/logging/__init__.py", line 1089, in emit
    self.flush()
  File "/usr/local/lib/python3.8/logging/__init__.py", line 1069, in flush
    self.stream.flush()
RuntimeError: reentrant call inside <_io.BufferedWriter name='/opt/airflow/logs/scheduler/2024-03-10/native_dags/example_dags/example_dynamic_task_mapping_with_no_taskflow_operators.py.log'>

During handling of the above exception, another exception occurred:

Traceback (most recent call last):
  File "/usr/local/lib/python3.8/logging/__init__.py", line 1089, in emit
    self.flush()
  File "/usr/local/lib/python3.8/logging/__init__.py", line 1069, in flush
    self.stream.flush()
RuntimeError: reentrant call inside <_io.BufferedWriter name='/opt/airflow/logs/scheduler/2024-03-10/native_dags/example_dags/example_dynamic_task_mapping_with_no_taskflow_operators.py.log'>

During handling of the above exception, another exception occurred:

Traceback (most recent call last):
  File "/usr/local/lib/python3.8/logging/__init__.py", line 1089, in emit
    self.flush()
  File "/usr/local/lib/python3.8/logging/__init__.py", line 1069, in flush
    self.stream.flush()
RuntimeError: reentrant call inside <_io.BufferedWriter name='/opt/airflow/logs/scheduler/2024-03-10/native_dags/example_dags/example_dynamic_task_mapping_with_no_taskflow_operators.py.log'>

During handling of the above exception, another exception occurred:

Traceback (most recent call last):
  File "/usr/local/lib/python3.8/logging/__init__.py", line 1089, in emit
    self.flush()
  File "/usr/local/lib/python3.8/logging/__init__.py", line 1069, in flush
    self.stream.flush()
RuntimeError: reentrant call inside <_io.BufferedWriter name='/opt/airflow/logs/scheduler/2024-03-10/native_dags/example_dags/example_dynamic_task_mapping_with_no_taskflow_operators.py.log'>

During handling of the above exception, another exception occurred:

Traceback (most recent call last):
  File "/usr/local/lib/python3.8/logging/__init__.py", line 1089, in emit
    self.flush()
  File "/usr/local/lib/python3.8/logging/__init__.py", line 1069, in flush
    self.stream.flush()
RuntimeError: reentrant call inside <_io.BufferedWriter name='/opt/airflow/logs/scheduler/2024-03-10/native_dags/example_dags/example_dynamic_task_mapping_with_no_taskflow_operators.py.log'>

During handling of the above exception, another exception occurred:

Traceback (most recent call last):
  File "/usr/local/lib/python3.8/logging/__init__.py", line 1089, in emit
    self.flush()
  File "/usr/local/lib/python3.8/logging/__init__.py", line 1069, in flush
    self.stream.flush()
RuntimeError: reentrant call inside <_io.BufferedWriter name='/opt/airflow/logs/scheduler/2024-03-10/native_dags/example_dags/example_dynamic_task_mapping_with_no_taskflow_operators.py.log'>

During handling of the above exception, another exception occurred:

Traceback (most recent call last):
  File "/usr/local/lib/python3.8/logging/__init__.py", line 1089, in emit
    self.flush()
  File "/usr/local/lib/python3.8/logging/__init__.py", line 1069, in flush
    self.stream.flush()
RuntimeError: reentrant call inside <_io.BufferedWriter name='/opt/airflow/logs/scheduler/2024-03-10/native_dags/example_dags/example_dynamic_task_mapping_with_no_taskflow_operators.py.log'>

During handling of the above exception, another exception occurred:

Traceback (most recent call last):
  File "/usr/local/lib/python3.8/logging/__init__.py", line 1089, in emit
    self.flush()
  File "/usr/local/lib/python3.8/logging/__init__.py", line 1069, in flush
    self.stream.flush()
RuntimeError: reentrant call inside <_io.BufferedWriter name='/opt/airflow/logs/scheduler/2024-03-10/native_dags/example_dags/example_dynamic_task_mapping_with_no_taskflow_operators.py.log'>

During handling of the above exception, another exception occurred:

Traceback (most recent call last):
  File "/usr/local/lib/python3.8/logging/__init__.py", line 1089, in emit
    self.flush()
  File "/usr/local/lib/python3.8/logging/__init__.py", line 1069, in flush
    self.stream.flush()
RuntimeError: reentrant call inside <_io.BufferedWriter name='/opt/airflow/logs/scheduler/2024-03-10/native_dags/example_dags/example_dynamic_task_mapping_with_no_taskflow_operators.py.log'>

During handling of the above exception, another exception occurred:

Traceback (most recent call last):
  File "/usr/local/lib/python3.8/logging/__init__.py", line 1089, in emit
    self.flush()
  File "/usr/local/lib/python3.8/logging/__init__.py", line 1069, in flush
    self.stream.flush()
RuntimeError: reentrant call inside <_io.BufferedWriter name='/opt/airflow/logs/scheduler/2024-03-10/native_dags/example_dags/example_dynamic_task_mapping_with_no_taskflow_operators.py.log'>

During handling of the above exception, another exception occurred:

Traceback (most recent call last):
  File "/usr/local/lib/python3.8/logging/__init__.py", line 1089, in emit
    self.flush()
  File "/usr/local/lib/python3.8/logging/__init__.py", line 1069, in flush
    self.stream.flush()
RuntimeError: reentrant call inside <_io.BufferedWriter name='/opt/airflow/logs/scheduler/2024-03-10/native_dags/example_dags/example_dynamic_task_mapping_with_no_taskflow_operators.py.log'>

During handling of the above exception, another exception occurred:

Traceback (most recent call last):
  File "/usr/local/lib/python3.8/logging/__init__.py", line 1089, in emit
    self.flush()
  File "/usr/local/lib/python3.8/logging/__init__.py", line 1069, in flush
    self.stream.flush()
RuntimeError: reentrant call inside <_io.BufferedWriter name='/opt/airflow/logs/scheduler/2024-03-10/native_dags/example_dags/example_dynamic_task_mapping_with_no_taskflow_operators.py.log'>

During handling of the above exception, another exception occurred:

Traceback (most recent call last):
  File "/usr/local/lib/python3.8/logging/__init__.py", line 1089, in emit
    self.flush()
  File "/usr/local/lib/python3.8/logging/__init__.py", line 1069, in flush
    self.stream.flush()
RuntimeError: reentrant call inside <_io.BufferedWriter name='/opt/airflow/logs/scheduler/2024-03-10/native_dags/example_dags/example_dynamic_task_mapping_with_no_taskflow_operators.py.log'>

During handling of the above exception, another exception occurred:

Traceback (most recent call last):
  File "/usr/local/lib/python3.8/logging/__init__.py", line 1089, in emit
    self.flush()
  File "/usr/local/lib/python3.8/logging/__init__.py", line 1069, in flush
    self.stream.flush()
RuntimeError: reentrant call inside <_io.BufferedWriter name='/opt/airflow/logs/scheduler/2024-03-10/native_dags/example_dags/example_dynamic_task_mapping_with_no_taskflow_operators.py.log'>

During handling of the above exception, another exception occurred:

Traceback (most recent call last):
  File "/usr/local/lib/python3.8/logging/__init__.py", line 1089, in emit
    self.flush()
  File "/usr/local/lib/python3.8/logging/__init__.py", line 1069, in flush
    self.stream.flush()
RuntimeError: reentrant call inside <_io.BufferedWriter name='/opt/airflow/logs/scheduler/2024-03-10/native_dags/example_dags/example_dynamic_task_mapping_with_no_taskflow_operators.py.log'>

During handling of the above exception, another exception occurred:

Traceback (most recent call last):
  File "/usr/local/lib/python3.8/logging/__init__.py", line 1089, in emit
    self.flush()
  File "/usr/local/lib/python3.8/logging/__init__.py", line 1069, in flush
    self.stream.flush()
RuntimeError: reentrant call inside <_io.BufferedWriter name='/opt/airflow/logs/scheduler/2024-03-10/native_dags/example_dags/example_dynamic_task_mapping_with_no_taskflow_operators.py.log'>

During handling of the above exception, another exception occurred:

Traceback (most recent call last):
  File "/usr/local/lib/python3.8/logging/__init__.py", line 1089, in emit
    self.flush()
  File "/usr/local/lib/python3.8/logging/__init__.py", line 1069, in flush
    self.stream.flush()
RuntimeError: reentrant call inside <_io.BufferedWriter name='/opt/airflow/logs/scheduler/2024-03-10/native_dags/example_dags/example_dynamic_task_mapping_with_no_taskflow_operators.py.log'>

During handling of the above exception, another exception occurred:

Traceback (most recent call last):
  File "/usr/local/lib/python3.8/logging/__init__.py", line 1089, in emit
    self.flush()
  File "/usr/local/lib/python3.8/logging/__init__.py", line 1069, in flush
    self.stream.flush()
RuntimeError: reentrant call inside <_io.BufferedWriter name='/opt/airflow/logs/scheduler/2024-03-10/native_dags/example_dags/example_dynamic_task_mapping_with_no_taskflow_operators.py.log'>

During handling of the above exception, another exception occurred:

Traceback (most recent call last):
  File "/usr/local/lib/python3.8/logging/__init__.py", line 1089, in emit
    self.flush()
  File "/usr/local/lib/python3.8/logging/__init__.py", line 1069, in flush
    self.stream.flush()
RuntimeError: reentrant call inside <_io.BufferedWriter name='/opt/airflow/logs/scheduler/2024-03-10/native_dags/example_dags/example_dynamic_task_mapping_with_no_taskflow_operators.py.log'>

During handling of the above exception, another exception occurred:

Traceback (most recent call last):
  File "/usr/local/lib/python3.8/logging/__init__.py", line 1089, in emit
    self.flush()
  File "/usr/local/lib/python3.8/logging/__init__.py", line 1069, in flush
    self.stream.flush()
RuntimeError: reentrant call inside <_io.BufferedWriter name='/opt/airflow/logs/scheduler/2024-03-10/native_dags/example_dags/example_dynamic_task_mapping_with_no_taskflow_operators.py.log'>

During handling of the above exception, another exception occurred:

Traceback (most recent call last):
  File "/usr/local/lib/python3.8/logging/__init__.py", line 1089, in emit
    self.flush()
  File "/usr/local/lib/python3.8/logging/__init__.py", line 1069, in flush
    self.stream.flush()
RuntimeError: reentrant call inside <_io.BufferedWriter name='/opt/airflow/logs/scheduler/2024-03-10/native_dags/example_dags/example_dynamic_task_mapping_with_no_taskflow_operators.py.log'>

During handling of the above exception, another exception occurred:

Traceback (most recent call last):
  File "/usr/local/lib/python3.8/logging/__init__.py", line 1089, in emit
    self.flush()
  File "/usr/local/lib/python3.8/logging/__init__.py", line 1069, in flush
    self.stream.flush()
RuntimeError: reentrant call inside <_io.BufferedWriter name='/opt/airflow/logs/scheduler/2024-03-10/native_dags/example_dags/example_dynamic_task_mapping_with_no_taskflow_operators.py.log'>

During handling of the above exception, another exception occurred:

Traceback (most recent call last):
  File "/usr/local/lib/python3.8/logging/__init__.py", line 1089, in emit
    self.flush()
  File "/usr/local/lib/python3.8/logging/__init__.py", line 1069, in flush
    self.stream.flush()
RuntimeError: reentrant call inside <_io.BufferedWriter name='/opt/airflow/logs/scheduler/2024-03-10/native_dags/example_dags/example_dynamic_task_mapping_with_no_taskflow_operators.py.log'>

During handling of the above exception, another exception occurred:

Traceback (most recent call last):
  File "/usr/local/lib/python3.8/logging/__init__.py", line 1089, in emit
    self.flush()
  File "/usr/local/lib/python3.8/logging/__init__.py", line 1069, in flush
    self.stream.flush()
RuntimeError: reentrant call inside <_io.BufferedWriter name='/opt/airflow/logs/scheduler/2024-03-10/native_dags/example_dags/example_dynamic_task_mapping_with_no_taskflow_operators.py.log'>

During handling of the above exception, another exception occurred:

Traceback (most recent call last):
  File "/usr/local/lib/python3.8/logging/__init__.py", line 1089, in emit
    self.flush()
  File "/usr/local/lib/python3.8/logging/__init__.py", line 1069, in flush
    self.stream.flush()
RuntimeError: reentrant call inside <_io.BufferedWriter name='/opt/airflow/logs/scheduler/2024-03-10/native_dags/example_dags/example_dynamic_task_mapping_with_no_taskflow_operators.py.log'>

During handling of the above exception, another exception occurred:

Traceback (most recent call last):
  File "/usr/local/lib/python3.8/logging/__init__.py", line 1089, in emit
    self.flush()
  File "/usr/local/lib/python3.8/logging/__init__.py", line 1069, in flush
    self.stream.flush()
RuntimeError: reentrant call inside <_io.BufferedWriter name='/opt/airflow/logs/scheduler/2024-03-10/native_dags/example_dags/example_dynamic_task_mapping_with_no_taskflow_operators.py.log'>

During handling of the above exception, another exception occurred:

Traceback (most recent call last):
  File "/usr/local/lib/python3.8/logging/__init__.py", line 1089, in emit
    self.flush()
  File "/usr/local/lib/python3.8/logging/__init__.py", line 1069, in flush
    self.stream.flush()
RuntimeError: reentrant call inside <_io.BufferedWriter name='/opt/airflow/logs/scheduler/2024-03-10/native_dags/example_dags/example_dynamic_task_mapping_with_no_taskflow_operators.py.log'>

During handling of the above exception, another exception occurred:

Traceback (most recent call last):
  File "/usr/local/lib/python3.8/logging/__init__.py", line 1089, in emit
    self.flush()
  File "/usr/local/lib/python3.8/logging/__init__.py", line 1069, in flush
    self.stream.flush()
RuntimeError: reentrant call inside <_io.BufferedWriter name='/opt/airflow/logs/scheduler/2024-03-10/native_dags/example_dags/example_dynamic_task_mapping_with_no_taskflow_operators.py.log'>

During handling of the above exception, another exception occurred:

Traceback (most recent call last):
  File "/usr/local/lib/python3.8/logging/__init__.py", line 1089, in emit
    self.flush()
  File "/usr/local/lib/python3.8/logging/__init__.py", line 1069, in flush
    self.stream.flush()
RuntimeError: reentrant call inside <_io.BufferedWriter name='/opt/airflow/logs/scheduler/2024-03-10/native_dags/example_dags/example_dynamic_task_mapping_with_no_taskflow_operators.py.log'>

During handling of the above exception, another exception occurred:

Traceback (most recent call last):
  File "/usr/local/lib/python3.8/logging/__init__.py", line 1089, in emit
    self.flush()
  File "/usr/local/lib/python3.8/logging/__init__.py", line 1069, in flush
    self.stream.flush()
RuntimeError: reentrant call inside <_io.BufferedWriter name='/opt/airflow/logs/scheduler/2024-03-10/native_dags/example_dags/example_dynamic_task_mapping_with_no_taskflow_operators.py.log'>

During handling of the above exception, another exception occurred:

Traceback (most recent call last):
  File "/usr/local/lib/python3.8/logging/__init__.py", line 1089, in emit
    self.flush()
  File "/usr/local/lib/python3.8/logging/__init__.py", line 1069, in flush
    self.stream.flush()
RuntimeError: reentrant call inside <_io.BufferedWriter name='/opt/airflow/logs/scheduler/2024-03-10/native_dags/example_dags/example_dynamic_task_mapping_with_no_taskflow_operators.py.log'>

During handling of the above exception, another exception occurred:

Traceback (most recent call last):
  File "/usr/local/lib/python3.8/logging/__init__.py", line 1089, in emit
    self.flush()
  File "/usr/local/lib/python3.8/logging/__init__.py", line 1069, in flush
    self.stream.flush()
RuntimeError: reentrant call inside <_io.BufferedWriter name='/opt/airflow/logs/scheduler/2024-03-10/native_dags/example_dags/example_dynamic_task_mapping_with_no_taskflow_operators.py.log'>

During handling of the above exception, another exception occurred:

Traceback (most recent call last):
  File "/usr/local/lib/python3.8/logging/__init__.py", line 1089, in emit
    self.flush()
  File "/usr/local/lib/python3.8/logging/__init__.py", line 1069, in flush
    self.stream.flush()
RuntimeError: reentrant call inside <_io.BufferedWriter name='/opt/airflow/logs/scheduler/2024-03-10/native_dags/example_dags/example_dynamic_task_mapping_with_no_taskflow_operators.py.log'>

During handling of the above exception, another exception occurred:

Traceback (most recent call last):
  File "/usr/local/lib/python3.8/logging/__init__.py", line 1089, in emit
    self.flush()
  File "/usr/local/lib/python3.8/logging/__init__.py", line 1069, in flush
    self.stream.flush()
RuntimeError: reentrant call inside <_io.BufferedWriter name='/opt/airflow/logs/scheduler/2024-03-10/native_dags/example_dags/example_dynamic_task_mapping_with_no_taskflow_operators.py.log'>

During handling of the above exception, another exception occurred:

Traceback (most recent call last):
  File "/usr/local/lib/python3.8/logging/__init__.py", line 1089, in emit
    self.flush()
  File "/usr/local/lib/python3.8/logging/__init__.py", line 1069, in flush
    self.stream.flush()
RuntimeError: reentrant call inside <_io.BufferedWriter name='/opt/airflow/logs/scheduler/2024-03-10/native_dags/example_dags/example_dynamic_task_mapping_with_no_taskflow_operators.py.log'>

During handling of the above exception, another exception occurred:

Traceback (most recent call last):
  File "/usr/local/lib/python3.8/logging/__init__.py", line 1089, in emit
    self.flush()
  File "/usr/local/lib/python3.8/logging/__init__.py", line 1069, in flush
    self.stream.flush()
RuntimeError: reentrant call inside <_io.BufferedWriter name='/opt/airflow/logs/scheduler/2024-03-10/native_dags/example_dags/example_dynamic_task_mapping_with_no_taskflow_operators.py.log'>

During handling of the above exception, another exception occurred:

Traceback (most recent call last):
  File "/usr/local/lib/python3.8/logging/__init__.py", line 1089, in emit
    self.flush()
  File "/usr/local/lib/python3.8/logging/__init__.py", line 1069, in flush
    self.stream.flush()
RuntimeError: reentrant call inside <_io.BufferedWriter name='/opt/airflow/logs/scheduler/2024-03-10/native_dags/example_dags/example_dynamic_task_mapping_with_no_taskflow_operators.py.log'>

During handling of the above exception, another exception occurred:

Traceback (most recent call last):
  File "/usr/local/lib/python3.8/logging/__init__.py", line 1089, in emit
    self.flush()
  File "/usr/local/lib/python3.8/logging/__init__.py", line 1069, in flush
    self.stream.flush()
RuntimeError: reentrant call inside <_io.BufferedWriter name='/opt/airflow/logs/scheduler/2024-03-10/native_dags/example_dags/example_dynamic_task_mapping_with_no_taskflow_operators.py.log'>

During handling of the above exception, another exception occurred:

Traceback (most recent call last):
  File "/usr/local/lib/python3.8/logging/__init__.py", line 1089, in emit
    self.flush()
  File "/usr/local/lib/python3.8/logging/__init__.py", line 1069, in flush
    self.stream.flush()
RuntimeError: reentrant call inside <_io.BufferedWriter name='/opt/airflow/logs/scheduler/2024-03-10/native_dags/example_dags/example_dynamic_task_mapping_with_no_taskflow_operators.py.log'>

During handling of the above exception, another exception occurred:

Traceback (most recent call last):
  File "/usr/local/lib/python3.8/logging/__init__.py", line 1089, in emit
    self.flush()
  File "/usr/local/lib/python3.8/logging/__init__.py", line 1069, in flush
    self.stream.flush()
RuntimeError: reentrant call inside <_io.BufferedWriter name='/opt/airflow/logs/scheduler/2024-03-10/native_dags/example_dags/example_dynamic_task_mapping_with_no_taskflow_operators.py.log'>

During handling of the above exception, another exception occurred:

Traceback (most recent call last):
  File "/usr/local/lib/python3.8/logging/__init__.py", line 1089, in emit
    self.flush()
  File "/usr/local/lib/python3.8/logging/__init__.py", line 1069, in flush
    self.stream.flush()
RuntimeError: reentrant call inside <_io.BufferedWriter name='/opt/airflow/logs/scheduler/2024-03-10/native_dags/example_dags/example_dynamic_task_mapping_with_no_taskflow_operators.py.log'>

During handling of the above exception, another exception occurred:

Traceback (most recent call last):
  File "/usr/local/lib/python3.8/logging/__init__.py", line 1089, in emit
    self.flush()
  File "/usr/local/lib/python3.8/logging/__init__.py", line 1069, in flush
    self.stream.flush()
RuntimeError: reentrant call inside <_io.BufferedWriter name='/opt/airflow/logs/scheduler/2024-03-10/native_dags/example_dags/example_dynamic_task_mapping_with_no_taskflow_operators.py.log'>

During handling of the above exception, another exception occurred:

Traceback (most recent call last):
  File "/usr/local/lib/python3.8/logging/__init__.py", line 1089, in emit
    self.flush()
  File "/usr/local/lib/python3.8/logging/__init__.py", line 1069, in flush
    self.stream.flush()
RuntimeError: reentrant call inside <_io.BufferedWriter name='/opt/airflow/logs/scheduler/2024-03-10/native_dags/example_dags/example_dynamic_task_mapping_with_no_taskflow_operators.py.log'>

During handling of the above exception, another exception occurred:

Traceback (most recent call last):
  File "/usr/local/lib/python3.8/logging/__init__.py", line 1089, in emit
    self.flush()
  File "/usr/local/lib/python3.8/logging/__init__.py", line 1069, in flush
    self.stream.flush()
RuntimeError: reentrant call inside <_io.BufferedWriter name='/opt/airflow/logs/scheduler/2024-03-10/native_dags/example_dags/example_dynamic_task_mapping_with_no_taskflow_operators.py.log'>

During handling of the above exception, another exception occurred:

Traceback (most recent call last):
  File "/usr/local/lib/python3.8/logging/__init__.py", line 1089, in emit
    self.flush()
  File "/usr/local/lib/python3.8/logging/__init__.py", line 1069, in flush
    self.stream.flush()
RuntimeError: reentrant call inside <_io.BufferedWriter name='/opt/airflow/logs/scheduler/2024-03-10/native_dags/example_dags/example_dynamic_task_mapping_with_no_taskflow_operators.py.log'>

During handling of the above exception, another exception occurred:

Traceback (most recent call last):
  File "/usr/local/lib/python3.8/logging/__init__.py", line 1089, in emit
    self.flush()
  File "/usr/local/lib/python3.8/logging/__init__.py", line 1069, in flush
    self.stream.flush()
RuntimeError: reentrant call inside <_io.BufferedWriter name='/opt/airflow/logs/scheduler/2024-03-10/native_dags/example_dags/example_dynamic_task_mapping_with_no_taskflow_operators.py.log'>

During handling of the above exception, another exception occurred:

Traceback (most recent call last):
  File "/usr/local/lib/python3.8/logging/__init__.py", line 1089, in emit
    self.flush()
  File "/usr/local/lib/python3.8/logging/__init__.py", line 1069, in flush
    self.stream.flush()
RuntimeError: reentrant call inside <_io.BufferedWriter name='/opt/airflow/logs/scheduler/2024-03-10/native_dags/example_dags/example_dynamic_task_mapping_with_no_taskflow_operators.py.log'>

During handling of the above exception, another exception occurred:

Traceback (most recent call last):
  File "/usr/local/lib/python3.8/logging/__init__.py", line 1089, in emit
    self.flush()
  File "/usr/local/lib/python3.8/logging/__init__.py", line 1069, in flush
    self.stream.flush()
RuntimeError: reentrant call inside <_io.BufferedWriter name='/opt/airflow/logs/scheduler/2024-03-10/native_dags/example_dags/example_dynamic_task_mapping_with_no_taskflow_operators.py.log'>

During handling of the above exception, another exception occurred:

Traceback (most recent call last):
  File "/usr/local/lib/python3.8/logging/__init__.py", line 1089, in emit
    self.flush()
  File "/usr/local/lib/python3.8/logging/__init__.py", line 1069, in flush
    self.stream.flush()
RuntimeError: reentrant call inside <_io.BufferedWriter name='/opt/airflow/logs/scheduler/2024-03-10/native_dags/example_dags/example_dynamic_task_mapping_with_no_taskflow_operators.py.log'>

During handling of the above exception, another exception occurred:

Traceback (most recent call last):
  File "/usr/local/lib/python3.8/logging/__init__.py", line 1089, in emit
    self.flush()
  File "/usr/local/lib/python3.8/logging/__init__.py", line 1069, in flush
    self.stream.flush()
RuntimeError: reentrant call inside <_io.BufferedWriter name='/opt/airflow/logs/scheduler/2024-03-10/native_dags/example_dags/example_dynamic_task_mapping_with_no_taskflow_operators.py.log'>

During handling of the above exception, another exception occurred:

Traceback (most recent call last):
  File "/usr/local/lib/python3.8/logging/__init__.py", line 1089, in emit
    self.flush()
  File "/usr/local/lib/python3.8/logging/__init__.py", line 1069, in flush
    self.stream.flush()
RuntimeError: reentrant call inside <_io.BufferedWriter name='/opt/airflow/logs/scheduler/2024-03-10/native_dags/example_dags/example_dynamic_task_mapping_with_no_taskflow_operators.py.log'>

During handling of the above exception, another exception occurred:

Traceback (most recent call last):
  File "/usr/local/lib/python3.8/logging/__init__.py", line 1089, in emit
    self.flush()
  File "/usr/local/lib/python3.8/logging/__init__.py", line 1069, in flush
    self.stream.flush()
RuntimeError: reentrant call inside <_io.BufferedWriter name='/opt/airflow/logs/scheduler/2024-03-10/native_dags/example_dags/example_dynamic_task_mapping_with_no_taskflow_operators.py.log'>

During handling of the above exception, another exception occurred:

Traceback (most recent call last):
  File "/usr/local/lib/python3.8/logging/__init__.py", line 1089, in emit
    self.flush()
  File "/usr/local/lib/python3.8/logging/__init__.py", line 1069, in flush
    self.stream.flush()
RuntimeError: reentrant call inside <_io.BufferedWriter name='/opt/airflow/logs/scheduler/2024-03-10/native_dags/example_dags/example_dynamic_task_mapping_with_no_taskflow_operators.py.log'>

During handling of the above exception, another exception occurred:

Traceback (most recent call last):
  File "/usr/local/lib/python3.8/logging/__init__.py", line 1089, in emit
    self.flush()
  File "/usr/local/lib/python3.8/logging/__init__.py", line 1069, in flush
    self.stream.flush()
RuntimeError: reentrant call inside <_io.BufferedWriter name='/opt/airflow/logs/scheduler/2024-03-10/native_dags/example_dags/example_dynamic_task_mapping_with_no_taskflow_operators.py.log'>

During handling of the above exception, another exception occurred:

Traceback (most recent call last):
  File "/usr/local/lib/python3.8/logging/__init__.py", line 1089, in emit
    self.flush()
  File "/usr/local/lib/python3.8/logging/__init__.py", line 1069, in flush
    self.stream.flush()
RuntimeError: reentrant call inside <_io.BufferedWriter name='/opt/airflow/logs/scheduler/2024-03-10/native_dags/example_dags/example_dynamic_task_mapping_with_no_taskflow_operators.py.log'>

During handling of the above exception, another exception occurred:

Traceback (most recent call last):
  File "/usr/local/lib/python3.8/logging/__init__.py", line 1089, in emit
    self.flush()
  File "/usr/local/lib/python3.8/logging/__init__.py", line 1069, in flush
    self.stream.flush()
RuntimeError: reentrant call inside <_io.BufferedWriter name='/opt/airflow/logs/scheduler/2024-03-10/native_dags/example_dags/example_dynamic_task_mapping_with_no_taskflow_operators.py.log'>

During handling of the above exception, another exception occurred:

Traceback (most recent call last):
  File "/usr/local/lib/python3.8/logging/__init__.py", line 1089, in emit
    self.flush()
  File "/usr/local/lib/python3.8/logging/__init__.py", line 1069, in flush
    self.stream.flush()
RuntimeError: reentrant call inside <_io.BufferedWriter name='/opt/airflow/logs/scheduler/2024-03-10/native_dags/example_dags/example_dynamic_task_mapping_with_no_taskflow_operators.py.log'>

During handling of the above exception, another exception occurred:

Traceback (most recent call last):
  File "/usr/local/lib/python3.8/logging/__init__.py", line 1089, in emit
    self.flush()
  File "/usr/local/lib/python3.8/logging/__init__.py", line 1069, in flush
    self.stream.flush()
RuntimeError: reentrant call inside <_io.BufferedWriter name='/opt/airflow/logs/scheduler/2024-03-10/native_dags/example_dags/example_dynamic_task_mapping_with_no_taskflow_operators.py.log'>

During handling of the above exception, another exception occurred:

Traceback (most recent call last):
  File "/usr/local/lib/python3.8/logging/__init__.py", line 1089, in emit
    self.flush()
  File "/usr/local/lib/python3.8/logging/__init__.py", line 1069, in flush
    self.stream.flush()
RuntimeError: reentrant call inside <_io.BufferedWriter name='/opt/airflow/logs/scheduler/2024-03-10/native_dags/example_dags/example_dynamic_task_mapping_with_no_taskflow_operators.py.log'>

During handling of the above exception, another exception occurred:

Traceback (most recent call last):
  File "/usr/local/lib/python3.8/logging/__init__.py", line 1089, in emit
    self.flush()
  File "/usr/local/lib/python3.8/logging/__init__.py", line 1069, in flush
    self.stream.flush()
RuntimeError: reentrant call inside <_io.BufferedWriter name='/opt/airflow/logs/scheduler/2024-03-10/native_dags/example_dags/example_dynamic_task_mapping_with_no_taskflow_operators.py.log'>

During handling of the above exception, another exception occurred:

Traceback (most recent call last):
  File "/usr/local/lib/python3.8/logging/__init__.py", line 1089, in emit
    self.flush()
  File "/usr/local/lib/python3.8/logging/__init__.py", line 1069, in flush
    self.stream.flush()
RuntimeError: reentrant call inside <_io.BufferedWriter name='/opt/airflow/logs/scheduler/2024-03-10/native_dags/example_dags/example_dynamic_task_mapping_with_no_taskflow_operators.py.log'>

During handling of the above exception, another exception occurred:

Traceback (most recent call last):
  File "/usr/local/lib/python3.8/logging/__init__.py", line 1089, in emit
    self.flush()
  File "/usr/local/lib/python3.8/logging/__init__.py", line 1069, in flush
    self.stream.flush()
RuntimeError: reentrant call inside <_io.BufferedWriter name='/opt/airflow/logs/scheduler/2024-03-10/native_dags/example_dags/example_dynamic_task_mapping_with_no_taskflow_operators.py.log'>

During handling of the above exception, another exception occurred:

Traceback (most recent call last):
  File "/usr/local/lib/python3.8/logging/__init__.py", line 1089, in emit
    self.flush()
  File "/usr/local/lib/python3.8/logging/__init__.py", line 1069, in flush
    self.stream.flush()
RuntimeError: reentrant call inside <_io.BufferedWriter name='/opt/airflow/logs/scheduler/2024-03-10/native_dags/example_dags/example_dynamic_task_mapping_with_no_taskflow_operators.py.log'>

During handling of the above exception, another exception occurred:

Traceback (most recent call last):
  File "/usr/local/lib/python3.8/logging/__init__.py", line 1089, in emit
    self.flush()
  File "/usr/local/lib/python3.8/logging/__init__.py", line 1069, in flush
    self.stream.flush()
RuntimeError: reentrant call inside <_io.BufferedWriter name='/opt/airflow/logs/scheduler/2024-03-10/native_dags/example_dags/example_dynamic_task_mapping_with_no_taskflow_operators.py.log'>

During handling of the above exception, another exception occurred:

Traceback (most recent call last):
  File "/usr/local/lib/python3.8/logging/__init__.py", line 1089, in emit
    self.flush()
  File "/usr/local/lib/python3.8/logging/__init__.py", line 1069, in flush
    self.stream.flush()
RuntimeError: reentrant call inside <_io.BufferedWriter name='/opt/airflow/logs/scheduler/2024-03-10/native_dags/example_dags/example_dynamic_task_mapping_with_no_taskflow_operators.py.log'>

During handling of the above exception, another exception occurred:

Traceback (most recent call last):
  File "/usr/local/lib/python3.8/logging/__init__.py", line 1089, in emit
    self.flush()
  File "/usr/local/lib/python3.8/logging/__init__.py", line 1069, in flush
    self.stream.flush()
RuntimeError: reentrant call inside <_io.BufferedWriter name='/opt/airflow/logs/scheduler/2024-03-10/native_dags/example_dags/example_dynamic_task_mapping_with_no_taskflow_operators.py.log'>

During handling of the above exception, another exception occurred:

Traceback (most recent call last):
  File "/usr/local/lib/python3.8/logging/__init__.py", line 1089, in emit
    self.flush()
  File "/usr/local/lib/python3.8/logging/__init__.py", line 1069, in flush
    self.stream.flush()
RuntimeError: reentrant call inside <_io.BufferedWriter name='/opt/airflow/logs/scheduler/2024-03-10/native_dags/example_dags/example_dynamic_task_mapping_with_no_taskflow_operators.py.log'>

During handling of the above exception, another exception occurred:

Traceback (most recent call last):
  File "/usr/local/lib/python3.8/logging/__init__.py", line 1089, in emit
    self.flush()
  File "/usr/local/lib/python3.8/logging/__init__.py", line 1069, in flush
    self.stream.flush()
RuntimeError: reentrant call inside <_io.BufferedWriter name='/opt/airflow/logs/scheduler/2024-03-10/native_dags/example_dags/example_dynamic_task_mapping_with_no_taskflow_operators.py.log'>

During handling of the above exception, another exception occurred:

Traceback (most recent call last):
  File "/usr/local/lib/python3.8/logging/__init__.py", line 1089, in emit
    self.flush()
  File "/usr/local/lib/python3.8/logging/__init__.py", line 1069, in flush
    self.stream.flush()
RuntimeError: reentrant call inside <_io.BufferedWriter name='/opt/airflow/logs/scheduler/2024-03-10/native_dags/example_dags/example_dynamic_task_mapping_with_no_taskflow_operators.py.log'>

During handling of the above exception, another exception occurred:

Traceback (most recent call last):
  File "/home/airflow/.local/lib/python3.8/site-packages/airflow/dag_processing/processor.py", line 182, in _run_file_processor
    _handle_dag_file_processing()
  File "/home/airflow/.local/lib/python3.8/site-packages/airflow/dag_processing/processor.py", line 163, in _handle_dag_file_processing
    result: tuple[int, int] = dag_file_processor.process_file(
  File "/home/airflow/.local/lib/python3.8/site-packages/airflow/utils/session.py", line 79, in wrapper
    return func(*args, session=session, **kwargs)
  File "/home/airflow/.local/lib/python3.8/site-packages/airflow/dag_processing/processor.py", line 859, in process_file
    serialize_errors = DagFileProcessor.save_dag_to_db(
  File "/home/airflow/.local/lib/python3.8/site-packages/airflow/api_internal/internal_api_call.py", line 114, in wrapper
    return func(*args, **kwargs)
  File "/home/airflow/.local/lib/python3.8/site-packages/airflow/utils/session.py", line 79, in wrapper
    return func(*args, session=session, **kwargs)
  File "/home/airflow/.local/lib/python3.8/site-packages/airflow/dag_processing/processor.py", line 895, in save_dag_to_db
    import_errors = DagBag._sync_to_db(dags=dags, processor_subdir=dag_directory, session=session)
  File "/home/airflow/.local/lib/python3.8/site-packages/airflow/utils/session.py", line 76, in wrapper
    return func(*args, **kwargs)
  File "/home/airflow/.local/lib/python3.8/site-packages/airflow/models/dagbag.py", line 659, in _sync_to_db
    for attempt in run_with_db_retries(logger=log):
  File "/home/airflow/.local/lib/python3.8/site-packages/tenacity/__init__.py", line 347, in __iter__
    do = self.iter(retry_state=retry_state)
  File "/home/airflow/.local/lib/python3.8/site-packages/tenacity/__init__.py", line 314, in iter
    return fut.result()
  File "/usr/local/lib/python3.8/concurrent/futures/_base.py", line 437, in result
    return self.__get_result()
  File "/usr/local/lib/python3.8/concurrent/futures/_base.py", line 389, in __get_result
    raise self._exception
  File "/home/airflow/.local/lib/python3.8/site-packages/airflow/models/dagbag.py", line 675, in _sync_to_db
    DAG.bulk_write_to_db(dags.values(), processor_subdir=processor_subdir, session=session)
  File "/home/airflow/.local/lib/python3.8/site-packages/airflow/utils/session.py", line 76, in wrapper
    return func(*args, **kwargs)
  File "/home/airflow/.local/lib/python3.8/site-packages/airflow/models/dag.py", line 3135, in bulk_write_to_db
    orm_dag.calculate_dagrun_date_fields(dag, last_automated_data_interval)
  File "/home/airflow/.local/lib/python3.8/site-packages/airflow/models/dag.py", line 3834, in calculate_dagrun_date_fields
    log.info(
  File "/usr/local/lib/python3.8/logging/__init__.py", line 1446, in info
    self._log(INFO, msg, args, **kwargs)
  File "/usr/local/lib/python3.8/logging/__init__.py", line 1589, in _log
    self.handle(record)
  File "/usr/local/lib/python3.8/logging/__init__.py", line 1599, in handle
    self.callHandlers(record)
  File "/usr/local/lib/python3.8/logging/__init__.py", line 1661, in callHandlers
    hdlr.handle(record)
  File "/usr/local/lib/python3.8/logging/__init__.py", line 954, in handle
    self.emit(record)
  File "/usr/local/lib/python3.8/logging/__init__.py", line 1088, in emit
    stream.write(msg + self.terminator)
  File "/home/airflow/.local/lib/python3.8/site-packages/airflow/utils/log/logging_mixin.py", line 200, in write
    self.flush()
  File "/home/airflow/.local/lib/python3.8/site-packages/airflow/utils/log/logging_mixin.py", line 207, in flush
    self._propagate_log(buf)
  File "/home/airflow/.local/lib/python3.8/site-packages/airflow/utils/log/logging_mixin.py", line 188, in _propagate_log
    self.logger.log(self.level, remove_escape_codes(message))
  File "/usr/local/lib/python3.8/logging/__init__.py", line 1512, in log
    self._log(level, msg, args, **kwargs)
  File "/usr/local/lib/python3.8/logging/__init__.py", line 1589, in _log
    self.handle(record)
  File "/usr/local/lib/python3.8/logging/__init__.py", line 1599, in handle
    self.callHandlers(record)
  File "/usr/local/lib/python3.8/logging/__init__.py", line 1661, in callHandlers
    hdlr.handle(record)
  File "/usr/local/lib/python3.8/logging/__init__.py", line 954, in handle
    self.emit(record)
  File "/home/airflow/.local/lib/python3.8/site-packages/airflow/utils/log/file_processor_handler.py", line 73, in emit
    self.handler.emit(record)
  File "/usr/local/lib/python3.8/logging/__init__.py", line 1187, in emit
    StreamHandler.emit(self, record)
  File "/usr/local/lib/python3.8/logging/__init__.py", line 1089, in emit
    self.flush()
  File "/usr/local/lib/python3.8/logging/__init__.py", line 1069, in flush
    self.stream.flush()
  File "/home/airflow/.local/lib/python3.8/site-packages/airflow/dag_processing/manager.py", line 454, in _exit_gracefully
    self.end()
  File "/home/airflow/.local/lib/python3.8/site-packages/airflow/dag_processing/manager.py", line 1262, in end
    kill_child_processes_by_pids(pids_to_kill)
  File "/home/airflow/.local/lib/python3.8/site-packages/airflow/utils/process_utils.py", line 262, in kill_child_processes_by_pids
    log.info("Waiting up to %s seconds for processes to exit...", timeout)
  File "/usr/local/lib/python3.8/logging/__init__.py", line 1446, in info
    self._log(INFO, msg, args, **kwargs)
  File "/usr/local/lib/python3.8/logging/__init__.py", line 1589, in _log
    self.handle(record)
  File "/usr/local/lib/python3.8/logging/__init__.py", line 1599, in handle
    self.callHandlers(record)
  File "/usr/local/lib/python3.8/logging/__init__.py", line 1661, in callHandlers
    hdlr.handle(record)
  File "/usr/local/lib/python3.8/logging/__init__.py", line 954, in handle
    self.emit(record)
  File "/usr/local/lib/python3.8/logging/__init__.py", line 1088, in emit
    stream.write(msg + self.terminator)
  File "/home/airflow/.local/lib/python3.8/site-packages/airflow/utils/log/logging_mixin.py", line 200, in write
    self.flush()
  File "/home/airflow/.local/lib/python3.8/site-packages/airflow/utils/log/logging_mixin.py", line 207, in flush
    self._propagate_log(buf)
  File "/home/airflow/.local/lib/python3.8/site-packages/airflow/utils/log/logging_mixin.py", line 188, in _propagate_log
    self.logger.log(self.level, remove_escape_codes(message))
  File "/usr/local/lib/python3.8/logging/__init__.py", line 1512, in log
    self._log(level, msg, args, **kwargs)
  File "/usr/local/lib/python3.8/logging/__init__.py", line 1589, in _log
    self.handle(record)
  File "/usr/local/lib/python3.8/logging/__init__.py", line 1599, in handle
    self.callHandlers(record)
  File "/usr/local/lib/python3.8/logging/__init__.py", line 1661, in callHandlers
    hdlr.handle(record)
  File "/usr/local/lib/python3.8/logging/__init__.py", line 954, in handle
    self.emit(record)
  File "/home/airflow/.local/lib/python3.8/site-packages/airflow/utils/log/file_processor_handler.py", line 73, in emit
    self.handler.emit(record)
  File "/usr/local/lib/python3.8/logging/__init__.py", line 1187, in emit
    StreamHandler.emit(self, record)
  File "/usr/local/lib/python3.8/logging/__init__.py", line 1093, in emit
    self.handleError(record)
  File "/usr/local/lib/python3.8/logging/__init__.py", line 1006, in handleError
    sys.stderr.write('--- Logging error ---\n')
  File "/home/airflow/.local/lib/python3.8/site-packages/airflow/utils/log/logging_mixin.py", line 200, in write
    self.flush()
  File "/home/airflow/.local/lib/python3.8/site-packages/airflow/utils/log/logging_mixin.py", line 207, in flush
    self._propagate_log(buf)
  File "/home/airflow/.local/lib/python3.8/site-packages/airflow/utils/log/logging_mixin.py", line 188, in _propagate_log
    self.logger.log(self.level, remove_escape_codes(message))
  File "/usr/local/lib/python3.8/logging/__init__.py", line 1512, in log
    self._log(level, msg, args, **kwargs)
  File "/usr/local/lib/python3.8/logging/__init__.py", line 1589, in _log
    self.handle(record)
  File "/usr/local/lib/python3.8/logging/__init__.py", line 1599, in handle
    self.callHandlers(record)
  File "/usr/local/lib/python3.8/logging/__init__.py", line 1661, in callHandlers
    hdlr.handle(record)
  File "/usr/local/lib/python3.8/logging/__init__.py", line 954, in handle
    self.emit(record)
  File "/home/airflow/.local/lib/python3.8/site-packages/airflow/utils/log/file_processor_handler.py", line 73, in emit
    self.handler.emit(record)
  File "/usr/local/lib/python3.8/logging/__init__.py", line 1187, in emit
    StreamHandler.emit(self, record)
  File "/usr/local/lib/python3.8/logging/__init__.py", line 1093, in emit
    self.handleError(record)
  File "/usr/local/lib/python3.8/logging/__init__.py", line 1006, in handleError
    sys.stderr.write('--- Logging error ---\n')
  File "/home/airflow/.local/lib/python3.8/site-packages/airflow/utils/log/logging_mixin.py", line 200, in write
    self.flush()
  File "/home/airflow/.local/lib/python3.8/site-packages/airflow/utils/log/logging_mixin.py", line 207, in flush
    self._propagate_log(buf)
  File "/home/airflow/.local/lib/python3.8/site-packages/airflow/utils/log/logging_mixin.py", line 188, in _propagate_log
    self.logger.log(self.level, remove_escape_codes(message))
  File "/usr/local/lib/python3.8/logging/__init__.py", line 1512, in log
    self._log(level, msg, args, **kwargs)
  File "/usr/local/lib/python3.8/logging/__init__.py", line 1589, in _log
    self.handle(record)
  File "/usr/local/lib/python3.8/logging/__init__.py", line 1599, in handle
    self.callHandlers(record)
  File "/usr/local/lib/python3.8/logging/__init__.py", line 1661, in callHandlers
    hdlr.handle(record)
  File "/usr/local/lib/python3.8/logging/__init__.py", line 954, in handle
    self.emit(record)
  File "/home/airflow/.local/lib/python3.8/site-packages/airflow/utils/log/file_processor_handler.py", line 73, in emit
    self.handler.emit(record)
  File "/usr/local/lib/python3.8/logging/__init__.py", line 1187, in emit
    StreamHandler.emit(self, record)
  File "/usr/local/lib/python3.8/logging/__init__.py", line 1093, in emit
    self.handleError(record)
  File "/usr/local/lib/python3.8/logging/__init__.py", line 1006, in handleError
    sys.stderr.write('--- Logging error ---\n')
  File "/home/airflow/.local/lib/python3.8/site-packages/airflow/utils/log/logging_mixin.py", line 200, in write
    self.flush()
  File "/home/airflow/.local/lib/python3.8/site-packages/airflow/utils/log/logging_mixin.py", line 207, in flush
    self._propagate_log(buf)
  File "/home/airflow/.local/lib/python3.8/site-packages/airflow/utils/log/logging_mixin.py", line 188, in _propagate_log
    self.logger.log(self.level, remove_escape_codes(message))
  File "/usr/local/lib/python3.8/logging/__init__.py", line 1512, in log
    self._log(level, msg, args, **kwargs)
  File "/usr/local/lib/python3.8/logging/__init__.py", line 1589, in _log
    self.handle(record)
  File "/usr/local/lib/python3.8/logging/__init__.py", line 1599, in handle
    self.callHandlers(record)
  File "/usr/local/lib/python3.8/logging/__init__.py", line 1661, in callHandlers
    hdlr.handle(record)
  File "/usr/local/lib/python3.8/logging/__init__.py", line 954, in handle
    self.emit(record)
  File "/home/airflow/.local/lib/python3.8/site-packages/airflow/utils/log/file_processor_handler.py", line 73, in emit
    self.handler.emit(record)
  File "/usr/local/lib/python3.8/logging/__init__.py", line 1187, in emit
    StreamHandler.emit(self, record)
  File "/usr/local/lib/python3.8/logging/__init__.py", line 1093, in emit
    self.handleError(record)
  File "/usr/local/lib/python3.8/logging/__init__.py", line 1006, in handleError
    sys.stderr.write('--- Logging error ---\n')
  File "/home/airflow/.local/lib/python3.8/site-packages/airflow/utils/log/logging_mixin.py", line 200, in write
    self.flush()
  File "/home/airflow/.local/lib/python3.8/site-packages/airflow/utils/log/logging_mixin.py", line 207, in flush
    self._propagate_log(buf)
  File "/home/airflow/.local/lib/python3.8/site-packages/airflow/utils/log/logging_mixin.py", line 188, in _propagate_log
    self.logger.log(self.level, remove_escape_codes(message))
  File "/usr/local/lib/python3.8/logging/__init__.py", line 1512, in log
    self._log(level, msg, args, **kwargs)
  File "/usr/local/lib/python3.8/logging/__init__.py", line 1589, in _log
    self.handle(record)
  File "/usr/local/lib/python3.8/logging/__init__.py", line 1599, in handle
    self.callHandlers(record)
  File "/usr/local/lib/python3.8/logging/__init__.py", line 1661, in callHandlers
    hdlr.handle(record)
  File "/usr/local/lib/python3.8/logging/__init__.py", line 954, in handle
    self.emit(record)
  File "/home/airflow/.local/lib/python3.8/site-packages/airflow/utils/log/file_processor_handler.py", line 73, in emit
    self.handler.emit(record)
  File "/usr/local/lib/python3.8/logging/__init__.py", line 1187, in emit
    StreamHandler.emit(self, record)
  File "/usr/local/lib/python3.8/logging/__init__.py", line 1093, in emit
    self.handleError(record)
  File "/usr/local/lib/python3.8/logging/__init__.py", line 1006, in handleError
    sys.stderr.write('--- Logging error ---\n')
  File "/home/airflow/.local/lib/python3.8/site-packages/airflow/utils/log/logging_mixin.py", line 200, in write
    self.flush()
  File "/home/airflow/.local/lib/python3.8/site-packages/airflow/utils/log/logging_mixin.py", line 207, in flush
    self._propagate_log(buf)
  File "/home/airflow/.local/lib/python3.8/site-packages/airflow/utils/log/logging_mixin.py", line 188, in _propagate_log
    self.logger.log(self.level, remove_escape_codes(message))
  File "/usr/local/lib/python3.8/logging/__init__.py", line 1512, in log
    self._log(level, msg, args, **kwargs)
  File "/usr/local/lib/python3.8/logging/__init__.py", line 1589, in _log
    self.handle(record)
  File "/usr/local/lib/python3.8/logging/__init__.py", line 1599, in handle
    self.callHandlers(record)
  File "/usr/local/lib/python3.8/logging/__init__.py", line 1661, in callHandlers
    hdlr.handle(record)
  File "/usr/local/lib/python3.8/logging/__init__.py", line 954, in handle
    self.emit(record)
  File "/home/airflow/.local/lib/python3.8/site-packages/airflow/utils/log/file_processor_handler.py", line 73, in emit
    self.handler.emit(record)
  File "/usr/local/lib/python3.8/logging/__init__.py", line 1187, in emit
    StreamHandler.emit(self, record)
  File "/usr/local/lib/python3.8/logging/__init__.py", line 1093, in emit
    self.handleError(record)
  File "/usr/local/lib/python3.8/logging/__init__.py", line 1006, in handleError
    sys.stderr.write('--- Logging error ---\n')
  File "/home/airflow/.local/lib/python3.8/site-packages/airflow/utils/log/logging_mixin.py", line 200, in write
    self.flush()
  File "/home/airflow/.local/lib/python3.8/site-packages/airflow/utils/log/logging_mixin.py", line 207, in flush
    self._propagate_log(buf)
  File "/home/airflow/.local/lib/python3.8/site-packages/airflow/utils/log/logging_mixin.py", line 188, in _propagate_log
    self.logger.log(self.level, remove_escape_codes(message))
  File "/usr/local/lib/python3.8/logging/__init__.py", line 1512, in log
    self._log(level, msg, args, **kwargs)
  File "/usr/local/lib/python3.8/logging/__init__.py", line 1589, in _log
    self.handle(record)
  File "/usr/local/lib/python3.8/logging/__init__.py", line 1599, in handle
    self.callHandlers(record)
  File "/usr/local/lib/python3.8/logging/__init__.py", line 1661, in callHandlers
    hdlr.handle(record)
  File "/usr/local/lib/python3.8/logging/__init__.py", line 954, in handle
    self.emit(record)
  File "/home/airflow/.local/lib/python3.8/site-packages/airflow/utils/log/file_processor_handler.py", line 73, in emit
    self.handler.emit(record)
  File "/usr/local/lib/python3.8/logging/__init__.py", line 1187, in emit
    StreamHandler.emit(self, record)
  File "/usr/local/lib/python3.8/logging/__init__.py", line 1093, in emit
    self.handleError(record)
  File "/usr/local/lib/python3.8/logging/__init__.py", line 1006, in handleError
    sys.stderr.write('--- Logging error ---\n')
  File "/home/airflow/.local/lib/python3.8/site-packages/airflow/utils/log/logging_mixin.py", line 200, in write
    self.flush()
  File "/home/airflow/.local/lib/python3.8/site-packages/airflow/utils/log/logging_mixin.py", line 207, in flush
    self._propagate_log(buf)
  File "/home/airflow/.local/lib/python3.8/site-packages/airflow/utils/log/logging_mixin.py", line 188, in _propagate_log
    self.logger.log(self.level, remove_escape_codes(message))
  File "/usr/local/lib/python3.8/logging/__init__.py", line 1512, in log
    self._log(level, msg, args, **kwargs)
  File "/usr/local/lib/python3.8/logging/__init__.py", line 1589, in _log
    self.handle(record)
  File "/usr/local/lib/python3.8/logging/__init__.py", line 1599, in handle
    self.callHandlers(record)
  File "/usr/local/lib/python3.8/logging/__init__.py", line 1661, in callHandlers
    hdlr.handle(record)
  File "/usr/local/lib/python3.8/logging/__init__.py", line 954, in handle
    self.emit(record)
  File "/home/airflow/.local/lib/python3.8/site-packages/airflow/utils/log/file_processor_handler.py", line 73, in emit
    self.handler.emit(record)
  File "/usr/local/lib/python3.8/logging/__init__.py", line 1187, in emit
    StreamHandler.emit(self, record)
  File "/usr/local/lib/python3.8/logging/__init__.py", line 1093, in emit
    self.handleError(record)
  File "/usr/local/lib/python3.8/logging/__init__.py", line 1006, in handleError
    sys.stderr.write('--- Logging error ---\n')
  File "/home/airflow/.local/lib/python3.8/site-packages/airflow/utils/log/logging_mixin.py", line 200, in write
    self.flush()
  File "/home/airflow/.local/lib/python3.8/site-packages/airflow/utils/log/logging_mixin.py", line 207, in flush
    self._propagate_log(buf)
  File "/home/airflow/.local/lib/python3.8/site-packages/airflow/utils/log/logging_mixin.py", line 188, in _propagate_log
    self.logger.log(self.level, remove_escape_codes(message))
  File "/usr/local/lib/python3.8/logging/__init__.py", line 1512, in log
    self._log(level, msg, args, **kwargs)
  File "/usr/local/lib/python3.8/logging/__init__.py", line 1589, in _log
    self.handle(record)
  File "/usr/local/lib/python3.8/logging/__init__.py", line 1599, in handle
    self.callHandlers(record)
  File "/usr/local/lib/python3.8/logging/__init__.py", line 1661, in callHandlers
    hdlr.handle(record)
  File "/usr/local/lib/python3.8/logging/__init__.py", line 954, in handle
    self.emit(record)
  File "/home/airflow/.local/lib/python3.8/site-packages/airflow/utils/log/file_processor_handler.py", line 73, in emit
    self.handler.emit(record)
  File "/usr/local/lib/python3.8/logging/__init__.py", line 1187, in emit
    StreamHandler.emit(self, record)
  File "/usr/local/lib/python3.8/logging/__init__.py", line 1093, in emit
    self.handleError(record)
  File "/usr/local/lib/python3.8/logging/__init__.py", line 1006, in handleError
    sys.stderr.write('--- Logging error ---\n')
  File "/home/airflow/.local/lib/python3.8/site-packages/airflow/utils/log/logging_mixin.py", line 200, in write
    self.flush()
  File "/home/airflow/.local/lib/python3.8/site-packages/airflow/utils/log/logging_mixin.py", line 207, in flush
    self._propagate_log(buf)
  File "/home/airflow/.local/lib/python3.8/site-packages/airflow/utils/log/logging_mixin.py", line 188, in _propagate_log
    self.logger.log(self.level, remove_escape_codes(message))
  File "/usr/local/lib/python3.8/logging/__init__.py", line 1512, in log
    self._log(level, msg, args, **kwargs)
  File "/usr/local/lib/python3.8/logging/__init__.py", line 1589, in _log
    self.handle(record)
  File "/usr/local/lib/python3.8/logging/__init__.py", line 1599, in handle
    self.callHandlers(record)
  File "/usr/local/lib/python3.8/logging/__init__.py", line 1661, in callHandlers
    hdlr.handle(record)
  File "/usr/local/lib/python3.8/logging/__init__.py", line 954, in handle
    self.emit(record)
  File "/home/airflow/.local/lib/python3.8/site-packages/airflow/utils/log/file_processor_handler.py", line 73, in emit
    self.handler.emit(record)
  File "/usr/local/lib/python3.8/logging/__init__.py", line 1187, in emit
    StreamHandler.emit(self, record)
  File "/usr/local/lib/python3.8/logging/__init__.py", line 1093, in emit
    self.handleError(record)
  File "/usr/local/lib/python3.8/logging/__init__.py", line 1006, in handleError
    sys.stderr.write('--- Logging error ---\n')
  File "/home/airflow/.local/lib/python3.8/site-packages/airflow/utils/log/logging_mixin.py", line 200, in write
    self.flush()
  File "/home/airflow/.local/lib/python3.8/site-packages/airflow/utils/log/logging_mixin.py", line 207, in flush
    self._propagate_log(buf)
  File "/home/airflow/.local/lib/python3.8/site-packages/airflow/utils/log/logging_mixin.py", line 188, in _propagate_log
    self.logger.log(self.level, remove_escape_codes(message))
  File "/usr/local/lib/python3.8/logging/__init__.py", line 1512, in log
    self._log(level, msg, args, **kwargs)
  File "/usr/local/lib/python3.8/logging/__init__.py", line 1589, in _log
    self.handle(record)
  File "/usr/local/lib/python3.8/logging/__init__.py", line 1599, in handle
    self.callHandlers(record)
  File "/usr/local/lib/python3.8/logging/__init__.py", line 1661, in callHandlers
    hdlr.handle(record)
  File "/usr/local/lib/python3.8/logging/__init__.py", line 954, in handle
    self.emit(record)
  File "/home/airflow/.local/lib/python3.8/site-packages/airflow/utils/log/file_processor_handler.py", line 73, in emit
    self.handler.emit(record)
  File "/usr/local/lib/python3.8/logging/__init__.py", line 1187, in emit
    StreamHandler.emit(self, record)
  File "/usr/local/lib/python3.8/logging/__init__.py", line 1093, in emit
    self.handleError(record)
  File "/usr/local/lib/python3.8/logging/__init__.py", line 1006, in handleError
    sys.stderr.write('--- Logging error ---\n')
  File "/home/airflow/.local/lib/python3.8/site-packages/airflow/utils/log/logging_mixin.py", line 200, in write
    self.flush()
  File "/home/airflow/.local/lib/python3.8/site-packages/airflow/utils/log/logging_mixin.py", line 207, in flush
    self._propagate_log(buf)
  File "/home/airflow/.local/lib/python3.8/site-packages/airflow/utils/log/logging_mixin.py", line 188, in _propagate_log
    self.logger.log(self.level, remove_escape_codes(message))
  File "/usr/local/lib/python3.8/logging/__init__.py", line 1512, in log
    self._log(level, msg, args, **kwargs)
  File "/usr/local/lib/python3.8/logging/__init__.py", line 1589, in _log
    self.handle(record)
  File "/usr/local/lib/python3.8/logging/__init__.py", line 1599, in handle
    self.callHandlers(record)
  File "/usr/local/lib/python3.8/logging/__init__.py", line 1661, in callHandlers
    hdlr.handle(record)
  File "/usr/local/lib/python3.8/logging/__init__.py", line 954, in handle
    self.emit(record)
  File "/home/airflow/.local/lib/python3.8/site-packages/airflow/utils/log/file_processor_handler.py", line 73, in emit
    self.handler.emit(record)
  File "/usr/local/lib/python3.8/logging/__init__.py", line 1187, in emit
    StreamHandler.emit(self, record)
  File "/usr/local/lib/python3.8/logging/__init__.py", line 1093, in emit
    self.handleError(record)
  File "/usr/local/lib/python3.8/logging/__init__.py", line 1006, in handleError
    sys.stderr.write('--- Logging error ---\n')
  File "/home/airflow/.local/lib/python3.8/site-packages/airflow/utils/log/logging_mixin.py", line 200, in write
    self.flush()
  File "/home/airflow/.local/lib/python3.8/site-packages/airflow/utils/log/logging_mixin.py", line 207, in flush
    self._propagate_log(buf)
  File "/home/airflow/.local/lib/python3.8/site-packages/airflow/utils/log/logging_mixin.py", line 188, in _propagate_log
    self.logger.log(self.level, remove_escape_codes(message))
  File "/usr/local/lib/python3.8/logging/__init__.py", line 1512, in log
    self._log(level, msg, args, **kwargs)
  File "/usr/local/lib/python3.8/logging/__init__.py", line 1589, in _log
    self.handle(record)
  File "/usr/local/lib/python3.8/logging/__init__.py", line 1599, in handle
    self.callHandlers(record)
  File "/usr/local/lib/python3.8/logging/__init__.py", line 1661, in callHandlers
    hdlr.handle(record)
  File "/usr/local/lib/python3.8/logging/__init__.py", line 954, in handle
    self.emit(record)
  File "/home/airflow/.local/lib/python3.8/site-packages/airflow/utils/log/file_processor_handler.py", line 73, in emit
    self.handler.emit(record)
  File "/usr/local/lib/python3.8/logging/__init__.py", line 1187, in emit
    StreamHandler.emit(self, record)
  File "/usr/local/lib/python3.8/logging/__init__.py", line 1093, in emit
    self.handleError(record)
  File "/usr/local/lib/python3.8/logging/__init__.py", line 1006, in handleError
    sys.stderr.write('--- Logging error ---\n')
  File "/home/airflow/.local/lib/python3.8/site-packages/airflow/utils/log/logging_mixin.py", line 200, in write
    self.flush()
  File "/home/airflow/.local/lib/python3.8/site-packages/airflow/utils/log/logging_mixin.py", line 207, in flush
    self._propagate_log(buf)
  File "/home/airflow/.local/lib/python3.8/site-packages/airflow/utils/log/logging_mixin.py", line 188, in _propagate_log
    self.logger.log(self.level, remove_escape_codes(message))
  File "/usr/local/lib/python3.8/logging/__init__.py", line 1512, in log
    self._log(level, msg, args, **kwargs)
  File "/usr/local/lib/python3.8/logging/__init__.py", line 1589, in _log
    self.handle(record)
  File "/usr/local/lib/python3.8/logging/__init__.py", line 1599, in handle
    self.callHandlers(record)
  File "/usr/local/lib/python3.8/logging/__init__.py", line 1661, in callHandlers
    hdlr.handle(record)
  File "/usr/local/lib/python3.8/logging/__init__.py", line 954, in handle
    self.emit(record)
  File "/home/airflow/.local/lib/python3.8/site-packages/airflow/utils/log/file_processor_handler.py", line 73, in emit
    self.handler.emit(record)
  File "/usr/local/lib/python3.8/logging/__init__.py", line 1187, in emit
    StreamHandler.emit(self, record)
  File "/usr/local/lib/python3.8/logging/__init__.py", line 1093, in emit
    self.handleError(record)
  File "/usr/local/lib/python3.8/logging/__init__.py", line 1006, in handleError
    sys.stderr.write('--- Logging error ---\n')
  File "/home/airflow/.local/lib/python3.8/site-packages/airflow/utils/log/logging_mixin.py", line 200, in write
    self.flush()
  File "/home/airflow/.local/lib/python3.8/site-packages/airflow/utils/log/logging_mixin.py", line 207, in flush
    self._propagate_log(buf)
  File "/home/airflow/.local/lib/python3.8/site-packages/airflow/utils/log/logging_mixin.py", line 188, in _propagate_log
    self.logger.log(self.level, remove_escape_codes(message))
  File "/usr/local/lib/python3.8/logging/__init__.py", line 1512, in log
    self._log(level, msg, args, **kwargs)
  File "/usr/local/lib/python3.8/logging/__init__.py", line 1589, in _log
    self.handle(record)
  File "/usr/local/lib/python3.8/logging/__init__.py", line 1599, in handle
    self.callHandlers(record)
  File "/usr/local/lib/python3.8/logging/__init__.py", line 1661, in callHandlers
    hdlr.handle(record)
  File "/usr/local/lib/python3.8/logging/__init__.py", line 954, in handle
    self.emit(record)
  File "/home/airflow/.local/lib/python3.8/site-packages/airflow/utils/log/file_processor_handler.py", line 73, in emit
    self.handler.emit(record)
  File "/usr/local/lib/python3.8/logging/__init__.py", line 1187, in emit
    StreamHandler.emit(self, record)
  File "/usr/local/lib/python3.8/logging/__init__.py", line 1093, in emit
    self.handleError(record)
  File "/usr/local/lib/python3.8/logging/__init__.py", line 1006, in handleError
    sys.stderr.write('--- Logging error ---\n')
  File "/home/airflow/.local/lib/python3.8/site-packages/airflow/utils/log/logging_mixin.py", line 200, in write
    self.flush()
  File "/home/airflow/.local/lib/python3.8/site-packages/airflow/utils/log/logging_mixin.py", line 207, in flush
    self._propagate_log(buf)
  File "/home/airflow/.local/lib/python3.8/site-packages/airflow/utils/log/logging_mixin.py", line 188, in _propagate_log
    self.logger.log(self.level, remove_escape_codes(message))
  File "/usr/local/lib/python3.8/logging/__init__.py", line 1512, in log
    self._log(level, msg, args, **kwargs)
  File "/usr/local/lib/python3.8/logging/__init__.py", line 1589, in _log
    self.handle(record)
  File "/usr/local/lib/python3.8/logging/__init__.py", line 1599, in handle
    self.callHandlers(record)
  File "/usr/local/lib/python3.8/logging/__init__.py", line 1661, in callHandlers
    hdlr.handle(record)
  File "/usr/local/lib/python3.8/logging/__init__.py", line 954, in handle
    self.emit(record)
  File "/home/airflow/.local/lib/python3.8/site-packages/airflow/utils/log/file_processor_handler.py", line 73, in emit
    self.handler.emit(record)
  File "/usr/local/lib/python3.8/logging/__init__.py", line 1187, in emit
    StreamHandler.emit(self, record)
  File "/usr/local/lib/python3.8/logging/__init__.py", line 1093, in emit
    self.handleError(record)
  File "/usr/local/lib/python3.8/logging/__init__.py", line 1006, in handleError
    sys.stderr.write('--- Logging error ---\n')
  File "/home/airflow/.local/lib/python3.8/site-packages/airflow/utils/log/logging_mixin.py", line 200, in write
    self.flush()
  File "/home/airflow/.local/lib/python3.8/site-packages/airflow/utils/log/logging_mixin.py", line 207, in flush
    self._propagate_log(buf)
  File "/home/airflow/.local/lib/python3.8/site-packages/airflow/utils/log/logging_mixin.py", line 188, in _propagate_log
    self.logger.log(self.level, remove_escape_codes(message))
  File "/usr/local/lib/python3.8/logging/__init__.py", line 1512, in log
    self._log(level, msg, args, **kwargs)
  File "/usr/local/lib/python3.8/logging/__init__.py", line 1589, in _log
    self.handle(record)
  File "/usr/local/lib/python3.8/logging/__init__.py", line 1599, in handle
    self.callHandlers(record)
  File "/usr/local/lib/python3.8/logging/__init__.py", line 1661, in callHandlers
    hdlr.handle(record)
  File "/usr/local/lib/python3.8/logging/__init__.py", line 954, in handle
    self.emit(record)
  File "/home/airflow/.local/lib/python3.8/site-packages/airflow/utils/log/file_processor_handler.py", line 73, in emit
    self.handler.emit(record)
  File "/usr/local/lib/python3.8/logging/__init__.py", line 1187, in emit
    StreamHandler.emit(self, record)
  File "/usr/local/lib/python3.8/logging/__init__.py", line 1093, in emit
    self.handleError(record)
  File "/usr/local/lib/python3.8/logging/__init__.py", line 1006, in handleError
    sys.stderr.write('--- Logging error ---\n')
  File "/home/airflow/.local/lib/python3.8/site-packages/airflow/utils/log/logging_mixin.py", line 200, in write
    self.flush()
  File "/home/airflow/.local/lib/python3.8/site-packages/airflow/utils/log/logging_mixin.py", line 207, in flush
    self._propagate_log(buf)
  File "/home/airflow/.local/lib/python3.8/site-packages/airflow/utils/log/logging_mixin.py", line 188, in _propagate_log
    self.logger.log(self.level, remove_escape_codes(message))
  File "/usr/local/lib/python3.8/logging/__init__.py", line 1512, in log
    self._log(level, msg, args, **kwargs)
  File "/usr/local/lib/python3.8/logging/__init__.py", line 1589, in _log
    self.handle(record)
  File "/usr/local/lib/python3.8/logging/__init__.py", line 1599, in handle
    self.callHandlers(record)
  File "/usr/local/lib/python3.8/logging/__init__.py", line 1661, in callHandlers
    hdlr.handle(record)
  File "/usr/local/lib/python3.8/logging/__init__.py", line 954, in handle
    self.emit(record)
  File "/home/airflow/.local/lib/python3.8/site-packages/airflow/utils/log/file_processor_handler.py", line 73, in emit
    self.handler.emit(record)
  File "/usr/local/lib/python3.8/logging/__init__.py", line 1187, in emit
    StreamHandler.emit(self, record)
  File "/usr/local/lib/python3.8/logging/__init__.py", line 1093, in emit
    self.handleError(record)
  File "/usr/local/lib/python3.8/logging/__init__.py", line 1006, in handleError
    sys.stderr.write('--- Logging error ---\n')
  File "/home/airflow/.local/lib/python3.8/site-packages/airflow/utils/log/logging_mixin.py", line 200, in write
    self.flush()
  File "/home/airflow/.local/lib/python3.8/site-packages/airflow/utils/log/logging_mixin.py", line 207, in flush
    self._propagate_log(buf)
  File "/home/airflow/.local/lib/python3.8/site-packages/airflow/utils/log/logging_mixin.py", line 188, in _propagate_log
    self.logger.log(self.level, remove_escape_codes(message))
  File "/usr/local/lib/python3.8/logging/__init__.py", line 1512, in log
    self._log(level, msg, args, **kwargs)
  File "/usr/local/lib/python3.8/logging/__init__.py", line 1589, in _log
    self.handle(record)
  File "/usr/local/lib/python3.8/logging/__init__.py", line 1599, in handle
    self.callHandlers(record)
  File "/usr/local/lib/python3.8/logging/__init__.py", line 1661, in callHandlers
    hdlr.handle(record)
  File "/usr/local/lib/python3.8/logging/__init__.py", line 954, in handle
    self.emit(record)
  File "/home/airflow/.local/lib/python3.8/site-packages/airflow/utils/log/file_processor_handler.py", line 73, in emit
    self.handler.emit(record)
  File "/usr/local/lib/python3.8/logging/__init__.py", line 1187, in emit
    StreamHandler.emit(self, record)
  File "/usr/local/lib/python3.8/logging/__init__.py", line 1093, in emit
    self.handleError(record)
  File "/usr/local/lib/python3.8/logging/__init__.py", line 1006, in handleError
    sys.stderr.write('--- Logging error ---\n')
  File "/home/airflow/.local/lib/python3.8/site-packages/airflow/utils/log/logging_mixin.py", line 200, in write
    self.flush()
  File "/home/airflow/.local/lib/python3.8/site-packages/airflow/utils/log/logging_mixin.py", line 207, in flush
    self._propagate_log(buf)
  File "/home/airflow/.local/lib/python3.8/site-packages/airflow/utils/log/logging_mixin.py", line 188, in _propagate_log
    self.logger.log(self.level, remove_escape_codes(message))
  File "/usr/local/lib/python3.8/logging/__init__.py", line 1512, in log
    self._log(level, msg, args, **kwargs)
  File "/usr/local/lib/python3.8/logging/__init__.py", line 1589, in _log
    self.handle(record)
  File "/usr/local/lib/python3.8/logging/__init__.py", line 1599, in handle
    self.callHandlers(record)
  File "/usr/local/lib/python3.8/logging/__init__.py", line 1661, in callHandlers
    hdlr.handle(record)
  File "/usr/local/lib/python3.8/logging/__init__.py", line 954, in handle
    self.emit(record)
  File "/home/airflow/.local/lib/python3.8/site-packages/airflow/utils/log/file_processor_handler.py", line 73, in emit
    self.handler.emit(record)
  File "/usr/local/lib/python3.8/logging/__init__.py", line 1187, in emit
    StreamHandler.emit(self, record)
  File "/usr/local/lib/python3.8/logging/__init__.py", line 1093, in emit
    self.handleError(record)
  File "/usr/local/lib/python3.8/logging/__init__.py", line 1006, in handleError
    sys.stderr.write('--- Logging error ---\n')
  File "/home/airflow/.local/lib/python3.8/site-packages/airflow/utils/log/logging_mixin.py", line 200, in write
    self.flush()
  File "/home/airflow/.local/lib/python3.8/site-packages/airflow/utils/log/logging_mixin.py", line 207, in flush
    self._propagate_log(buf)
  File "/home/airflow/.local/lib/python3.8/site-packages/airflow/utils/log/logging_mixin.py", line 188, in _propagate_log
    self.logger.log(self.level, remove_escape_codes(message))
  File "/usr/local/lib/python3.8/logging/__init__.py", line 1512, in log
    self._log(level, msg, args, **kwargs)
  File "/usr/local/lib/python3.8/logging/__init__.py", line 1589, in _log
    self.handle(record)
  File "/usr/local/lib/python3.8/logging/__init__.py", line 1599, in handle
    self.callHandlers(record)
  File "/usr/local/lib/python3.8/logging/__init__.py", line 1661, in callHandlers
    hdlr.handle(record)
  File "/usr/local/lib/python3.8/logging/__init__.py", line 954, in handle
    self.emit(record)
  File "/home/airflow/.local/lib/python3.8/site-packages/airflow/utils/log/file_processor_handler.py", line 73, in emit
    self.handler.emit(record)
  File "/usr/local/lib/python3.8/logging/__init__.py", line 1187, in emit
    StreamHandler.emit(self, record)
  File "/usr/local/lib/python3.8/logging/__init__.py", line 1093, in emit
    self.handleError(record)
  File "/usr/local/lib/python3.8/logging/__init__.py", line 1006, in handleError
    sys.stderr.write('--- Logging error ---\n')
  File "/home/airflow/.local/lib/python3.8/site-packages/airflow/utils/log/logging_mixin.py", line 200, in write
    self.flush()
  File "/home/airflow/.local/lib/python3.8/site-packages/airflow/utils/log/logging_mixin.py", line 207, in flush
    self._propagate_log(buf)
  File "/home/airflow/.local/lib/python3.8/site-packages/airflow/utils/log/logging_mixin.py", line 188, in _propagate_log
    self.logger.log(self.level, remove_escape_codes(message))
  File "/usr/local/lib/python3.8/logging/__init__.py", line 1512, in log
    self._log(level, msg, args, **kwargs)
  File "/usr/local/lib/python3.8/logging/__init__.py", line 1589, in _log
    self.handle(record)
  File "/usr/local/lib/python3.8/logging/__init__.py", line 1599, in handle
    self.callHandlers(record)
  File "/usr/local/lib/python3.8/logging/__init__.py", line 1661, in callHandlers
    hdlr.handle(record)
  File "/usr/local/lib/python3.8/logging/__init__.py", line 954, in handle
    self.emit(record)
  File "/home/airflow/.local/lib/python3.8/site-packages/airflow/utils/log/file_processor_handler.py", line 73, in emit
    self.handler.emit(record)
  File "/usr/local/lib/python3.8/logging/__init__.py", line 1187, in emit
    StreamHandler.emit(self, record)
  File "/usr/local/lib/python3.8/logging/__init__.py", line 1093, in emit
    self.handleError(record)
  File "/usr/local/lib/python3.8/logging/__init__.py", line 1006, in handleError
    sys.stderr.write('--- Logging error ---\n')
  File "/home/airflow/.local/lib/python3.8/site-packages/airflow/utils/log/logging_mixin.py", line 200, in write
    self.flush()
  File "/home/airflow/.local/lib/python3.8/site-packages/airflow/utils/log/logging_mixin.py", line 207, in flush
    self._propagate_log(buf)
  File "/home/airflow/.local/lib/python3.8/site-packages/airflow/utils/log/logging_mixin.py", line 188, in _propagate_log
    self.logger.log(self.level, remove_escape_codes(message))
  File "/usr/local/lib/python3.8/logging/__init__.py", line 1512, in log
    self._log(level, msg, args, **kwargs)
  File "/usr/local/lib/python3.8/logging/__init__.py", line 1589, in _log
    self.handle(record)
  File "/usr/local/lib/python3.8/logging/__init__.py", line 1599, in handle
    self.callHandlers(record)
  File "/usr/local/lib/python3.8/logging/__init__.py", line 1661, in callHandlers
    hdlr.handle(record)
  File "/usr/local/lib/python3.8/logging/__init__.py", line 954, in handle
    self.emit(record)
  File "/home/airflow/.local/lib/python3.8/site-packages/airflow/utils/log/file_processor_handler.py", line 73, in emit
    self.handler.emit(record)
  File "/usr/local/lib/python3.8/logging/__init__.py", line 1187, in emit
    StreamHandler.emit(self, record)
  File "/usr/local/lib/python3.8/logging/__init__.py", line 1093, in emit
    self.handleError(record)
  File "/usr/local/lib/python3.8/logging/__init__.py", line 1006, in handleError
    sys.stderr.write('--- Logging error ---\n')
  File "/home/airflow/.local/lib/python3.8/site-packages/airflow/utils/log/logging_mixin.py", line 200, in write
    self.flush()
  File "/home/airflow/.local/lib/python3.8/site-packages/airflow/utils/log/logging_mixin.py", line 207, in flush
    self._propagate_log(buf)
  File "/home/airflow/.local/lib/python3.8/site-packages/airflow/utils/log/logging_mixin.py", line 188, in _propagate_log
    self.logger.log(self.level, remove_escape_codes(message))
  File "/usr/local/lib/python3.8/logging/__init__.py", line 1512, in log
    self._log(level, msg, args, **kwargs)
  File "/usr/local/lib/python3.8/logging/__init__.py", line 1589, in _log
    self.handle(record)
  File "/usr/local/lib/python3.8/logging/__init__.py", line 1599, in handle
    self.callHandlers(record)
  File "/usr/local/lib/python3.8/logging/__init__.py", line 1661, in callHandlers
    hdlr.handle(record)
  File "/usr/local/lib/python3.8/logging/__init__.py", line 954, in handle
    self.emit(record)
  File "/home/airflow/.local/lib/python3.8/site-packages/airflow/utils/log/file_processor_handler.py", line 73, in emit
    self.handler.emit(record)
  File "/usr/local/lib/python3.8/logging/__init__.py", line 1187, in emit
    StreamHandler.emit(self, record)
  File "/usr/local/lib/python3.8/logging/__init__.py", line 1093, in emit
    self.handleError(record)
  File "/usr/local/lib/python3.8/logging/__init__.py", line 1006, in handleError
    sys.stderr.write('--- Logging error ---\n')
  File "/home/airflow/.local/lib/python3.8/site-packages/airflow/utils/log/logging_mixin.py", line 200, in write
    self.flush()
  File "/home/airflow/.local/lib/python3.8/site-packages/airflow/utils/log/logging_mixin.py", line 207, in flush
    self._propagate_log(buf)
  File "/home/airflow/.local/lib/python3.8/site-packages/airflow/utils/log/logging_mixin.py", line 188, in _propagate_log
    self.logger.log(self.level, remove_escape_codes(message))
  File "/usr/local/lib/python3.8/logging/__init__.py", line 1512, in log
    self._log(level, msg, args, **kwargs)
  File "/usr/local/lib/python3.8/logging/__init__.py", line 1589, in _log
    self.handle(record)
  File "/usr/local/lib/python3.8/logging/__init__.py", line 1599, in handle
    self.callHandlers(record)
  File "/usr/local/lib/python3.8/logging/__init__.py", line 1661, in callHandlers
    hdlr.handle(record)
  File "/usr/local/lib/python3.8/logging/__init__.py", line 954, in handle
    self.emit(record)
  File "/home/airflow/.local/lib/python3.8/site-packages/airflow/utils/log/file_processor_handler.py", line 73, in emit
    self.handler.emit(record)
  File "/usr/local/lib/python3.8/logging/__init__.py", line 1187, in emit
    StreamHandler.emit(self, record)
  File "/usr/local/lib/python3.8/logging/__init__.py", line 1093, in emit
    self.handleError(record)
  File "/usr/local/lib/python3.8/logging/__init__.py", line 1006, in handleError
    sys.stderr.write('--- Logging error ---\n')
  File "/home/airflow/.local/lib/python3.8/site-packages/airflow/utils/log/logging_mixin.py", line 200, in write
    self.flush()
  File "/home/airflow/.local/lib/python3.8/site-packages/airflow/utils/log/logging_mixin.py", line 207, in flush
    self._propagate_log(buf)
  File "/home/airflow/.local/lib/python3.8/site-packages/airflow/utils/log/logging_mixin.py", line 188, in _propagate_log
    self.logger.log(self.level, remove_escape_codes(message))
  File "/usr/local/lib/python3.8/logging/__init__.py", line 1512, in log
    self._log(level, msg, args, **kwargs)
  File "/usr/local/lib/python3.8/logging/__init__.py", line 1589, in _log
    self.handle(record)
  File "/usr/local/lib/python3.8/logging/__init__.py", line 1599, in handle
    self.callHandlers(record)
  File "/usr/local/lib/python3.8/logging/__init__.py", line 1661, in callHandlers
    hdlr.handle(record)
  File "/usr/local/lib/python3.8/logging/__init__.py", line 954, in handle
    self.emit(record)
  File "/home/airflow/.local/lib/python3.8/site-packages/airflow/utils/log/file_processor_handler.py", line 73, in emit
    self.handler.emit(record)
  File "/usr/local/lib/python3.8/logging/__init__.py", line 1187, in emit
    StreamHandler.emit(self, record)
  File "/usr/local/lib/python3.8/logging/__init__.py", line 1093, in emit
    self.handleError(record)
  File "/usr/local/lib/python3.8/logging/__init__.py", line 1006, in handleError
    sys.stderr.write('--- Logging error ---\n')
  File "/home/airflow/.local/lib/python3.8/site-packages/airflow/utils/log/logging_mixin.py", line 200, in write
    self.flush()
  File "/home/airflow/.local/lib/python3.8/site-packages/airflow/utils/log/logging_mixin.py", line 207, in flush
    self._propagate_log(buf)
  File "/home/airflow/.local/lib/python3.8/site-packages/airflow/utils/log/logging_mixin.py", line 188, in _propagate_log
    self.logger.log(self.level, remove_escape_codes(message))
  File "/usr/local/lib/python3.8/logging/__init__.py", line 1512, in log
    self._log(level, msg, args, **kwargs)
  File "/usr/local/lib/python3.8/logging/__init__.py", line 1589, in _log
    self.handle(record)
  File "/usr/local/lib/python3.8/logging/__init__.py", line 1599, in handle
    self.callHandlers(record)
  File "/usr/local/lib/python3.8/logging/__init__.py", line 1661, in callHandlers
    hdlr.handle(record)
  File "/usr/local/lib/python3.8/logging/__init__.py", line 954, in handle
    self.emit(record)
  File "/home/airflow/.local/lib/python3.8/site-packages/airflow/utils/log/file_processor_handler.py", line 73, in emit
    self.handler.emit(record)
  File "/usr/local/lib/python3.8/logging/__init__.py", line 1187, in emit
    StreamHandler.emit(self, record)
  File "/usr/local/lib/python3.8/logging/__init__.py", line 1093, in emit
    self.handleError(record)
  File "/usr/local/lib/python3.8/logging/__init__.py", line 1006, in handleError
    sys.stderr.write('--- Logging error ---\n')
  File "/home/airflow/.local/lib/python3.8/site-packages/airflow/utils/log/logging_mixin.py", line 200, in write
    self.flush()
  File "/home/airflow/.local/lib/python3.8/site-packages/airflow/utils/log/logging_mixin.py", line 207, in flush
    self._propagate_log(buf)
  File "/home/airflow/.local/lib/python3.8/site-packages/airflow/utils/log/logging_mixin.py", line 188, in _propagate_log
    self.logger.log(self.level, remove_escape_codes(message))
  File "/usr/local/lib/python3.8/logging/__init__.py", line 1512, in log
    self._log(level, msg, args, **kwargs)
  File "/usr/local/lib/python3.8/logging/__init__.py", line 1589, in _log
    self.handle(record)
  File "/usr/local/lib/python3.8/logging/__init__.py", line 1599, in handle
    self.callHandlers(record)
  File "/usr/local/lib/python3.8/logging/__init__.py", line 1661, in callHandlers
    hdlr.handle(record)
  File "/usr/local/lib/python3.8/logging/__init__.py", line 954, in handle
    self.emit(record)
  File "/home/airflow/.local/lib/python3.8/site-packages/airflow/utils/log/file_processor_handler.py", line 73, in emit
    self.handler.emit(record)
  File "/usr/local/lib/python3.8/logging/__init__.py", line 1187, in emit
    StreamHandler.emit(self, record)
  File "/usr/local/lib/python3.8/logging/__init__.py", line 1093, in emit
    self.handleError(record)
  File "/usr/local/lib/python3.8/logging/__init__.py", line 1006, in handleError
    sys.stderr.write('--- Logging error ---\n')
  File "/home/airflow/.local/lib/python3.8/site-packages/airflow/utils/log/logging_mixin.py", line 200, in write
    self.flush()
  File "/home/airflow/.local/lib/python3.8/site-packages/airflow/utils/log/logging_mixin.py", line 207, in flush
    self._propagate_log(buf)
  File "/home/airflow/.local/lib/python3.8/site-packages/airflow/utils/log/logging_mixin.py", line 188, in _propagate_log
    self.logger.log(self.level, remove_escape_codes(message))
  File "/usr/local/lib/python3.8/logging/__init__.py", line 1512, in log
    self._log(level, msg, args, **kwargs)
  File "/usr/local/lib/python3.8/logging/__init__.py", line 1589, in _log
    self.handle(record)
  File "/usr/local/lib/python3.8/logging/__init__.py", line 1599, in handle
    self.callHandlers(record)
  File "/usr/local/lib/python3.8/logging/__init__.py", line 1661, in callHandlers
    hdlr.handle(record)
  File "/usr/local/lib/python3.8/logging/__init__.py", line 954, in handle
    self.emit(record)
  File "/home/airflow/.local/lib/python3.8/site-packages/airflow/utils/log/file_processor_handler.py", line 73, in emit
    self.handler.emit(record)
  File "/usr/local/lib/python3.8/logging/__init__.py", line 1187, in emit
    StreamHandler.emit(self, record)
  File "/usr/local/lib/python3.8/logging/__init__.py", line 1093, in emit
    self.handleError(record)
  File "/usr/local/lib/python3.8/logging/__init__.py", line 1006, in handleError
    sys.stderr.write('--- Logging error ---\n')
  File "/home/airflow/.local/lib/python3.8/site-packages/airflow/utils/log/logging_mixin.py", line 200, in write
    self.flush()
  File "/home/airflow/.local/lib/python3.8/site-packages/airflow/utils/log/logging_mixin.py", line 207, in flush
    self._propagate_log(buf)
  File "/home/airflow/.local/lib/python3.8/site-packages/airflow/utils/log/logging_mixin.py", line 188, in _propagate_log
    self.logger.log(self.level, remove_escape_codes(message))
  File "/usr/local/lib/python3.8/logging/__init__.py", line 1512, in log
    self._log(level, msg, args, **kwargs)
  File "/usr/local/lib/python3.8/logging/__init__.py", line 1589, in _log
    self.handle(record)
  File "/usr/local/lib/python3.8/logging/__init__.py", line 1599, in handle
    self.callHandlers(record)
  File "/usr/local/lib/python3.8/logging/__init__.py", line 1661, in callHandlers
    hdlr.handle(record)
  File "/usr/local/lib/python3.8/logging/__init__.py", line 954, in handle
    self.emit(record)
  File "/home/airflow/.local/lib/python3.8/site-packages/airflow/utils/log/file_processor_handler.py", line 73, in emit
    self.handler.emit(record)
  File "/usr/local/lib/python3.8/logging/__init__.py", line 1187, in emit
    StreamHandler.emit(self, record)
  File "/usr/local/lib/python3.8/logging/__init__.py", line 1093, in emit
    self.handleError(record)
  File "/usr/local/lib/python3.8/logging/__init__.py", line 1006, in handleError
    sys.stderr.write('--- Logging error ---\n')
  File "/home/airflow/.local/lib/python3.8/site-packages/airflow/utils/log/logging_mixin.py", line 200, in write
    self.flush()
  File "/home/airflow/.local/lib/python3.8/site-packages/airflow/utils/log/logging_mixin.py", line 207, in flush
    self._propagate_log(buf)
  File "/home/airflow/.local/lib/python3.8/site-packages/airflow/utils/log/logging_mixin.py", line 188, in _propagate_log
    self.logger.log(self.level, remove_escape_codes(message))
  File "/usr/local/lib/python3.8/logging/__init__.py", line 1512, in log
    self._log(level, msg, args, **kwargs)
  File "/usr/local/lib/python3.8/logging/__init__.py", line 1589, in _log
    self.handle(record)
  File "/usr/local/lib/python3.8/logging/__init__.py", line 1599, in handle
    self.callHandlers(record)
  File "/usr/local/lib/python3.8/logging/__init__.py", line 1661, in callHandlers
    hdlr.handle(record)
  File "/usr/local/lib/python3.8/logging/__init__.py", line 954, in handle
    self.emit(record)
  File "/home/airflow/.local/lib/python3.8/site-packages/airflow/utils/log/file_processor_handler.py", line 73, in emit
    self.handler.emit(record)
  File "/usr/local/lib/python3.8/logging/__init__.py", line 1187, in emit
    StreamHandler.emit(self, record)
  File "/usr/local/lib/python3.8/logging/__init__.py", line 1093, in emit
    self.handleError(record)
  File "/usr/local/lib/python3.8/logging/__init__.py", line 1006, in handleError
    sys.stderr.write('--- Logging error ---\n')
  File "/home/airflow/.local/lib/python3.8/site-packages/airflow/utils/log/logging_mixin.py", line 200, in write
    self.flush()
  File "/home/airflow/.local/lib/python3.8/site-packages/airflow/utils/log/logging_mixin.py", line 207, in flush
    self._propagate_log(buf)
  File "/home/airflow/.local/lib/python3.8/site-packages/airflow/utils/log/logging_mixin.py", line 188, in _propagate_log
    self.logger.log(self.level, remove_escape_codes(message))
  File "/usr/local/lib/python3.8/logging/__init__.py", line 1512, in log
    self._log(level, msg, args, **kwargs)
  File "/usr/local/lib/python3.8/logging/__init__.py", line 1589, in _log
    self.handle(record)
  File "/usr/local/lib/python3.8/logging/__init__.py", line 1599, in handle
    self.callHandlers(record)
  File "/usr/local/lib/python3.8/logging/__init__.py", line 1661, in callHandlers
    hdlr.handle(record)
  File "/usr/local/lib/python3.8/logging/__init__.py", line 954, in handle
    self.emit(record)
  File "/home/airflow/.local/lib/python3.8/site-packages/airflow/utils/log/file_processor_handler.py", line 73, in emit
    self.handler.emit(record)
  File "/usr/local/lib/python3.8/logging/__init__.py", line 1187, in emit
    StreamHandler.emit(self, record)
  File "/usr/local/lib/python3.8/logging/__init__.py", line 1093, in emit
    self.handleError(record)
  File "/usr/local/lib/python3.8/logging/__init__.py", line 1006, in handleError
    sys.stderr.write('--- Logging error ---\n')
  File "/home/airflow/.local/lib/python3.8/site-packages/airflow/utils/log/logging_mixin.py", line 200, in write
    self.flush()
  File "/home/airflow/.local/lib/python3.8/site-packages/airflow/utils/log/logging_mixin.py", line 207, in flush
    self._propagate_log(buf)
  File "/home/airflow/.local/lib/python3.8/site-packages/airflow/utils/log/logging_mixin.py", line 188, in _propagate_log
    self.logger.log(self.level, remove_escape_codes(message))
  File "/usr/local/lib/python3.8/logging/__init__.py", line 1512, in log
    self._log(level, msg, args, **kwargs)
  File "/usr/local/lib/python3.8/logging/__init__.py", line 1589, in _log
    self.handle(record)
  File "/usr/local/lib/python3.8/logging/__init__.py", line 1599, in handle
    self.callHandlers(record)
  File "/usr/local/lib/python3.8/logging/__init__.py", line 1661, in callHandlers
    hdlr.handle(record)
  File "/usr/local/lib/python3.8/logging/__init__.py", line 954, in handle
    self.emit(record)
  File "/home/airflow/.local/lib/python3.8/site-packages/airflow/utils/log/file_processor_handler.py", line 73, in emit
    self.handler.emit(record)
  File "/usr/local/lib/python3.8/logging/__init__.py", line 1187, in emit
    StreamHandler.emit(self, record)
  File "/usr/local/lib/python3.8/logging/__init__.py", line 1093, in emit
    self.handleError(record)
  File "/usr/local/lib/python3.8/logging/__init__.py", line 1006, in handleError
    sys.stderr.write('--- Logging error ---\n')
  File "/home/airflow/.local/lib/python3.8/site-packages/airflow/utils/log/logging_mixin.py", line 200, in write
    self.flush()
  File "/home/airflow/.local/lib/python3.8/site-packages/airflow/utils/log/logging_mixin.py", line 207, in flush
    self._propagate_log(buf)
  File "/home/airflow/.local/lib/python3.8/site-packages/airflow/utils/log/logging_mixin.py", line 188, in _propagate_log
    self.logger.log(self.level, remove_escape_codes(message))
  File "/usr/local/lib/python3.8/logging/__init__.py", line 1512, in log
    self._log(level, msg, args, **kwargs)
  File "/usr/local/lib/python3.8/logging/__init__.py", line 1589, in _log
    self.handle(record)
  File "/usr/local/lib/python3.8/logging/__init__.py", line 1599, in handle
    self.callHandlers(record)
  File "/usr/local/lib/python3.8/logging/__init__.py", line 1661, in callHandlers
    hdlr.handle(record)
  File "/usr/local/lib/python3.8/logging/__init__.py", line 954, in handle
    self.emit(record)
  File "/home/airflow/.local/lib/python3.8/site-packages/airflow/utils/log/file_processor_handler.py", line 73, in emit
    self.handler.emit(record)
  File "/usr/local/lib/python3.8/logging/__init__.py", line 1187, in emit
    StreamHandler.emit(self, record)
  File "/usr/local/lib/python3.8/logging/__init__.py", line 1093, in emit
    self.handleError(record)
  File "/usr/local/lib/python3.8/logging/__init__.py", line 1006, in handleError
    sys.stderr.write('--- Logging error ---\n')
  File "/home/airflow/.local/lib/python3.8/site-packages/airflow/utils/log/logging_mixin.py", line 200, in write
    self.flush()
  File "/home/airflow/.local/lib/python3.8/site-packages/airflow/utils/log/logging_mixin.py", line 207, in flush
    self._propagate_log(buf)
  File "/home/airflow/.local/lib/python3.8/site-packages/airflow/utils/log/logging_mixin.py", line 188, in _propagate_log
    self.logger.log(self.level, remove_escape_codes(message))
  File "/usr/local/lib/python3.8/logging/__init__.py", line 1512, in log
    self._log(level, msg, args, **kwargs)
  File "/usr/local/lib/python3.8/logging/__init__.py", line 1589, in _log
    self.handle(record)
  File "/usr/local/lib/python3.8/logging/__init__.py", line 1599, in handle
    self.callHandlers(record)
  File "/usr/local/lib/python3.8/logging/__init__.py", line 1661, in callHandlers
    hdlr.handle(record)
  File "/usr/local/lib/python3.8/logging/__init__.py", line 954, in handle
    self.emit(record)
  File "/home/airflow/.local/lib/python3.8/site-packages/airflow/utils/log/file_processor_handler.py", line 73, in emit
    self.handler.emit(record)
  File "/usr/local/lib/python3.8/logging/__init__.py", line 1187, in emit
    StreamHandler.emit(self, record)
  File "/usr/local/lib/python3.8/logging/__init__.py", line 1093, in emit
    self.handleError(record)
  File "/usr/local/lib/python3.8/logging/__init__.py", line 1006, in handleError
    sys.stderr.write('--- Logging error ---\n')
  File "/home/airflow/.local/lib/python3.8/site-packages/airflow/utils/log/logging_mixin.py", line 200, in write
    self.flush()
  File "/home/airflow/.local/lib/python3.8/site-packages/airflow/utils/log/logging_mixin.py", line 207, in flush
    self._propagate_log(buf)
  File "/home/airflow/.local/lib/python3.8/site-packages/airflow/utils/log/logging_mixin.py", line 188, in _propagate_log
    self.logger.log(self.level, remove_escape_codes(message))
  File "/usr/local/lib/python3.8/logging/__init__.py", line 1512, in log
    self._log(level, msg, args, **kwargs)
  File "/usr/local/lib/python3.8/logging/__init__.py", line 1589, in _log
    self.handle(record)
  File "/usr/local/lib/python3.8/logging/__init__.py", line 1599, in handle
    self.callHandlers(record)
  File "/usr/local/lib/python3.8/logging/__init__.py", line 1661, in callHandlers
    hdlr.handle(record)
  File "/usr/local/lib/python3.8/logging/__init__.py", line 954, in handle
    self.emit(record)
  File "/home/airflow/.local/lib/python3.8/site-packages/airflow/utils/log/file_processor_handler.py", line 73, in emit
    self.handler.emit(record)
  File "/usr/local/lib/python3.8/logging/__init__.py", line 1187, in emit
    StreamHandler.emit(self, record)
  File "/usr/local/lib/python3.8/logging/__init__.py", line 1093, in emit
    self.handleError(record)
  File "/usr/local/lib/python3.8/logging/__init__.py", line 1006, in handleError
    sys.stderr.write('--- Logging error ---\n')
  File "/home/airflow/.local/lib/python3.8/site-packages/airflow/utils/log/logging_mixin.py", line 200, in write
    self.flush()
  File "/home/airflow/.local/lib/python3.8/site-packages/airflow/utils/log/logging_mixin.py", line 207, in flush
    self._propagate_log(buf)
  File "/home/airflow/.local/lib/python3.8/site-packages/airflow/utils/log/logging_mixin.py", line 188, in _propagate_log
    self.logger.log(self.level, remove_escape_codes(message))
  File "/usr/local/lib/python3.8/logging/__init__.py", line 1512, in log
    self._log(level, msg, args, **kwargs)
  File "/usr/local/lib/python3.8/logging/__init__.py", line 1589, in _log
    self.handle(record)
  File "/usr/local/lib/python3.8/logging/__init__.py", line 1599, in handle
    self.callHandlers(record)
  File "/usr/local/lib/python3.8/logging/__init__.py", line 1661, in callHandlers
    hdlr.handle(record)
  File "/usr/local/lib/python3.8/logging/__init__.py", line 954, in handle
    self.emit(record)
  File "/home/airflow/.local/lib/python3.8/site-packages/airflow/utils/log/file_processor_handler.py", line 73, in emit
    self.handler.emit(record)
  File "/usr/local/lib/python3.8/logging/__init__.py", line 1187, in emit
    StreamHandler.emit(self, record)
  File "/usr/local/lib/python3.8/logging/__init__.py", line 1093, in emit
    self.handleError(record)
  File "/usr/local/lib/python3.8/logging/__init__.py", line 1006, in handleError
    sys.stderr.write('--- Logging error ---\n')
  File "/home/airflow/.local/lib/python3.8/site-packages/airflow/utils/log/logging_mixin.py", line 200, in write
    self.flush()
  File "/home/airflow/.local/lib/python3.8/site-packages/airflow/utils/log/logging_mixin.py", line 207, in flush
    self._propagate_log(buf)
  File "/home/airflow/.local/lib/python3.8/site-packages/airflow/utils/log/logging_mixin.py", line 188, in _propagate_log
    self.logger.log(self.level, remove_escape_codes(message))
  File "/usr/local/lib/python3.8/logging/__init__.py", line 1512, in log
    self._log(level, msg, args, **kwargs)
  File "/usr/local/lib/python3.8/logging/__init__.py", line 1589, in _log
    self.handle(record)
  File "/usr/local/lib/python3.8/logging/__init__.py", line 1599, in handle
    self.callHandlers(record)
  File "/usr/local/lib/python3.8/logging/__init__.py", line 1661, in callHandlers
    hdlr.handle(record)
  File "/usr/local/lib/python3.8/logging/__init__.py", line 954, in handle
    self.emit(record)
  File "/home/airflow/.local/lib/python3.8/site-packages/airflow/utils/log/file_processor_handler.py", line 73, in emit
    self.handler.emit(record)
  File "/usr/local/lib/python3.8/logging/__init__.py", line 1187, in emit
    StreamHandler.emit(self, record)
  File "/usr/local/lib/python3.8/logging/__init__.py", line 1093, in emit
    self.handleError(record)
  File "/usr/local/lib/python3.8/logging/__init__.py", line 1006, in handleError
    sys.stderr.write('--- Logging error ---\n')
  File "/home/airflow/.local/lib/python3.8/site-packages/airflow/utils/log/logging_mixin.py", line 200, in write
    self.flush()
  File "/home/airflow/.local/lib/python3.8/site-packages/airflow/utils/log/logging_mixin.py", line 207, in flush
    self._propagate_log(buf)
  File "/home/airflow/.local/lib/python3.8/site-packages/airflow/utils/log/logging_mixin.py", line 188, in _propagate_log
    self.logger.log(self.level, remove_escape_codes(message))
  File "/usr/local/lib/python3.8/logging/__init__.py", line 1512, in log
    self._log(level, msg, args, **kwargs)
  File "/usr/local/lib/python3.8/logging/__init__.py", line 1589, in _log
    self.handle(record)
  File "/usr/local/lib/python3.8/logging/__init__.py", line 1599, in handle
    self.callHandlers(record)
  File "/usr/local/lib/python3.8/logging/__init__.py", line 1661, in callHandlers
    hdlr.handle(record)
  File "/usr/local/lib/python3.8/logging/__init__.py", line 954, in handle
    self.emit(record)
  File "/home/airflow/.local/lib/python3.8/site-packages/airflow/utils/log/file_processor_handler.py", line 73, in emit
    self.handler.emit(record)
  File "/usr/local/lib/python3.8/logging/__init__.py", line 1187, in emit
    StreamHandler.emit(self, record)
  File "/usr/local/lib/python3.8/logging/__init__.py", line 1093, in emit
    self.handleError(record)
  File "/usr/local/lib/python3.8/logging/__init__.py", line 1006, in handleError
    sys.stderr.write('--- Logging error ---\n')
  File "/home/airflow/.local/lib/python3.8/site-packages/airflow/utils/log/logging_mixin.py", line 200, in write
    self.flush()
  File "/home/airflow/.local/lib/python3.8/site-packages/airflow/utils/log/logging_mixin.py", line 207, in flush
    self._propagate_log(buf)
  File "/home/airflow/.local/lib/python3.8/site-packages/airflow/utils/log/logging_mixin.py", line 188, in _propagate_log
    self.logger.log(self.level, remove_escape_codes(message))
  File "/usr/local/lib/python3.8/logging/__init__.py", line 1512, in log
    self._log(level, msg, args, **kwargs)
  File "/usr/local/lib/python3.8/logging/__init__.py", line 1589, in _log
    self.handle(record)
  File "/usr/local/lib/python3.8/logging/__init__.py", line 1599, in handle
    self.callHandlers(record)
  File "/usr/local/lib/python3.8/logging/__init__.py", line 1661, in callHandlers
    hdlr.handle(record)
  File "/usr/local/lib/python3.8/logging/__init__.py", line 954, in handle
    self.emit(record)
  File "/home/airflow/.local/lib/python3.8/site-packages/airflow/utils/log/file_processor_handler.py", line 73, in emit
    self.handler.emit(record)
  File "/usr/local/lib/python3.8/logging/__init__.py", line 1187, in emit
    StreamHandler.emit(self, record)
  File "/usr/local/lib/python3.8/logging/__init__.py", line 1093, in emit
    self.handleError(record)
  File "/usr/local/lib/python3.8/logging/__init__.py", line 1006, in handleError
    sys.stderr.write('--- Logging error ---\n')
  File "/home/airflow/.local/lib/python3.8/site-packages/airflow/utils/log/logging_mixin.py", line 200, in write
    self.flush()
  File "/home/airflow/.local/lib/python3.8/site-packages/airflow/utils/log/logging_mixin.py", line 207, in flush
    self._propagate_log(buf)
  File "/home/airflow/.local/lib/python3.8/site-packages/airflow/utils/log/logging_mixin.py", line 188, in _propagate_log
    self.logger.log(self.level, remove_escape_codes(message))
  File "/usr/local/lib/python3.8/logging/__init__.py", line 1512, in log
    self._log(level, msg, args, **kwargs)
  File "/usr/local/lib/python3.8/logging/__init__.py", line 1589, in _log
    self.handle(record)
  File "/usr/local/lib/python3.8/logging/__init__.py", line 1599, in handle
    self.callHandlers(record)
  File "/usr/local/lib/python3.8/logging/__init__.py", line 1661, in callHandlers
    hdlr.handle(record)
  File "/usr/local/lib/python3.8/logging/__init__.py", line 954, in handle
    self.emit(record)
  File "/home/airflow/.local/lib/python3.8/site-packages/airflow/utils/log/file_processor_handler.py", line 73, in emit
    self.handler.emit(record)
  File "/usr/local/lib/python3.8/logging/__init__.py", line 1187, in emit
    StreamHandler.emit(self, record)
  File "/usr/local/lib/python3.8/logging/__init__.py", line 1093, in emit
    self.handleError(record)
  File "/usr/local/lib/python3.8/logging/__init__.py", line 1006, in handleError
    sys.stderr.write('--- Logging error ---\n')
  File "/home/airflow/.local/lib/python3.8/site-packages/airflow/utils/log/logging_mixin.py", line 200, in write
    self.flush()
  File "/home/airflow/.local/lib/python3.8/site-packages/airflow/utils/log/logging_mixin.py", line 207, in flush
    self._propagate_log(buf)
  File "/home/airflow/.local/lib/python3.8/site-packages/airflow/utils/log/logging_mixin.py", line 188, in _propagate_log
    self.logger.log(self.level, remove_escape_codes(message))
  File "/usr/local/lib/python3.8/logging/__init__.py", line 1512, in log
    self._log(level, msg, args, **kwargs)
  File "/usr/local/lib/python3.8/logging/__init__.py", line 1589, in _log
    self.handle(record)
  File "/usr/local/lib/python3.8/logging/__init__.py", line 1599, in handle
    self.callHandlers(record)
  File "/usr/local/lib/python3.8/logging/__init__.py", line 1661, in callHandlers
    hdlr.handle(record)
  File "/usr/local/lib/python3.8/logging/__init__.py", line 954, in handle
    self.emit(record)
  File "/home/airflow/.local/lib/python3.8/site-packages/airflow/utils/log/file_processor_handler.py", line 73, in emit
    self.handler.emit(record)
  File "/usr/local/lib/python3.8/logging/__init__.py", line 1187, in emit
    StreamHandler.emit(self, record)
  File "/usr/local/lib/python3.8/logging/__init__.py", line 1093, in emit
    self.handleError(record)
  File "/usr/local/lib/python3.8/logging/__init__.py", line 1006, in handleError
    sys.stderr.write('--- Logging error ---\n')
  File "/home/airflow/.local/lib/python3.8/site-packages/airflow/utils/log/logging_mixin.py", line 200, in write
    self.flush()
  File "/home/airflow/.local/lib/python3.8/site-packages/airflow/utils/log/logging_mixin.py", line 207, in flush
    self._propagate_log(buf)
  File "/home/airflow/.local/lib/python3.8/site-packages/airflow/utils/log/logging_mixin.py", line 188, in _propagate_log
    self.logger.log(self.level, remove_escape_codes(message))
  File "/usr/local/lib/python3.8/logging/__init__.py", line 1512, in log
    self._log(level, msg, args, **kwargs)
  File "/usr/local/lib/python3.8/logging/__init__.py", line 1589, in _log
    self.handle(record)
  File "/usr/local/lib/python3.8/logging/__init__.py", line 1599, in handle
    self.callHandlers(record)
  File "/usr/local/lib/python3.8/logging/__init__.py", line 1661, in callHandlers
    hdlr.handle(record)
  File "/usr/local/lib/python3.8/logging/__init__.py", line 954, in handle
    self.emit(record)
  File "/home/airflow/.local/lib/python3.8/site-packages/airflow/utils/log/file_processor_handler.py", line 73, in emit
    self.handler.emit(record)
  File "/usr/local/lib/python3.8/logging/__init__.py", line 1187, in emit
    StreamHandler.emit(self, record)
  File "/usr/local/lib/python3.8/logging/__init__.py", line 1093, in emit
    self.handleError(record)
  File "/usr/local/lib/python3.8/logging/__init__.py", line 1006, in handleError
    sys.stderr.write('--- Logging error ---\n')
  File "/home/airflow/.local/lib/python3.8/site-packages/airflow/utils/log/logging_mixin.py", line 200, in write
    self.flush()
  File "/home/airflow/.local/lib/python3.8/site-packages/airflow/utils/log/logging_mixin.py", line 207, in flush
    self._propagate_log(buf)
  File "/home/airflow/.local/lib/python3.8/site-packages/airflow/utils/log/logging_mixin.py", line 188, in _propagate_log
    self.logger.log(self.level, remove_escape_codes(message))
  File "/usr/local/lib/python3.8/logging/__init__.py", line 1512, in log
    self._log(level, msg, args, **kwargs)
  File "/usr/local/lib/python3.8/logging/__init__.py", line 1589, in _log
    self.handle(record)
  File "/usr/local/lib/python3.8/logging/__init__.py", line 1599, in handle
    self.callHandlers(record)
  File "/usr/local/lib/python3.8/logging/__init__.py", line 1661, in callHandlers
    hdlr.handle(record)
  File "/usr/local/lib/python3.8/logging/__init__.py", line 954, in handle
    self.emit(record)
  File "/home/airflow/.local/lib/python3.8/site-packages/airflow/utils/log/file_processor_handler.py", line 73, in emit
    self.handler.emit(record)
  File "/usr/local/lib/python3.8/logging/__init__.py", line 1187, in emit
    StreamHandler.emit(self, record)
  File "/usr/local/lib/python3.8/logging/__init__.py", line 1093, in emit
    self.handleError(record)
  File "/usr/local/lib/python3.8/logging/__init__.py", line 1006, in handleError
    sys.stderr.write('--- Logging error ---\n')
  File "/home/airflow/.local/lib/python3.8/site-packages/airflow/utils/log/logging_mixin.py", line 200, in write
    self.flush()
  File "/home/airflow/.local/lib/python3.8/site-packages/airflow/utils/log/logging_mixin.py", line 207, in flush
    self._propagate_log(buf)
  File "/home/airflow/.local/lib/python3.8/site-packages/airflow/utils/log/logging_mixin.py", line 188, in _propagate_log
    self.logger.log(self.level, remove_escape_codes(message))
  File "/usr/local/lib/python3.8/logging/__init__.py", line 1512, in log
    self._log(level, msg, args, **kwargs)
  File "/usr/local/lib/python3.8/logging/__init__.py", line 1589, in _log
    self.handle(record)
  File "/usr/local/lib/python3.8/logging/__init__.py", line 1599, in handle
    self.callHandlers(record)
  File "/usr/local/lib/python3.8/logging/__init__.py", line 1661, in callHandlers
    hdlr.handle(record)
  File "/usr/local/lib/python3.8/logging/__init__.py", line 954, in handle
    self.emit(record)
  File "/home/airflow/.local/lib/python3.8/site-packages/airflow/utils/log/file_processor_handler.py", line 73, in emit
    self.handler.emit(record)
  File "/usr/local/lib/python3.8/logging/__init__.py", line 1187, in emit
    StreamHandler.emit(self, record)
  File "/usr/local/lib/python3.8/logging/__init__.py", line 1093, in emit
    self.handleError(record)
  File "/usr/local/lib/python3.8/logging/__init__.py", line 1006, in handleError
    sys.stderr.write('--- Logging error ---\n')
  File "/home/airflow/.local/lib/python3.8/site-packages/airflow/utils/log/logging_mixin.py", line 200, in write
    self.flush()
  File "/home/airflow/.local/lib/python3.8/site-packages/airflow/utils/log/logging_mixin.py", line 207, in flush
    self._propagate_log(buf)
  File "/home/airflow/.local/lib/python3.8/site-packages/airflow/utils/log/logging_mixin.py", line 188, in _propagate_log
    self.logger.log(self.level, remove_escape_codes(message))
  File "/usr/local/lib/python3.8/logging/__init__.py", line 1512, in log
    self._log(level, msg, args, **kwargs)
  File "/usr/local/lib/python3.8/logging/__init__.py", line 1589, in _log
    self.handle(record)
  File "/usr/local/lib/python3.8/logging/__init__.py", line 1599, in handle
    self.callHandlers(record)
  File "/usr/local/lib/python3.8/logging/__init__.py", line 1661, in callHandlers
    hdlr.handle(record)
  File "/usr/local/lib/python3.8/logging/__init__.py", line 954, in handle
    self.emit(record)
  File "/home/airflow/.local/lib/python3.8/site-packages/airflow/utils/log/file_processor_handler.py", line 73, in emit
    self.handler.emit(record)
  File "/usr/local/lib/python3.8/logging/__init__.py", line 1187, in emit
    StreamHandler.emit(self, record)
  File "/usr/local/lib/python3.8/logging/__init__.py", line 1093, in emit
    self.handleError(record)
  File "/usr/local/lib/python3.8/logging/__init__.py", line 1006, in handleError
    sys.stderr.write('--- Logging error ---\n')
  File "/home/airflow/.local/lib/python3.8/site-packages/airflow/utils/log/logging_mixin.py", line 200, in write
    self.flush()
  File "/home/airflow/.local/lib/python3.8/site-packages/airflow/utils/log/logging_mixin.py", line 207, in flush
    self._propagate_log(buf)
  File "/home/airflow/.local/lib/python3.8/site-packages/airflow/utils/log/logging_mixin.py", line 188, in _propagate_log
    self.logger.log(self.level, remove_escape_codes(message))
  File "/usr/local/lib/python3.8/logging/__init__.py", line 1512, in log
    self._log(level, msg, args, **kwargs)
  File "/usr/local/lib/python3.8/logging/__init__.py", line 1589, in _log
    self.handle(record)
  File "/usr/local/lib/python3.8/logging/__init__.py", line 1599, in handle
    self.callHandlers(record)
  File "/usr/local/lib/python3.8/logging/__init__.py", line 1661, in callHandlers
    hdlr.handle(record)
  File "/usr/local/lib/python3.8/logging/__init__.py", line 954, in handle
    self.emit(record)
  File "/home/airflow/.local/lib/python3.8/site-packages/airflow/utils/log/file_processor_handler.py", line 73, in emit
    self.handler.emit(record)
  File "/usr/local/lib/python3.8/logging/__init__.py", line 1187, in emit
    StreamHandler.emit(self, record)
  File "/usr/local/lib/python3.8/logging/__init__.py", line 1093, in emit
    self.handleError(record)
  File "/usr/local/lib/python3.8/logging/__init__.py", line 1006, in handleError
    sys.stderr.write('--- Logging error ---\n')
  File "/home/airflow/.local/lib/python3.8/site-packages/airflow/utils/log/logging_mixin.py", line 200, in write
    self.flush()
  File "/home/airflow/.local/lib/python3.8/site-packages/airflow/utils/log/logging_mixin.py", line 207, in flush
    self._propagate_log(buf)
  File "/home/airflow/.local/lib/python3.8/site-packages/airflow/utils/log/logging_mixin.py", line 188, in _propagate_log
    self.logger.log(self.level, remove_escape_codes(message))
  File "/usr/local/lib/python3.8/logging/__init__.py", line 1512, in log
    self._log(level, msg, args, **kwargs)
  File "/usr/local/lib/python3.8/logging/__init__.py", line 1589, in _log
    self.handle(record)
  File "/usr/local/lib/python3.8/logging/__init__.py", line 1599, in handle
    self.callHandlers(record)
  File "/usr/local/lib/python3.8/logging/__init__.py", line 1661, in callHandlers
    hdlr.handle(record)
  File "/usr/local/lib/python3.8/logging/__init__.py", line 954, in handle
    self.emit(record)
  File "/home/airflow/.local/lib/python3.8/site-packages/airflow/utils/log/file_processor_handler.py", line 73, in emit
    self.handler.emit(record)
  File "/usr/local/lib/python3.8/logging/__init__.py", line 1187, in emit
    StreamHandler.emit(self, record)
  File "/usr/local/lib/python3.8/logging/__init__.py", line 1093, in emit
    self.handleError(record)
  File "/usr/local/lib/python3.8/logging/__init__.py", line 1006, in handleError
    sys.stderr.write('--- Logging error ---\n')
  File "/home/airflow/.local/lib/python3.8/site-packages/airflow/utils/log/logging_mixin.py", line 200, in write
    self.flush()
  File "/home/airflow/.local/lib/python3.8/site-packages/airflow/utils/log/logging_mixin.py", line 207, in flush
    self._propagate_log(buf)
  File "/home/airflow/.local/lib/python3.8/site-packages/airflow/utils/log/logging_mixin.py", line 188, in _propagate_log
    self.logger.log(self.level, remove_escape_codes(message))
  File "/usr/local/lib/python3.8/logging/__init__.py", line 1512, in log
    self._log(level, msg, args, **kwargs)
  File "/usr/local/lib/python3.8/logging/__init__.py", line 1589, in _log
    self.handle(record)
  File "/usr/local/lib/python3.8/logging/__init__.py", line 1599, in handle
    self.callHandlers(record)
  File "/usr/local/lib/python3.8/logging/__init__.py", line 1661, in callHandlers
    hdlr.handle(record)
  File "/usr/local/lib/python3.8/logging/__init__.py", line 954, in handle
    self.emit(record)
  File "/home/airflow/.local/lib/python3.8/site-packages/airflow/utils/log/file_processor_handler.py", line 73, in emit
    self.handler.emit(record)
  File "/usr/local/lib/python3.8/logging/__init__.py", line 1187, in emit
    StreamHandler.emit(self, record)
  File "/usr/local/lib/python3.8/logging/__init__.py", line 1093, in emit
    self.handleError(record)
  File "/usr/local/lib/python3.8/logging/__init__.py", line 1006, in handleError
    sys.stderr.write('--- Logging error ---\n')
  File "/home/airflow/.local/lib/python3.8/site-packages/airflow/utils/log/logging_mixin.py", line 200, in write
    self.flush()
  File "/home/airflow/.local/lib/python3.8/site-packages/airflow/utils/log/logging_mixin.py", line 207, in flush
    self._propagate_log(buf)
  File "/home/airflow/.local/lib/python3.8/site-packages/airflow/utils/log/logging_mixin.py", line 188, in _propagate_log
    self.logger.log(self.level, remove_escape_codes(message))
  File "/usr/local/lib/python3.8/logging/__init__.py", line 1512, in log
    self._log(level, msg, args, **kwargs)
  File "/usr/local/lib/python3.8/logging/__init__.py", line 1589, in _log
    self.handle(record)
  File "/usr/local/lib/python3.8/logging/__init__.py", line 1599, in handle
    self.callHandlers(record)
  File "/usr/local/lib/python3.8/logging/__init__.py", line 1661, in callHandlers
    hdlr.handle(record)
  File "/usr/local/lib/python3.8/logging/__init__.py", line 954, in handle
    self.emit(record)
  File "/home/airflow/.local/lib/python3.8/site-packages/airflow/utils/log/file_processor_handler.py", line 73, in emit
    self.handler.emit(record)
  File "/usr/local/lib/python3.8/logging/__init__.py", line 1187, in emit
    StreamHandler.emit(self, record)
  File "/usr/local/lib/python3.8/logging/__init__.py", line 1093, in emit
    self.handleError(record)
  File "/usr/local/lib/python3.8/logging/__init__.py", line 1006, in handleError
    sys.stderr.write('--- Logging error ---\n')
  File "/home/airflow/.local/lib/python3.8/site-packages/airflow/utils/log/logging_mixin.py", line 200, in write
    self.flush()
  File "/home/airflow/.local/lib/python3.8/site-packages/airflow/utils/log/logging_mixin.py", line 207, in flush
    self._propagate_log(buf)
  File "/home/airflow/.local/lib/python3.8/site-packages/airflow/utils/log/logging_mixin.py", line 188, in _propagate_log
    self.logger.log(self.level, remove_escape_codes(message))
  File "/usr/local/lib/python3.8/logging/__init__.py", line 1512, in log
    self._log(level, msg, args, **kwargs)
  File "/usr/local/lib/python3.8/logging/__init__.py", line 1589, in _log
    self.handle(record)
  File "/usr/local/lib/python3.8/logging/__init__.py", line 1599, in handle
    self.callHandlers(record)
  File "/usr/local/lib/python3.8/logging/__init__.py", line 1661, in callHandlers
    hdlr.handle(record)
  File "/usr/local/lib/python3.8/logging/__init__.py", line 954, in handle
    self.emit(record)
  File "/home/airflow/.local/lib/python3.8/site-packages/airflow/utils/log/file_processor_handler.py", line 73, in emit
    self.handler.emit(record)
  File "/usr/local/lib/python3.8/logging/__init__.py", line 1187, in emit
    StreamHandler.emit(self, record)
  File "/usr/local/lib/python3.8/logging/__init__.py", line 1093, in emit
    self.handleError(record)
  File "/usr/local/lib/python3.8/logging/__init__.py", line 1006, in handleError
    sys.stderr.write('--- Logging error ---\n')
  File "/home/airflow/.local/lib/python3.8/site-packages/airflow/utils/log/logging_mixin.py", line 200, in write
    self.flush()
  File "/home/airflow/.local/lib/python3.8/site-packages/airflow/utils/log/logging_mixin.py", line 207, in flush
    self._propagate_log(buf)
  File "/home/airflow/.local/lib/python3.8/site-packages/airflow/utils/log/logging_mixin.py", line 188, in _propagate_log
    self.logger.log(self.level, remove_escape_codes(message))
  File "/usr/local/lib/python3.8/logging/__init__.py", line 1512, in log
    self._log(level, msg, args, **kwargs)
  File "/usr/local/lib/python3.8/logging/__init__.py", line 1589, in _log
    self.handle(record)
  File "/usr/local/lib/python3.8/logging/__init__.py", line 1599, in handle
    self.callHandlers(record)
  File "/usr/local/lib/python3.8/logging/__init__.py", line 1661, in callHandlers
    hdlr.handle(record)
  File "/usr/local/lib/python3.8/logging/__init__.py", line 954, in handle
    self.emit(record)
  File "/home/airflow/.local/lib/python3.8/site-packages/airflow/utils/log/file_processor_handler.py", line 73, in emit
    self.handler.emit(record)
  File "/usr/local/lib/python3.8/logging/__init__.py", line 1187, in emit
    StreamHandler.emit(self, record)
  File "/usr/local/lib/python3.8/logging/__init__.py", line 1093, in emit
    self.handleError(record)
  File "/usr/local/lib/python3.8/logging/__init__.py", line 1006, in handleError
    sys.stderr.write('--- Logging error ---\n')
  File "/home/airflow/.local/lib/python3.8/site-packages/airflow/utils/log/logging_mixin.py", line 200, in write
    self.flush()
  File "/home/airflow/.local/lib/python3.8/site-packages/airflow/utils/log/logging_mixin.py", line 207, in flush
    self._propagate_log(buf)
  File "/home/airflow/.local/lib/python3.8/site-packages/airflow/utils/log/logging_mixin.py", line 188, in _propagate_log
    self.logger.log(self.level, remove_escape_codes(message))
  File "/usr/local/lib/python3.8/logging/__init__.py", line 1512, in log
    self._log(level, msg, args, **kwargs)
  File "/usr/local/lib/python3.8/logging/__init__.py", line 1589, in _log
    self.handle(record)
  File "/usr/local/lib/python3.8/logging/__init__.py", line 1599, in handle
    self.callHandlers(record)
  File "/usr/local/lib/python3.8/logging/__init__.py", line 1661, in callHandlers
    hdlr.handle(record)
  File "/usr/local/lib/python3.8/logging/__init__.py", line 954, in handle
    self.emit(record)
  File "/home/airflow/.local/lib/python3.8/site-packages/airflow/utils/log/file_processor_handler.py", line 73, in emit
    self.handler.emit(record)
  File "/usr/local/lib/python3.8/logging/__init__.py", line 1187, in emit
    StreamHandler.emit(self, record)
  File "/usr/local/lib/python3.8/logging/__init__.py", line 1093, in emit
    self.handleError(record)
  File "/usr/local/lib/python3.8/logging/__init__.py", line 1006, in handleError
    sys.stderr.write('--- Logging error ---\n')
  File "/home/airflow/.local/lib/python3.8/site-packages/airflow/utils/log/logging_mixin.py", line 200, in write
    self.flush()
  File "/home/airflow/.local/lib/python3.8/site-packages/airflow/utils/log/logging_mixin.py", line 207, in flush
    self._propagate_log(buf)
  File "/home/airflow/.local/lib/python3.8/site-packages/airflow/utils/log/logging_mixin.py", line 188, in _propagate_log
    self.logger.log(self.level, remove_escape_codes(message))
  File "/usr/local/lib/python3.8/logging/__init__.py", line 1512, in log
    self._log(level, msg, args, **kwargs)
  File "/usr/local/lib/python3.8/logging/__init__.py", line 1589, in _log
    self.handle(record)
  File "/usr/local/lib/python3.8/logging/__init__.py", line 1599, in handle
    self.callHandlers(record)
  File "/usr/local/lib/python3.8/logging/__init__.py", line 1661, in callHandlers
    hdlr.handle(record)
  File "/usr/local/lib/python3.8/logging/__init__.py", line 954, in handle
    self.emit(record)
  File "/home/airflow/.local/lib/python3.8/site-packages/airflow/utils/log/file_processor_handler.py", line 73, in emit
    self.handler.emit(record)
  File "/usr/local/lib/python3.8/logging/__init__.py", line 1187, in emit
    StreamHandler.emit(self, record)
  File "/usr/local/lib/python3.8/logging/__init__.py", line 1093, in emit
    self.handleError(record)
  File "/usr/local/lib/python3.8/logging/__init__.py", line 1006, in handleError
    sys.stderr.write('--- Logging error ---\n')
  File "/home/airflow/.local/lib/python3.8/site-packages/airflow/utils/log/logging_mixin.py", line 200, in write
    self.flush()
  File "/home/airflow/.local/lib/python3.8/site-packages/airflow/utils/log/logging_mixin.py", line 207, in flush
    self._propagate_log(buf)
  File "/home/airflow/.local/lib/python3.8/site-packages/airflow/utils/log/logging_mixin.py", line 188, in _propagate_log
    self.logger.log(self.level, remove_escape_codes(message))
  File "/usr/local/lib/python3.8/logging/__init__.py", line 1512, in log
    self._log(level, msg, args, **kwargs)
  File "/usr/local/lib/python3.8/logging/__init__.py", line 1589, in _log
    self.handle(record)
  File "/usr/local/lib/python3.8/logging/__init__.py", line 1599, in handle
    self.callHandlers(record)
  File "/usr/local/lib/python3.8/logging/__init__.py", line 1661, in callHandlers
    hdlr.handle(record)
  File "/usr/local/lib/python3.8/logging/__init__.py", line 954, in handle
    self.emit(record)
  File "/home/airflow/.local/lib/python3.8/site-packages/airflow/utils/log/file_processor_handler.py", line 73, in emit
    self.handler.emit(record)
  File "/usr/local/lib/python3.8/logging/__init__.py", line 1187, in emit
    StreamHandler.emit(self, record)
  File "/usr/local/lib/python3.8/logging/__init__.py", line 1093, in emit
    self.handleError(record)
  File "/usr/local/lib/python3.8/logging/__init__.py", line 1006, in handleError
    sys.stderr.write('--- Logging error ---\n')
  File "/home/airflow/.local/lib/python3.8/site-packages/airflow/utils/log/logging_mixin.py", line 200, in write
    self.flush()
  File "/home/airflow/.local/lib/python3.8/site-packages/airflow/utils/log/logging_mixin.py", line 207, in flush
    self._propagate_log(buf)
  File "/home/airflow/.local/lib/python3.8/site-packages/airflow/utils/log/logging_mixin.py", line 188, in _propagate_log
    self.logger.log(self.level, remove_escape_codes(message))
  File "/usr/local/lib/python3.8/logging/__init__.py", line 1512, in log
    self._log(level, msg, args, **kwargs)
  File "/usr/local/lib/python3.8/logging/__init__.py", line 1589, in _log
    self.handle(record)
  File "/usr/local/lib/python3.8/logging/__init__.py", line 1599, in handle
    self.callHandlers(record)
  File "/usr/local/lib/python3.8/logging/__init__.py", line 1661, in callHandlers
    hdlr.handle(record)
  File "/usr/local/lib/python3.8/logging/__init__.py", line 954, in handle
    self.emit(record)
  File "/home/airflow/.local/lib/python3.8/site-packages/airflow/utils/log/file_processor_handler.py", line 73, in emit
    self.handler.emit(record)
  File "/usr/local/lib/python3.8/logging/__init__.py", line 1187, in emit
    StreamHandler.emit(self, record)
  File "/usr/local/lib/python3.8/logging/__init__.py", line 1093, in emit
    self.handleError(record)
  File "/usr/local/lib/python3.8/logging/__init__.py", line 1006, in handleError
    sys.stderr.write('--- Logging error ---\n')
  File "/home/airflow/.local/lib/python3.8/site-packages/airflow/utils/log/logging_mixin.py", line 200, in write
    self.flush()
  File "/home/airflow/.local/lib/python3.8/site-packages/airflow/utils/log/logging_mixin.py", line 207, in flush
    self._propagate_log(buf)
  File "/home/airflow/.local/lib/python3.8/site-packages/airflow/utils/log/logging_mixin.py", line 188, in _propagate_log
    self.logger.log(self.level, remove_escape_codes(message))
  File "/usr/local/lib/python3.8/logging/__init__.py", line 1512, in log
    self._log(level, msg, args, **kwargs)
  File "/usr/local/lib/python3.8/logging/__init__.py", line 1589, in _log
    self.handle(record)
  File "/usr/local/lib/python3.8/logging/__init__.py", line 1599, in handle
    self.callHandlers(record)
  File "/usr/local/lib/python3.8/logging/__init__.py", line 1661, in callHandlers
    hdlr.handle(record)
  File "/usr/local/lib/python3.8/logging/__init__.py", line 954, in handle
    self.emit(record)
  File "/home/airflow/.local/lib/python3.8/site-packages/airflow/utils/log/file_processor_handler.py", line 73, in emit
    self.handler.emit(record)
  File "/usr/local/lib/python3.8/logging/__init__.py", line 1187, in emit
    StreamHandler.emit(self, record)
  File "/usr/local/lib/python3.8/logging/__init__.py", line 1093, in emit
    self.handleError(record)
  File "/usr/local/lib/python3.8/logging/__init__.py", line 1006, in handleError
    sys.stderr.write('--- Logging error ---\n')
  File "/home/airflow/.local/lib/python3.8/site-packages/airflow/utils/log/logging_mixin.py", line 200, in write
    self.flush()
  File "/home/airflow/.local/lib/python3.8/site-packages/airflow/utils/log/logging_mixin.py", line 207, in flush
    self._propagate_log(buf)
  File "/home/airflow/.local/lib/python3.8/site-packages/airflow/utils/log/logging_mixin.py", line 188, in _propagate_log
    self.logger.log(self.level, remove_escape_codes(message))
  File "/usr/local/lib/python3.8/logging/__init__.py", line 1512, in log
    self._log(level, msg, args, **kwargs)
  File "/usr/local/lib/python3.8/logging/__init__.py", line 1589, in _log
    self.handle(record)
  File "/usr/local/lib/python3.8/logging/__init__.py", line 1599, in handle
    self.callHandlers(record)
  File "/usr/local/lib/python3.8/logging/__init__.py", line 1661, in callHandlers
    hdlr.handle(record)
  File "/usr/local/lib/python3.8/logging/__init__.py", line 954, in handle
    self.emit(record)
  File "/home/airflow/.local/lib/python3.8/site-packages/airflow/utils/log/file_processor_handler.py", line 73, in emit
    self.handler.emit(record)
  File "/usr/local/lib/python3.8/logging/__init__.py", line 1187, in emit
    StreamHandler.emit(self, record)
  File "/usr/local/lib/python3.8/logging/__init__.py", line 1093, in emit
    self.handleError(record)
  File "/usr/local/lib/python3.8/logging/__init__.py", line 1006, in handleError
    sys.stderr.write('--- Logging error ---\n')
  File "/home/airflow/.local/lib/python3.8/site-packages/airflow/utils/log/logging_mixin.py", line 200, in write
    self.flush()
  File "/home/airflow/.local/lib/python3.8/site-packages/airflow/utils/log/logging_mixin.py", line 207, in flush
    self._propagate_log(buf)
  File "/home/airflow/.local/lib/python3.8/site-packages/airflow/utils/log/logging_mixin.py", line 188, in _propagate_log
    self.logger.log(self.level, remove_escape_codes(message))
  File "/usr/local/lib/python3.8/logging/__init__.py", line 1512, in log
    self._log(level, msg, args, **kwargs)
  File "/usr/local/lib/python3.8/logging/__init__.py", line 1589, in _log
    self.handle(record)
  File "/usr/local/lib/python3.8/logging/__init__.py", line 1599, in handle
    self.callHandlers(record)
  File "/usr/local/lib/python3.8/logging/__init__.py", line 1661, in callHandlers
    hdlr.handle(record)
  File "/usr/local/lib/python3.8/logging/__init__.py", line 954, in handle
    self.emit(record)
  File "/home/airflow/.local/lib/python3.8/site-packages/airflow/utils/log/file_processor_handler.py", line 73, in emit
    self.handler.emit(record)
  File "/usr/local/lib/python3.8/logging/__init__.py", line 1187, in emit
    StreamHandler.emit(self, record)
  File "/usr/local/lib/python3.8/logging/__init__.py", line 1093, in emit
    self.handleError(record)
  File "/usr/local/lib/python3.8/logging/__init__.py", line 1006, in handleError
    sys.stderr.write('--- Logging error ---\n')
  File "/home/airflow/.local/lib/python3.8/site-packages/airflow/utils/log/logging_mixin.py", line 200, in write
    self.flush()
  File "/home/airflow/.local/lib/python3.8/site-packages/airflow/utils/log/logging_mixin.py", line 207, in flush
    self._propagate_log(buf)
  File "/home/airflow/.local/lib/python3.8/site-packages/airflow/utils/log/logging_mixin.py", line 188, in _propagate_log
    self.logger.log(self.level, remove_escape_codes(message))
  File "/usr/local/lib/python3.8/logging/__init__.py", line 1512, in log
    self._log(level, msg, args, **kwargs)
  File "/usr/local/lib/python3.8/logging/__init__.py", line 1589, in _log
    self.handle(record)
  File "/usr/local/lib/python3.8/logging/__init__.py", line 1599, in handle
    self.callHandlers(record)
  File "/usr/local/lib/python3.8/logging/__init__.py", line 1661, in callHandlers
    hdlr.handle(record)
  File "/usr/local/lib/python3.8/logging/__init__.py", line 954, in handle
    self.emit(record)
  File "/home/airflow/.local/lib/python3.8/site-packages/airflow/utils/log/file_processor_handler.py", line 73, in emit
    self.handler.emit(record)
  File "/usr/local/lib/python3.8/logging/__init__.py", line 1187, in emit
    StreamHandler.emit(self, record)
  File "/usr/local/lib/python3.8/logging/__init__.py", line 1093, in emit
    self.handleError(record)
  File "/usr/local/lib/python3.8/logging/__init__.py", line 1006, in handleError
    sys.stderr.write('--- Logging error ---\n')
  File "/home/airflow/.local/lib/python3.8/site-packages/airflow/utils/log/logging_mixin.py", line 200, in write
    self.flush()
  File "/home/airflow/.local/lib/python3.8/site-packages/airflow/utils/log/logging_mixin.py", line 207, in flush
    self._propagate_log(buf)
  File "/home/airflow/.local/lib/python3.8/site-packages/airflow/utils/log/logging_mixin.py", line 188, in _propagate_log
    self.logger.log(self.level, remove_escape_codes(message))
  File "/usr/local/lib/python3.8/logging/__init__.py", line 1512, in log
    self._log(level, msg, args, **kwargs)
  File "/usr/local/lib/python3.8/logging/__init__.py", line 1589, in _log
    self.handle(record)
  File "/usr/local/lib/python3.8/logging/__init__.py", line 1599, in handle
    self.callHandlers(record)
  File "/usr/local/lib/python3.8/logging/__init__.py", line 1661, in callHandlers
    hdlr.handle(record)
  File "/usr/local/lib/python3.8/logging/__init__.py", line 954, in handle
    self.emit(record)
  File "/home/airflow/.local/lib/python3.8/site-packages/airflow/utils/log/file_processor_handler.py", line 73, in emit
    self.handler.emit(record)
  File "/usr/local/lib/python3.8/logging/__init__.py", line 1187, in emit
    StreamHandler.emit(self, record)
  File "/usr/local/lib/python3.8/logging/__init__.py", line 1093, in emit
    self.handleError(record)
  File "/usr/local/lib/python3.8/logging/__init__.py", line 1006, in handleError
    sys.stderr.write('--- Logging error ---\n')
  File "/home/airflow/.local/lib/python3.8/site-packages/airflow/utils/log/logging_mixin.py", line 200, in write
    self.flush()
  File "/home/airflow/.local/lib/python3.8/site-packages/airflow/utils/log/logging_mixin.py", line 207, in flush
    self._propagate_log(buf)
  File "/home/airflow/.local/lib/python3.8/site-packages/airflow/utils/log/logging_mixin.py", line 188, in _propagate_log
    self.logger.log(self.level, remove_escape_codes(message))
  File "/usr/local/lib/python3.8/logging/__init__.py", line 1512, in log
    self._log(level, msg, args, **kwargs)
  File "/usr/local/lib/python3.8/logging/__init__.py", line 1589, in _log
    self.handle(record)
  File "/usr/local/lib/python3.8/logging/__init__.py", line 1599, in handle
    self.callHandlers(record)
  File "/usr/local/lib/python3.8/logging/__init__.py", line 1661, in callHandlers
    hdlr.handle(record)
  File "/usr/local/lib/python3.8/logging/__init__.py", line 954, in handle
    self.emit(record)
  File "/home/airflow/.local/lib/python3.8/site-packages/airflow/utils/log/file_processor_handler.py", line 73, in emit
    self.handler.emit(record)
  File "/usr/local/lib/python3.8/logging/__init__.py", line 1187, in emit
    StreamHandler.emit(self, record)
  File "/usr/local/lib/python3.8/logging/__init__.py", line 1093, in emit
    self.handleError(record)
  File "/usr/local/lib/python3.8/logging/__init__.py", line 1006, in handleError
    sys.stderr.write('--- Logging error ---\n')
  File "/home/airflow/.local/lib/python3.8/site-packages/airflow/utils/log/logging_mixin.py", line 200, in write
    self.flush()
  File "/home/airflow/.local/lib/python3.8/site-packages/airflow/utils/log/logging_mixin.py", line 207, in flush
    self._propagate_log(buf)
  File "/home/airflow/.local/lib/python3.8/site-packages/airflow/utils/log/logging_mixin.py", line 188, in _propagate_log
    self.logger.log(self.level, remove_escape_codes(message))
  File "/usr/local/lib/python3.8/logging/__init__.py", line 1512, in log
    self._log(level, msg, args, **kwargs)
  File "/usr/local/lib/python3.8/logging/__init__.py", line 1589, in _log
    self.handle(record)
  File "/usr/local/lib/python3.8/logging/__init__.py", line 1599, in handle
    self.callHandlers(record)
  File "/usr/local/lib/python3.8/logging/__init__.py", line 1661, in callHandlers
    hdlr.handle(record)
  File "/usr/local/lib/python3.8/logging/__init__.py", line 954, in handle
    self.emit(record)
  File "/home/airflow/.local/lib/python3.8/site-packages/airflow/utils/log/file_processor_handler.py", line 73, in emit
    self.handler.emit(record)
  File "/usr/local/lib/python3.8/logging/__init__.py", line 1187, in emit
    StreamHandler.emit(self, record)
  File "/usr/local/lib/python3.8/logging/__init__.py", line 1093, in emit
    self.handleError(record)
  File "/usr/local/lib/python3.8/logging/__init__.py", line 1006, in handleError
    sys.stderr.write('--- Logging error ---\n')
  File "/home/airflow/.local/lib/python3.8/site-packages/airflow/utils/log/logging_mixin.py", line 200, in write
    self.flush()
  File "/home/airflow/.local/lib/python3.8/site-packages/airflow/utils/log/logging_mixin.py", line 207, in flush
    self._propagate_log(buf)
  File "/home/airflow/.local/lib/python3.8/site-packages/airflow/utils/log/logging_mixin.py", line 188, in _propagate_log
    self.logger.log(self.level, remove_escape_codes(message))
  File "/usr/local/lib/python3.8/logging/__init__.py", line 1512, in log
    self._log(level, msg, args, **kwargs)
  File "/usr/local/lib/python3.8/logging/__init__.py", line 1589, in _log
    self.handle(record)
  File "/usr/local/lib/python3.8/logging/__init__.py", line 1599, in handle
    self.callHandlers(record)
  File "/usr/local/lib/python3.8/logging/__init__.py", line 1661, in callHandlers
    hdlr.handle(record)
  File "/usr/local/lib/python3.8/logging/__init__.py", line 954, in handle
    self.emit(record)
  File "/home/airflow/.local/lib/python3.8/site-packages/airflow/utils/log/file_processor_handler.py", line 73, in emit
    self.handler.emit(record)
  File "/usr/local/lib/python3.8/logging/__init__.py", line 1187, in emit
    StreamHandler.emit(self, record)
  File "/usr/local/lib/python3.8/logging/__init__.py", line 1093, in emit
    self.handleError(record)
  File "/usr/local/lib/python3.8/logging/__init__.py", line 1006, in handleError
    sys.stderr.write('--- Logging error ---\n')
  File "/home/airflow/.local/lib/python3.8/site-packages/airflow/utils/log/logging_mixin.py", line 200, in write
    self.flush()
  File "/home/airflow/.local/lib/python3.8/site-packages/airflow/utils/log/logging_mixin.py", line 207, in flush
    self._propagate_log(buf)
  File "/home/airflow/.local/lib/python3.8/site-packages/airflow/utils/log/logging_mixin.py", line 188, in _propagate_log
    self.logger.log(self.level, remove_escape_codes(message))
  File "/usr/local/lib/python3.8/logging/__init__.py", line 1512, in log
    self._log(level, msg, args, **kwargs)
  File "/usr/local/lib/python3.8/logging/__init__.py", line 1589, in _log
    self.handle(record)
  File "/usr/local/lib/python3.8/logging/__init__.py", line 1599, in handle
    self.callHandlers(record)
  File "/usr/local/lib/python3.8/logging/__init__.py", line 1661, in callHandlers
    hdlr.handle(record)
  File "/usr/local/lib/python3.8/logging/__init__.py", line 954, in handle
    self.emit(record)
  File "/home/airflow/.local/lib/python3.8/site-packages/airflow/utils/log/file_processor_handler.py", line 73, in emit
    self.handler.emit(record)
  File "/usr/local/lib/python3.8/logging/__init__.py", line 1187, in emit
    StreamHandler.emit(self, record)
  File "/usr/local/lib/python3.8/logging/__init__.py", line 1093, in emit
    self.handleError(record)
  File "/usr/local/lib/python3.8/logging/__init__.py", line 1006, in handleError
    sys.stderr.write('--- Logging error ---\n')
  File "/home/airflow/.local/lib/python3.8/site-packages/airflow/utils/log/logging_mixin.py", line 200, in write
    self.flush()
  File "/home/airflow/.local/lib/python3.8/site-packages/airflow/utils/log/logging_mixin.py", line 207, in flush
    self._propagate_log(buf)
  File "/home/airflow/.local/lib/python3.8/site-packages/airflow/utils/log/logging_mixin.py", line 188, in _propagate_log
    self.logger.log(self.level, remove_escape_codes(message))
  File "/usr/local/lib/python3.8/logging/__init__.py", line 1512, in log
    self._log(level, msg, args, **kwargs)
  File "/usr/local/lib/python3.8/logging/__init__.py", line 1589, in _log
    self.handle(record)
  File "/usr/local/lib/python3.8/logging/__init__.py", line 1599, in handle
    self.callHandlers(record)
  File "/usr/local/lib/python3.8/logging/__init__.py", line 1661, in callHandlers
    hdlr.handle(record)
  File "/usr/local/lib/python3.8/logging/__init__.py", line 954, in handle
    self.emit(record)
  File "/home/airflow/.local/lib/python3.8/site-packages/airflow/utils/log/file_processor_handler.py", line 73, in emit
    self.handler.emit(record)
  File "/usr/local/lib/python3.8/logging/__init__.py", line 1187, in emit
    StreamHandler.emit(self, record)
  File "/usr/local/lib/python3.8/logging/__init__.py", line 1093, in emit
    self.handleError(record)
  File "/usr/local/lib/python3.8/logging/__init__.py", line 1006, in handleError
    sys.stderr.write('--- Logging error ---\n')
  File "/home/airflow/.local/lib/python3.8/site-packages/airflow/utils/log/logging_mixin.py", line 200, in write
    self.flush()
  File "/home/airflow/.local/lib/python3.8/site-packages/airflow/utils/log/logging_mixin.py", line 207, in flush
    self._propagate_log(buf)
  File "/home/airflow/.local/lib/python3.8/site-packages/airflow/utils/log/logging_mixin.py", line 188, in _propagate_log
    self.logger.log(self.level, remove_escape_codes(message))
  File "/usr/local/lib/python3.8/logging/__init__.py", line 1512, in log
    self._log(level, msg, args, **kwargs)
  File "/usr/local/lib/python3.8/logging/__init__.py", line 1589, in _log
    self.handle(record)
  File "/usr/local/lib/python3.8/logging/__init__.py", line 1599, in handle
    self.callHandlers(record)
  File "/usr/local/lib/python3.8/logging/__init__.py", line 1661, in callHandlers
    hdlr.handle(record)
  File "/usr/local/lib/python3.8/logging/__init__.py", line 954, in handle
    self.emit(record)
  File "/home/airflow/.local/lib/python3.8/site-packages/airflow/utils/log/file_processor_handler.py", line 73, in emit
    self.handler.emit(record)
  File "/usr/local/lib/python3.8/logging/__init__.py", line 1187, in emit
    StreamHandler.emit(self, record)
  File "/usr/local/lib/python3.8/logging/__init__.py", line 1093, in emit
    self.handleError(record)
  File "/usr/local/lib/python3.8/logging/__init__.py", line 1006, in handleError
    sys.stderr.write('--- Logging error ---\n')
  File "/home/airflow/.local/lib/python3.8/site-packages/airflow/utils/log/logging_mixin.py", line 200, in write
    self.flush()
  File "/home/airflow/.local/lib/python3.8/site-packages/airflow/utils/log/logging_mixin.py", line 207, in flush
    self._propagate_log(buf)
  File "/home/airflow/.local/lib/python3.8/site-packages/airflow/utils/log/logging_mixin.py", line 188, in _propagate_log
    self.logger.log(self.level, remove_escape_codes(message))
  File "/usr/local/lib/python3.8/logging/__init__.py", line 1512, in log
    self._log(level, msg, args, **kwargs)
  File "/usr/local/lib/python3.8/logging/__init__.py", line 1589, in _log
    self.handle(record)
  File "/usr/local/lib/python3.8/logging/__init__.py", line 1599, in handle
    self.callHandlers(record)
  File "/usr/local/lib/python3.8/logging/__init__.py", line 1661, in callHandlers
    hdlr.handle(record)
  File "/usr/local/lib/python3.8/logging/__init__.py", line 954, in handle
    self.emit(record)
  File "/home/airflow/.local/lib/python3.8/site-packages/airflow/utils/log/file_processor_handler.py", line 73, in emit
    self.handler.emit(record)
  File "/usr/local/lib/python3.8/logging/__init__.py", line 1187, in emit
    StreamHandler.emit(self, record)
  File "/usr/local/lib/python3.8/logging/__init__.py", line 1093, in emit
    self.handleError(record)
  File "/usr/local/lib/python3.8/logging/__init__.py", line 1006, in handleError
    sys.stderr.write('--- Logging error ---\n')
  File "/home/airflow/.local/lib/python3.8/site-packages/airflow/utils/log/logging_mixin.py", line 200, in write
    self.flush()
  File "/home/airflow/.local/lib/python3.8/site-packages/airflow/utils/log/logging_mixin.py", line 207, in flush
    self._propagate_log(buf)
  File "/home/airflow/.local/lib/python3.8/site-packages/airflow/utils/log/logging_mixin.py", line 188, in _propagate_log
    self.logger.log(self.level, remove_escape_codes(message))
  File "/usr/local/lib/python3.8/logging/__init__.py", line 1512, in log
    self._log(level, msg, args, **kwargs)
  File "/usr/local/lib/python3.8/logging/__init__.py", line 1589, in _log
    self.handle(record)
  File "/usr/local/lib/python3.8/logging/__init__.py", line 1599, in handle
    self.callHandlers(record)
  File "/usr/local/lib/python3.8/logging/__init__.py", line 1661, in callHandlers
    hdlr.handle(record)
  File "/usr/local/lib/python3.8/logging/__init__.py", line 954, in handle
    self.emit(record)
  File "/home/airflow/.local/lib/python3.8/site-packages/airflow/utils/log/file_processor_handler.py", line 73, in emit
    self.handler.emit(record)
  File "/usr/local/lib/python3.8/logging/__init__.py", line 1187, in emit
    StreamHandler.emit(self, record)
  File "/usr/local/lib/python3.8/logging/__init__.py", line 1093, in emit
    self.handleError(record)
  File "/usr/local/lib/python3.8/logging/__init__.py", line 1006, in handleError
    sys.stderr.write('--- Logging error ---\n')
  File "/home/airflow/.local/lib/python3.8/site-packages/airflow/utils/log/logging_mixin.py", line 200, in write
    self.flush()
  File "/home/airflow/.local/lib/python3.8/site-packages/airflow/utils/log/logging_mixin.py", line 207, in flush
    self._propagate_log(buf)
  File "/home/airflow/.local/lib/python3.8/site-packages/airflow/utils/log/logging_mixin.py", line 188, in _propagate_log
    self.logger.log(self.level, remove_escape_codes(message))
  File "/usr/local/lib/python3.8/logging/__init__.py", line 1512, in log
    self._log(level, msg, args, **kwargs)
  File "/usr/local/lib/python3.8/logging/__init__.py", line 1589, in _log
    self.handle(record)
  File "/usr/local/lib/python3.8/logging/__init__.py", line 1599, in handle
    self.callHandlers(record)
  File "/usr/local/lib/python3.8/logging/__init__.py", line 1661, in callHandlers
    hdlr.handle(record)
  File "/usr/local/lib/python3.8/logging/__init__.py", line 954, in handle
    self.emit(record)
  File "/home/airflow/.local/lib/python3.8/site-packages/airflow/utils/log/file_processor_handler.py", line 73, in emit
    self.handler.emit(record)
  File "/usr/local/lib/python3.8/logging/__init__.py", line 1187, in emit
    StreamHandler.emit(self, record)
  File "/usr/local/lib/python3.8/logging/__init__.py", line 1093, in emit
    self.handleError(record)
  File "/usr/local/lib/python3.8/logging/__init__.py", line 1006, in handleError
    sys.stderr.write('--- Logging error ---\n')
  File "/home/airflow/.local/lib/python3.8/site-packages/airflow/utils/log/logging_mixin.py", line 200, in write
    self.flush()
  File "/home/airflow/.local/lib/python3.8/site-packages/airflow/utils/log/logging_mixin.py", line 207, in flush
    self._propagate_log(buf)
  File "/home/airflow/.local/lib/python3.8/site-packages/airflow/utils/log/logging_mixin.py", line 188, in _propagate_log
    self.logger.log(self.level, remove_escape_codes(message))
  File "/usr/local/lib/python3.8/logging/__init__.py", line 1512, in log
    self._log(level, msg, args, **kwargs)
  File "/usr/local/lib/python3.8/logging/__init__.py", line 1589, in _log
    self.handle(record)
  File "/usr/local/lib/python3.8/logging/__init__.py", line 1599, in handle
    self.callHandlers(record)
  File "/usr/local/lib/python3.8/logging/__init__.py", line 1661, in callHandlers
    hdlr.handle(record)
  File "/usr/local/lib/python3.8/logging/__init__.py", line 954, in handle
    self.emit(record)
  File "/home/airflow/.local/lib/python3.8/site-packages/airflow/utils/log/file_processor_handler.py", line 73, in emit
    self.handler.emit(record)
  File "/usr/local/lib/python3.8/logging/__init__.py", line 1187, in emit
    StreamHandler.emit(self, record)
  File "/usr/local/lib/python3.8/logging/__init__.py", line 1093, in emit
    self.handleError(record)
  File "/usr/local/lib/python3.8/logging/__init__.py", line 1006, in handleError
    sys.stderr.write('--- Logging error ---\n')
  File "/home/airflow/.local/lib/python3.8/site-packages/airflow/utils/log/logging_mixin.py", line 200, in write
    self.flush()
  File "/home/airflow/.local/lib/python3.8/site-packages/airflow/utils/log/logging_mixin.py", line 207, in flush
    self._propagate_log(buf)
  File "/home/airflow/.local/lib/python3.8/site-packages/airflow/utils/log/logging_mixin.py", line 188, in _propagate_log
    self.logger.log(self.level, remove_escape_codes(message))
  File "/usr/local/lib/python3.8/logging/__init__.py", line 1512, in log
    self._log(level, msg, args, **kwargs)
  File "/usr/local/lib/python3.8/logging/__init__.py", line 1589, in _log
    self.handle(record)
  File "/usr/local/lib/python3.8/logging/__init__.py", line 1599, in handle
    self.callHandlers(record)
  File "/usr/local/lib/python3.8/logging/__init__.py", line 1661, in callHandlers
    hdlr.handle(record)
  File "/usr/local/lib/python3.8/logging/__init__.py", line 954, in handle
    self.emit(record)
  File "/home/airflow/.local/lib/python3.8/site-packages/airflow/utils/log/file_processor_handler.py", line 73, in emit
    self.handler.emit(record)
  File "/usr/local/lib/python3.8/logging/__init__.py", line 1187, in emit
    StreamHandler.emit(self, record)
  File "/usr/local/lib/python3.8/logging/__init__.py", line 1093, in emit
    self.handleError(record)
  File "/usr/local/lib/python3.8/logging/__init__.py", line 1006, in handleError
    sys.stderr.write('--- Logging error ---\n')
  File "/home/airflow/.local/lib/python3.8/site-packages/airflow/utils/log/logging_mixin.py", line 200, in write
    self.flush()
  File "/home/airflow/.local/lib/python3.8/site-packages/airflow/utils/log/logging_mixin.py", line 207, in flush
    self._propagate_log(buf)
  File "/home/airflow/.local/lib/python3.8/site-packages/airflow/utils/log/logging_mixin.py", line 188, in _propagate_log
    self.logger.log(self.level, remove_escape_codes(message))
  File "/usr/local/lib/python3.8/logging/__init__.py", line 1512, in log
    self._log(level, msg, args, **kwargs)
  File "/usr/local/lib/python3.8/logging/__init__.py", line 1589, in _log
    self.handle(record)
  File "/usr/local/lib/python3.8/logging/__init__.py", line 1599, in handle
    self.callHandlers(record)
  File "/usr/local/lib/python3.8/logging/__init__.py", line 1661, in callHandlers
    hdlr.handle(record)
  File "/usr/local/lib/python3.8/logging/__init__.py", line 954, in handle
    self.emit(record)
  File "/home/airflow/.local/lib/python3.8/site-packages/airflow/utils/log/file_processor_handler.py", line 73, in emit
    self.handler.emit(record)
  File "/usr/local/lib/python3.8/logging/__init__.py", line 1187, in emit
    StreamHandler.emit(self, record)
  File "/usr/local/lib/python3.8/logging/__init__.py", line 1093, in emit
    self.handleError(record)
  File "/usr/local/lib/python3.8/logging/__init__.py", line 1006, in handleError
    sys.stderr.write('--- Logging error ---\n')
  File "/home/airflow/.local/lib/python3.8/site-packages/airflow/utils/log/logging_mixin.py", line 200, in write
    self.flush()
  File "/home/airflow/.local/lib/python3.8/site-packages/airflow/utils/log/logging_mixin.py", line 207, in flush
    self._propagate_log(buf)
  File "/home/airflow/.local/lib/python3.8/site-packages/airflow/utils/log/logging_mixin.py", line 188, in _propagate_log
    self.logger.log(self.level, remove_escape_codes(message))
  File "/usr/local/lib/python3.8/logging/__init__.py", line 1512, in log
    self._log(level, msg, args, **kwargs)
  File "/usr/local/lib/python3.8/logging/__init__.py", line 1589, in _log
    self.handle(record)
  File "/usr/local/lib/python3.8/logging/__init__.py", line 1599, in handle
    self.callHandlers(record)
  File "/usr/local/lib/python3.8/logging/__init__.py", line 1661, in callHandlers
    hdlr.handle(record)
  File "/usr/local/lib/python3.8/logging/__init__.py", line 954, in handle
    self.emit(record)
  File "/home/airflow/.local/lib/python3.8/site-packages/airflow/utils/log/file_processor_handler.py", line 73, in emit
    self.handler.emit(record)
  File "/usr/local/lib/python3.8/logging/__init__.py", line 1187, in emit
    StreamHandler.emit(self, record)
  File "/usr/local/lib/python3.8/logging/__init__.py", line 1093, in emit
    self.handleError(record)
  File "/usr/local/lib/python3.8/logging/__init__.py", line 1006, in handleError
    sys.stderr.write('--- Logging error ---\n')
  File "/home/airflow/.local/lib/python3.8/site-packages/airflow/utils/log/logging_mixin.py", line 200, in write
    self.flush()
  File "/home/airflow/.local/lib/python3.8/site-packages/airflow/utils/log/logging_mixin.py", line 207, in flush
    self._propagate_log(buf)
  File "/home/airflow/.local/lib/python3.8/site-packages/airflow/utils/log/logging_mixin.py", line 188, in _propagate_log
    self.logger.log(self.level, remove_escape_codes(message))
  File "/usr/local/lib/python3.8/logging/__init__.py", line 1512, in log
    self._log(level, msg, args, **kwargs)
  File "/usr/local/lib/python3.8/logging/__init__.py", line 1589, in _log
    self.handle(record)
  File "/usr/local/lib/python3.8/logging/__init__.py", line 1599, in handle
    self.callHandlers(record)
  File "/usr/local/lib/python3.8/logging/__init__.py", line 1661, in callHandlers
    hdlr.handle(record)
  File "/usr/local/lib/python3.8/logging/__init__.py", line 954, in handle
    self.emit(record)
  File "/home/airflow/.local/lib/python3.8/site-packages/airflow/utils/log/file_processor_handler.py", line 73, in emit
    self.handler.emit(record)
  File "/usr/local/lib/python3.8/logging/__init__.py", line 1187, in emit
    StreamHandler.emit(self, record)
  File "/usr/local/lib/python3.8/logging/__init__.py", line 1093, in emit
    self.handleError(record)
  File "/usr/local/lib/python3.8/logging/__init__.py", line 1006, in handleError
    sys.stderr.write('--- Logging error ---\n')
  File "/home/airflow/.local/lib/python3.8/site-packages/airflow/utils/log/logging_mixin.py", line 200, in write
    self.flush()
  File "/home/airflow/.local/lib/python3.8/site-packages/airflow/utils/log/logging_mixin.py", line 207, in flush
    self._propagate_log(buf)
  File "/home/airflow/.local/lib/python3.8/site-packages/airflow/utils/log/logging_mixin.py", line 188, in _propagate_log
    self.logger.log(self.level, remove_escape_codes(message))
  File "/usr/local/lib/python3.8/logging/__init__.py", line 1512, in log
    self._log(level, msg, args, **kwargs)
  File "/usr/local/lib/python3.8/logging/__init__.py", line 1589, in _log
    self.handle(record)
  File "/usr/local/lib/python3.8/logging/__init__.py", line 1599, in handle
    self.callHandlers(record)
  File "/usr/local/lib/python3.8/logging/__init__.py", line 1661, in callHandlers
    hdlr.handle(record)
  File "/usr/local/lib/python3.8/logging/__init__.py", line 954, in handle
    self.emit(record)
  File "/home/airflow/.local/lib/python3.8/site-packages/airflow/utils/log/file_processor_handler.py", line 73, in emit
    self.handler.emit(record)
  File "/usr/local/lib/python3.8/logging/__init__.py", line 1187, in emit
    StreamHandler.emit(self, record)
  File "/usr/local/lib/python3.8/logging/__init__.py", line 1085, in emit
    msg = self.format(record)
  File "/usr/local/lib/python3.8/logging/__init__.py", line 929, in format
    return fmt.format(record)
  File "/usr/local/lib/python3.8/logging/__init__.py", line 670, in format
    record.asctime = self.formatTime(record, self.datefmt)
  File "/home/airflow/.local/lib/python3.8/site-packages/airflow/utils/log/timezone_aware.py", line 42, in formatTime
    dt = timezone.from_timestamp(record.created, tz="local")
  File "/home/airflow/.local/lib/python3.8/site-packages/airflow/utils/timezone.py", line 328, in from_timestamp
    result = result.in_timezone(tz)
  File "/home/airflow/.local/lib/python3.8/site-packages/pendulum/datetime.py", line 357, in in_timezone
    return tz.convert(dt)
  File "/home/airflow/.local/lib/python3.8/site-packages/pendulum/tz/timezone.py", line 136, in convert
    return cast(_DT, dt.astimezone(self))
  File "/home/airflow/.local/lib/python3.8/site-packages/pendulum/datetime.py", line 1278, in astimezone
    dt = super().astimezone(tz)
  File "/home/airflow/.local/lib/python3.8/site-packages/pendulum/datetime.py", line 1243, in __add__
    caller = traceback.extract_stack(limit=2)[0].name
  File "/usr/local/lib/python3.8/traceback.py", line 211, in extract_stack
    stack = StackSummary.extract(walk_stack(f), limit=limit)
  File "/usr/local/lib/python3.8/traceback.py", line 366, in extract
    f.line
  File "/usr/local/lib/python3.8/traceback.py", line 288, in line
    self._line = linecache.getline(self.filename, self.lineno).strip()
  File "/usr/local/lib/python3.8/linecache.py", line 16, in getline
    lines = getlines(filename, module_globals)
RecursionError: maximum recursion depth exceeded
[2024-03-10T09:58:34.466+0000] {processor.py:161} INFO - Started process (PID=67) to work on /home/airflow/.local/lib/python3.8/site-packages/airflow/example_dags/example_dynamic_task_mapping_with_no_taskflow_operators.py
[2024-03-10T09:58:34.490+0000] {processor.py:830} INFO - Processing file /home/airflow/.local/lib/python3.8/site-packages/airflow/example_dags/example_dynamic_task_mapping_with_no_taskflow_operators.py for tasks to queue
[2024-03-10T09:58:34.536+0000] {logging_mixin.py:188} INFO - [2024-03-10T09:58:34.535+0000] {dagbag.py:540} INFO - Filling up the DagBag from /home/airflow/.local/lib/python3.8/site-packages/airflow/example_dags/example_dynamic_task_mapping_with_no_taskflow_operators.py
[2024-03-10T09:58:34.573+0000] {processor.py:840} INFO - DAG(s) 'example_dynamic_task_mapping_with_no_taskflow_operators' retrieved from /home/airflow/.local/lib/python3.8/site-packages/airflow/example_dags/example_dynamic_task_mapping_with_no_taskflow_operators.py
[2024-03-10T09:58:34.916+0000] {logging_mixin.py:188} INFO - [2024-03-10T09:58:34.914+0000] {dag.py:3047} INFO - Sync 1 DAGs
[2024-03-10T09:58:35.007+0000] {logging_mixin.py:188} INFO - [2024-03-10T09:58:35.006+0000] {dag.py:3834} INFO - Setting next_dagrun for example_dynamic_task_mapping_with_no_taskflow_operators to 2024-03-09 00:00:00+00:00, run_after=2024-03-10 00:00:00+00:00
[2024-03-10T09:58:35.195+0000] {processor.py:183} INFO - Processing /home/airflow/.local/lib/python3.8/site-packages/airflow/example_dags/example_dynamic_task_mapping_with_no_taskflow_operators.py took 0.741 seconds
[2024-03-10T09:59:06.333+0000] {processor.py:161} INFO - Started process (PID=122) to work on /home/airflow/.local/lib/python3.8/site-packages/airflow/example_dags/example_dynamic_task_mapping_with_no_taskflow_operators.py
[2024-03-10T09:59:06.355+0000] {processor.py:830} INFO - Processing file /home/airflow/.local/lib/python3.8/site-packages/airflow/example_dags/example_dynamic_task_mapping_with_no_taskflow_operators.py for tasks to queue
[2024-03-10T09:59:06.364+0000] {logging_mixin.py:188} INFO - [2024-03-10T09:59:06.363+0000] {dagbag.py:540} INFO - Filling up the DagBag from /home/airflow/.local/lib/python3.8/site-packages/airflow/example_dags/example_dynamic_task_mapping_with_no_taskflow_operators.py
[2024-03-10T09:59:06.409+0000] {processor.py:840} INFO - DAG(s) 'example_dynamic_task_mapping_with_no_taskflow_operators' retrieved from /home/airflow/.local/lib/python3.8/site-packages/airflow/example_dags/example_dynamic_task_mapping_with_no_taskflow_operators.py
[2024-03-10T09:59:06.529+0000] {logging_mixin.py:188} INFO - [2024-03-10T09:59:06.529+0000] {dag.py:3047} INFO - Sync 1 DAGs
[2024-03-10T09:59:06.870+0000] {logging_mixin.py:188} INFO - [2024-03-10T09:59:06.870+0000] {dag.py:3834} INFO - Setting next_dagrun for example_dynamic_task_mapping_with_no_taskflow_operators to 2024-03-09 00:00:00+00:00, run_after=2024-03-10 00:00:00+00:00
[2024-03-10T09:59:07.055+0000] {processor.py:183} INFO - Processing /home/airflow/.local/lib/python3.8/site-packages/airflow/example_dags/example_dynamic_task_mapping_with_no_taskflow_operators.py took 0.729 seconds
[2024-03-10T09:59:37.537+0000] {processor.py:161} INFO - Started process (PID=177) to work on /home/airflow/.local/lib/python3.8/site-packages/airflow/example_dags/example_dynamic_task_mapping_with_no_taskflow_operators.py
[2024-03-10T09:59:37.540+0000] {processor.py:830} INFO - Processing file /home/airflow/.local/lib/python3.8/site-packages/airflow/example_dags/example_dynamic_task_mapping_with_no_taskflow_operators.py for tasks to queue
[2024-03-10T09:59:37.544+0000] {logging_mixin.py:188} INFO - [2024-03-10T09:59:37.543+0000] {dagbag.py:540} INFO - Filling up the DagBag from /home/airflow/.local/lib/python3.8/site-packages/airflow/example_dags/example_dynamic_task_mapping_with_no_taskflow_operators.py
[2024-03-10T09:59:37.554+0000] {processor.py:840} INFO - DAG(s) 'example_dynamic_task_mapping_with_no_taskflow_operators' retrieved from /home/airflow/.local/lib/python3.8/site-packages/airflow/example_dags/example_dynamic_task_mapping_with_no_taskflow_operators.py
[2024-03-10T09:59:37.584+0000] {logging_mixin.py:188} INFO - [2024-03-10T09:59:37.583+0000] {dag.py:3047} INFO - Sync 1 DAGs
[2024-03-10T09:59:37.619+0000] {logging_mixin.py:188} INFO - [2024-03-10T09:59:37.619+0000] {dag.py:3834} INFO - Setting next_dagrun for example_dynamic_task_mapping_with_no_taskflow_operators to 2024-03-09 00:00:00+00:00, run_after=2024-03-10 00:00:00+00:00
[2024-03-10T09:59:37.651+0000] {processor.py:183} INFO - Processing /home/airflow/.local/lib/python3.8/site-packages/airflow/example_dags/example_dynamic_task_mapping_with_no_taskflow_operators.py took 0.127 seconds
[2024-03-10T10:00:07.839+0000] {processor.py:161} INFO - Started process (PID=232) to work on /home/airflow/.local/lib/python3.8/site-packages/airflow/example_dags/example_dynamic_task_mapping_with_no_taskflow_operators.py
[2024-03-10T10:00:07.852+0000] {processor.py:830} INFO - Processing file /home/airflow/.local/lib/python3.8/site-packages/airflow/example_dags/example_dynamic_task_mapping_with_no_taskflow_operators.py for tasks to queue
[2024-03-10T10:00:07.856+0000] {logging_mixin.py:188} INFO - [2024-03-10T10:00:07.855+0000] {dagbag.py:540} INFO - Filling up the DagBag from /home/airflow/.local/lib/python3.8/site-packages/airflow/example_dags/example_dynamic_task_mapping_with_no_taskflow_operators.py
[2024-03-10T10:00:07.891+0000] {processor.py:840} INFO - DAG(s) 'example_dynamic_task_mapping_with_no_taskflow_operators' retrieved from /home/airflow/.local/lib/python3.8/site-packages/airflow/example_dags/example_dynamic_task_mapping_with_no_taskflow_operators.py
[2024-03-10T10:00:07.998+0000] {logging_mixin.py:188} INFO - [2024-03-10T10:00:07.997+0000] {dag.py:3047} INFO - Sync 1 DAGs
[2024-03-10T10:00:08.063+0000] {logging_mixin.py:188} INFO - [2024-03-10T10:00:08.062+0000] {dag.py:3834} INFO - Setting next_dagrun for example_dynamic_task_mapping_with_no_taskflow_operators to 2024-03-09 00:00:00+00:00, run_after=2024-03-10 00:00:00+00:00
[2024-03-10T10:00:08.114+0000] {processor.py:183} INFO - Processing /home/airflow/.local/lib/python3.8/site-packages/airflow/example_dags/example_dynamic_task_mapping_with_no_taskflow_operators.py took 0.283 seconds
