[2024-04-21T11:04:29.404+0000] {taskinstance.py:1979} INFO - Dependencies all met for dep_context=non-requeueable deps ti=<TaskInstance: currency_parsing.get_data_pound scheduled__2024-04-06T00:00:00+00:00 [queued]>
[2024-04-21T11:04:29.638+0000] {taskinstance.py:1979} INFO - Dependencies all met for dep_context=requeueable deps ti=<TaskInstance: currency_parsing.get_data_pound scheduled__2024-04-06T00:00:00+00:00 [queued]>
[2024-04-21T11:04:29.642+0000] {taskinstance.py:2193} INFO - Starting attempt 1 of 2
[2024-04-21T11:04:30.081+0000] {taskinstance.py:2214} INFO - Executing <Task(PythonOperator): get_data_pound> on 2024-04-06 00:00:00+00:00
[2024-04-21T11:04:30.107+0000] {standard_task_runner.py:60} INFO - Started process 2520 to run task
[2024-04-21T11:04:30.172+0000] {standard_task_runner.py:87} INFO - Running: ['***', 'tasks', 'run', 'currency_parsing', 'get_data_pound', 'scheduled__2024-04-06T00:00:00+00:00', '--job-id', '1979', '--raw', '--subdir', 'DAGS_FOLDER/stage/currency_parsing.py', '--cfg-path', '/tmp/tmpzs6988cx']
[2024-04-21T11:04:30.207+0000] {standard_task_runner.py:88} INFO - Job 1979: Subtask get_data_pound
[2024-04-21T11:04:30.582+0000] {task_command.py:423} INFO - Running <TaskInstance: currency_parsing.get_data_pound scheduled__2024-04-06T00:00:00+00:00 [running]> on host e671688b1343
[2024-04-21T11:04:30.814+0000] {warnings.py:109} WARNING - /home/***/.local/lib/python3.8/site-packages/***/utils/context.py:207: AirflowContextDeprecationWarning: Accessing 'execution_date' from the template is deprecated and will be removed in a future version. Please use 'data_interval_start' or 'logical_date' instead.
  warnings.warn(_create_deprecation_warning(key, self._deprecation_replacements[key]))

[2024-04-21T11:04:31.126+0000] {taskinstance.py:2510} INFO - Exporting env vars: AIRFLOW_CTX_DAG_OWNER='***' AIRFLOW_CTX_DAG_ID='currency_parsing' AIRFLOW_CTX_TASK_ID='get_data_pound' AIRFLOW_CTX_EXECUTION_DATE='2024-04-06T00:00:00+00:00' AIRFLOW_CTX_TRY_NUMBER='1' AIRFLOW_CTX_DAG_RUN_ID='scheduled__2024-04-06T00:00:00+00:00'
[2024-04-21T11:04:31.767+0000] {python.py:202} INFO - Done. Returned value was: ([['AUD', 1.9207435662, '2024-4-5'], ['BGN', 2.2710840801, '2024-4-5'], ['BRL', 6.4034348067, '2024-4-5'], ['CAD', 1.7170860149, '2024-4-5'], ['CHF', 1.1398581313, '2024-4-5'], ['CNY', 9.1382779359, '2024-4-5'], ['CZK', 29.4609772633, '2024-4-5'], ['DKK', 8.6961691427, '2024-4-5'], ['EUR', 1.1657292386, '2024-4-5'], ['GBP', 1, '2024-4-5'], ['HKD', 9.8904736862, '2024-4-5'], ['HRK', 8.4654520009, '2024-4-5'], ['HUF', 454.632182178, '2024-4-5'], ['IDR', 19992.4194736157, '2024-4-5'], ['ILS', 4.7545843646, '2024-4-5'], ['INR', 105.2055772914, '2024-4-5'], ['ISK', 175.1942906989, '2024-4-5'], ['JPY', 191.6172305134, '2024-4-5'], ['KRW', 1705.5231887739, '2024-4-5'], ['MXN', 20.8690130135, '2024-4-5'], ['MYR', 5.9961954962, '2024-4-5'], ['NOK', 13.5573467799, '2024-4-5'], ['NZD', 2.1011715549, '2024-4-5'], ['PHP', 71.3786095882, '2024-4-5'], ['PLN', 4.9906345452, '2024-4-5'], ['RON', 5.7914260367, '2024-4-5'], ['RUB', 116.8355264614, '2024-4-5'], ['SEK', 13.4425514741, '2024-4-5'], ['SGD', 1.7028550532, '2024-4-5'], ['THB', 46.4507135294, '2024-4-5'], ['TRY', 40.4970357993, '2024-4-5'], ['USD', 1.2638547729, '2024-4-5'], ['ZAR', 23.5579036257, '2024-4-5']], ['title', 'rate', 'date'])
[2024-04-21T11:04:31.939+0000] {taskinstance.py:1149} INFO - Marking task as SUCCESS. dag_id=currency_parsing, task_id=get_data_pound, execution_date=20240406T000000, start_date=20240421T110429, end_date=20240421T110431
[2024-04-21T11:04:32.177+0000] {local_task_job_runner.py:234} INFO - Task exited with return code 0
[2024-04-21T11:04:32.335+0000] {taskinstance.py:3309} INFO - 1 downstream tasks scheduled from follow-on schedule check
[2024-04-27T12:18:54.640+0000] {taskinstance.py:1979} INFO - Dependencies all met for dep_context=non-requeueable deps ti=<TaskInstance: currency_parsing.get_data_pound scheduled__2024-04-06T00:00:00+00:00 [queued]>
[2024-04-27T12:18:55.196+0000] {taskinstance.py:1979} INFO - Dependencies all met for dep_context=requeueable deps ti=<TaskInstance: currency_parsing.get_data_pound scheduled__2024-04-06T00:00:00+00:00 [queued]>
[2024-04-27T12:18:55.214+0000] {taskinstance.py:2193} INFO - Starting attempt 1 of 2
[2024-04-27T12:18:56.140+0000] {taskinstance.py:2214} INFO - Executing <Task(PythonOperator): get_data_pound> on 2024-04-06 00:00:00+00:00
[2024-04-27T12:18:56.275+0000] {standard_task_runner.py:60} INFO - Started process 1905 to run task
[2024-04-27T12:18:56.524+0000] {standard_task_runner.py:87} INFO - Running: ['***', 'tasks', 'run', 'currency_parsing', 'get_data_pound', 'scheduled__2024-04-06T00:00:00+00:00', '--job-id', '2309', '--raw', '--subdir', 'DAGS_FOLDER/stage/currency_parsing.py', '--cfg-path', '/tmp/tmpqvnmw61d']
[2024-04-27T12:18:56.573+0000] {standard_task_runner.py:88} INFO - Job 2309: Subtask get_data_pound
[2024-04-27T12:18:57.282+0000] {task_command.py:423} INFO - Running <TaskInstance: currency_parsing.get_data_pound scheduled__2024-04-06T00:00:00+00:00 [running]> on host 65a8688265d1
[2024-04-27T12:18:58.076+0000] {warnings.py:109} WARNING - /home/***/.local/lib/python3.8/site-packages/***/utils/context.py:207: AirflowContextDeprecationWarning: Accessing 'execution_date' from the template is deprecated and will be removed in a future version. Please use 'data_interval_start' or 'logical_date' instead.
  warnings.warn(_create_deprecation_warning(key, self._deprecation_replacements[key]))

[2024-04-27T12:18:59.008+0000] {taskinstance.py:2510} INFO - Exporting env vars: AIRFLOW_CTX_DAG_OWNER='***' AIRFLOW_CTX_DAG_ID='currency_parsing' AIRFLOW_CTX_TASK_ID='get_data_pound' AIRFLOW_CTX_EXECUTION_DATE='2024-04-06T00:00:00+00:00' AIRFLOW_CTX_TRY_NUMBER='1' AIRFLOW_CTX_DAG_RUN_ID='scheduled__2024-04-06T00:00:00+00:00'
[2024-04-27T12:19:20.989+0000] {taskinstance.py:2728} ERROR - Task failed with exception
Traceback (most recent call last):
  File "/home/airflow/.local/lib/python3.8/site-packages/urllib3/connectionpool.py", line 715, in urlopen
    httplib_response = self._make_request(
  File "/home/airflow/.local/lib/python3.8/site-packages/urllib3/connectionpool.py", line 404, in _make_request
    self._validate_conn(conn)
  File "/home/airflow/.local/lib/python3.8/site-packages/urllib3/connectionpool.py", line 1058, in _validate_conn
    conn.connect()
  File "/home/airflow/.local/lib/python3.8/site-packages/urllib3/connection.py", line 419, in connect
    self.sock = ssl_wrap_socket(
  File "/home/airflow/.local/lib/python3.8/site-packages/urllib3/util/ssl_.py", line 449, in ssl_wrap_socket
    ssl_sock = _ssl_wrap_socket_impl(
  File "/home/airflow/.local/lib/python3.8/site-packages/urllib3/util/ssl_.py", line 493, in _ssl_wrap_socket_impl
    return ssl_context.wrap_socket(sock, server_hostname=server_hostname)
  File "/usr/local/lib/python3.8/ssl.py", line 500, in wrap_socket
    return self.sslsocket_class._create(
  File "/usr/local/lib/python3.8/ssl.py", line 1073, in _create
    self.do_handshake()
  File "/usr/local/lib/python3.8/ssl.py", line 1342, in do_handshake
    self._sslobj.do_handshake()
ssl.SSLZeroReturnError: TLS/SSL connection has been closed (EOF) (_ssl.c:1131)

During handling of the above exception, another exception occurred:

Traceback (most recent call last):
  File "/home/airflow/.local/lib/python3.8/site-packages/requests/adapters.py", line 486, in send
    resp = conn.urlopen(
  File "/home/airflow/.local/lib/python3.8/site-packages/urllib3/connectionpool.py", line 799, in urlopen
    retries = retries.increment(
  File "/home/airflow/.local/lib/python3.8/site-packages/urllib3/util/retry.py", line 592, in increment
    raise MaxRetryError(_pool, url, error or ResponseError(cause))
urllib3.exceptions.MaxRetryError: HTTPSConnectionPool(host='api.freecurrencyapi.com', port=443): Max retries exceeded with url: /v1/historical?date=2024-04-05&base_currency=GBP&currencies= (Caused by SSLError(SSLZeroReturnError(6, 'TLS/SSL connection has been closed (EOF) (_ssl.c:1131)')))

During handling of the above exception, another exception occurred:

Traceback (most recent call last):
  File "/home/airflow/.local/lib/python3.8/site-packages/airflow/models/taskinstance.py", line 444, in _execute_task
    result = _execute_callable(context=context, **execute_callable_kwargs)
  File "/home/airflow/.local/lib/python3.8/site-packages/airflow/models/taskinstance.py", line 414, in _execute_callable
    return execute_callable(context=context, **execute_callable_kwargs)
  File "/home/airflow/.local/lib/python3.8/site-packages/airflow/operators/python.py", line 200, in execute
    return_value = self.execute_callable()
  File "/home/airflow/.local/lib/python3.8/site-packages/airflow/operators/python.py", line 217, in execute_callable
    return self.python_callable(*self.op_args, **self.op_kwargs)
  File "/opt/airflow/dags/stage/currency_parsing.py", line 14, in get_data_pound
    currencies_list = get_currency_list(execution_date, 'GBP')
  File "/opt/airflow/dags/stage/currency_utils.py", line 21, in get_currency_list
    data = client.historical(f'{year}-{int(month):02d}-{int(day):02d}', base_currency=base_currency)
  File "/home/airflow/.local/lib/python3.8/site-packages/freecurrencyapi/client.py", line 32, in historical
    return self._request('/historical', params={
  File "/home/airflow/.local/lib/python3.8/site-packages/everapi/client.py", line 43, in _request
    response = requests.request(
  File "/home/airflow/.local/lib/python3.8/site-packages/requests/api.py", line 59, in request
    return session.request(method=method, url=url, **kwargs)
  File "/home/airflow/.local/lib/python3.8/site-packages/requests/sessions.py", line 589, in request
    resp = self.send(prep, **send_kwargs)
  File "/home/airflow/.local/lib/python3.8/site-packages/requests/sessions.py", line 703, in send
    r = adapter.send(request, **kwargs)
  File "/home/airflow/.local/lib/python3.8/site-packages/requests/adapters.py", line 517, in send
    raise SSLError(e, request=request)
requests.exceptions.SSLError: HTTPSConnectionPool(host='api.freecurrencyapi.com', port=443): Max retries exceeded with url: /v1/historical?date=2024-04-05&base_currency=GBP&currencies= (Caused by SSLError(SSLZeroReturnError(6, 'TLS/SSL connection has been closed (EOF) (_ssl.c:1131)')))
[2024-04-27T12:19:23.363+0000] {taskinstance.py:1149} INFO - Marking task as UP_FOR_RETRY. dag_id=currency_parsing, task_id=get_data_pound, execution_date=20240406T000000, start_date=20240427T121854, end_date=20240427T121923
[2024-04-27T12:19:24.965+0000] {standard_task_runner.py:107} ERROR - Failed to execute job 2309 for task get_data_pound (HTTPSConnectionPool(host='api.freecurrencyapi.com', port=443): Max retries exceeded with url: /v1/historical?date=2024-04-05&base_currency=GBP&currencies= (Caused by SSLError(SSLZeroReturnError(6, 'TLS/SSL connection has been closed (EOF) (_ssl.c:1131)'))); 1905)
[2024-04-27T12:19:28.775+0000] {local_task_job_runner.py:234} INFO - Task exited with return code 1
[2024-04-27T12:19:32.596+0000] {warnings.py:109} WARNING - /home/***/.local/lib/python3.8/site-packages/***/models/baseoperator.py:1201: AirflowProviderDeprecationWarning: Call to deprecated class PostgresOperator. (Please use `***.providers.common.sql.operators.sql.SQLExecuteQueryOperator`.Also, you can provide `hook_params={'schema': <database>}`.)
  result = cls.__new__(cls)

[2024-04-27T12:19:36.882+0000] {taskinstance.py:3309} INFO - 0 downstream tasks scheduled from follow-on schedule check
