[2024-04-21T11:04:28.267+0000] {taskinstance.py:1979} INFO - Dependencies all met for dep_context=non-requeueable deps ti=<TaskInstance: currency_parsing.get_data_pound scheduled__2024-04-05T00:00:00+00:00 [queued]>
[2024-04-21T11:04:28.464+0000] {taskinstance.py:1979} INFO - Dependencies all met for dep_context=requeueable deps ti=<TaskInstance: currency_parsing.get_data_pound scheduled__2024-04-05T00:00:00+00:00 [queued]>
[2024-04-21T11:04:28.468+0000] {taskinstance.py:2193} INFO - Starting attempt 1 of 2
[2024-04-21T11:04:28.828+0000] {taskinstance.py:2214} INFO - Executing <Task(PythonOperator): get_data_pound> on 2024-04-05 00:00:00+00:00
[2024-04-21T11:04:28.924+0000] {standard_task_runner.py:60} INFO - Started process 2513 to run task
[2024-04-21T11:04:28.963+0000] {standard_task_runner.py:87} INFO - Running: ['***', 'tasks', 'run', 'currency_parsing', 'get_data_pound', 'scheduled__2024-04-05T00:00:00+00:00', '--job-id', '1974', '--raw', '--subdir', 'DAGS_FOLDER/stage/currency_parsing.py', '--cfg-path', '/tmp/tmpqurn7wlr']
[2024-04-21T11:04:29.026+0000] {standard_task_runner.py:88} INFO - Job 1974: Subtask get_data_pound
[2024-04-21T11:04:29.505+0000] {task_command.py:423} INFO - Running <TaskInstance: currency_parsing.get_data_pound scheduled__2024-04-05T00:00:00+00:00 [running]> on host e671688b1343
[2024-04-21T11:04:30.038+0000] {warnings.py:109} WARNING - /home/***/.local/lib/python3.8/site-packages/***/utils/context.py:207: AirflowContextDeprecationWarning: Accessing 'execution_date' from the template is deprecated and will be removed in a future version. Please use 'data_interval_start' or 'logical_date' instead.
  warnings.warn(_create_deprecation_warning(key, self._deprecation_replacements[key]))

[2024-04-21T11:04:30.380+0000] {taskinstance.py:2510} INFO - Exporting env vars: AIRFLOW_CTX_DAG_OWNER='***' AIRFLOW_CTX_DAG_ID='currency_parsing' AIRFLOW_CTX_TASK_ID='get_data_pound' AIRFLOW_CTX_EXECUTION_DATE='2024-04-05T00:00:00+00:00' AIRFLOW_CTX_TRY_NUMBER='1' AIRFLOW_CTX_DAG_RUN_ID='scheduled__2024-04-05T00:00:00+00:00'
[2024-04-21T11:04:31.546+0000] {python.py:202} INFO - Done. Returned value was: ([['AUD', 1.9184723165, '2024-4-4'], ['BGN', 2.278475825, '2024-4-4'], ['BRL', 6.3669819503, '2024-4-4'], ['CAD', 1.7117392235, '2024-4-4'], ['CHF', 1.1394907976, '2024-4-4'], ['CNY', 9.1409186464, '2024-4-4'], ['CZK', 29.5052068744, '2024-4-4'], ['DKK', 8.6990210484, '2024-4-4'], ['EUR', 1.1664938589, '2024-4-4'], ['GBP', 1, '2024-4-4'], ['HKD', 9.8928085099, '2024-4-4'], ['HRK', 8.4654875287, '2024-4-4'], ['HUF', 456.9011610181, '2024-4-4'], ['IDR', 20065.5079016987, '2024-4-4'], ['ILS', 4.7459353141, '2024-4-4'], ['INR', 105.3490399598, '2024-4-4'], ['ISK', 175.5570689264, '2024-4-4'], ['JPY', 191.2200788339, '2024-4-4'], ['KRW', 1703.2407233359, '2024-4-4'], ['MXN', 20.9361066239, '2024-4-4'], ['MYR', 5.9877874291, '2024-4-4'], ['NOK', 13.5615019723, '2024-4-4'], ['NZD', 2.097190902, '2024-4-4'], ['PHP', 71.3404315747, '2024-4-4'], ['PLN', 5.0021490319, '2024-4-4'], ['RON', 5.7953401821, '2024-4-4'], ['RUB', 116.650046408, '2024-4-4'], ['SEK', 13.4550066882, '2024-4-4'], ['SGD', 1.7041160757, '2024-4-4'], ['THB', 46.4029208007, '2024-4-4'], ['TRY', 40.3723151438, '2024-4-4'], ['USD', 1.2641903034, '2024-4-4'], ['ZAR', 23.6391096748, '2024-4-4']], ['title', 'rate', 'date'])
[2024-04-21T11:04:31.734+0000] {taskinstance.py:1149} INFO - Marking task as SUCCESS. dag_id=currency_parsing, task_id=get_data_pound, execution_date=20240405T000000, start_date=20240421T110428, end_date=20240421T110431
[2024-04-21T11:04:31.928+0000] {local_task_job_runner.py:234} INFO - Task exited with return code 0
[2024-04-21T11:04:32.248+0000] {taskinstance.py:3309} INFO - 1 downstream tasks scheduled from follow-on schedule check
[2024-04-27T12:18:43.399+0000] {taskinstance.py:1979} INFO - Dependencies all met for dep_context=non-requeueable deps ti=<TaskInstance: currency_parsing.get_data_pound scheduled__2024-04-05T00:00:00+00:00 [queued]>
[2024-04-27T12:18:44.696+0000] {taskinstance.py:1979} INFO - Dependencies all met for dep_context=requeueable deps ti=<TaskInstance: currency_parsing.get_data_pound scheduled__2024-04-05T00:00:00+00:00 [queued]>
[2024-04-27T12:18:44.735+0000] {taskinstance.py:2193} INFO - Starting attempt 1 of 2
[2024-04-27T12:18:51.454+0000] {taskinstance.py:2214} INFO - Executing <Task(PythonOperator): get_data_pound> on 2024-04-05 00:00:00+00:00
[2024-04-27T12:18:51.552+0000] {standard_task_runner.py:60} INFO - Started process 1900 to run task
[2024-04-27T12:18:51.956+0000] {standard_task_runner.py:87} INFO - Running: ['***', 'tasks', 'run', 'currency_parsing', 'get_data_pound', 'scheduled__2024-04-05T00:00:00+00:00', '--job-id', '2307', '--raw', '--subdir', 'DAGS_FOLDER/stage/currency_parsing.py', '--cfg-path', '/tmp/tmpmkc4u3gm']
[2024-04-27T12:18:52.175+0000] {standard_task_runner.py:88} INFO - Job 2307: Subtask get_data_pound
[2024-04-27T12:18:54.757+0000] {task_command.py:423} INFO - Running <TaskInstance: currency_parsing.get_data_pound scheduled__2024-04-05T00:00:00+00:00 [running]> on host 65a8688265d1
[2024-04-27T12:18:56.290+0000] {warnings.py:109} WARNING - /home/***/.local/lib/python3.8/site-packages/***/utils/context.py:207: AirflowContextDeprecationWarning: Accessing 'execution_date' from the template is deprecated and will be removed in a future version. Please use 'data_interval_start' or 'logical_date' instead.
  warnings.warn(_create_deprecation_warning(key, self._deprecation_replacements[key]))

[2024-04-27T12:18:57.413+0000] {taskinstance.py:2510} INFO - Exporting env vars: AIRFLOW_CTX_DAG_OWNER='***' AIRFLOW_CTX_DAG_ID='currency_parsing' AIRFLOW_CTX_TASK_ID='get_data_pound' AIRFLOW_CTX_EXECUTION_DATE='2024-04-05T00:00:00+00:00' AIRFLOW_CTX_TRY_NUMBER='1' AIRFLOW_CTX_DAG_RUN_ID='scheduled__2024-04-05T00:00:00+00:00'
[2024-04-27T12:19:07.145+0000] {taskinstance.py:2728} ERROR - Task failed with exception
Traceback (most recent call last):
  File "/home/airflow/.local/lib/python3.8/site-packages/urllib3/connectionpool.py", line 715, in urlopen
    httplib_response = self._make_request(
  File "/home/airflow/.local/lib/python3.8/site-packages/urllib3/connectionpool.py", line 404, in _make_request
    self._validate_conn(conn)
  File "/home/airflow/.local/lib/python3.8/site-packages/urllib3/connectionpool.py", line 1058, in _validate_conn
    conn.connect()
  File "/home/airflow/.local/lib/python3.8/site-packages/urllib3/connection.py", line 419, in connect
    self.sock = ssl_wrap_socket(
  File "/home/airflow/.local/lib/python3.8/site-packages/urllib3/util/ssl_.py", line 449, in ssl_wrap_socket
    ssl_sock = _ssl_wrap_socket_impl(
  File "/home/airflow/.local/lib/python3.8/site-packages/urllib3/util/ssl_.py", line 493, in _ssl_wrap_socket_impl
    return ssl_context.wrap_socket(sock, server_hostname=server_hostname)
  File "/usr/local/lib/python3.8/ssl.py", line 500, in wrap_socket
    return self.sslsocket_class._create(
  File "/usr/local/lib/python3.8/ssl.py", line 1073, in _create
    self.do_handshake()
  File "/usr/local/lib/python3.8/ssl.py", line 1342, in do_handshake
    self._sslobj.do_handshake()
ssl.SSLZeroReturnError: TLS/SSL connection has been closed (EOF) (_ssl.c:1131)

During handling of the above exception, another exception occurred:

Traceback (most recent call last):
  File "/home/airflow/.local/lib/python3.8/site-packages/requests/adapters.py", line 486, in send
    resp = conn.urlopen(
  File "/home/airflow/.local/lib/python3.8/site-packages/urllib3/connectionpool.py", line 799, in urlopen
    retries = retries.increment(
  File "/home/airflow/.local/lib/python3.8/site-packages/urllib3/util/retry.py", line 592, in increment
    raise MaxRetryError(_pool, url, error or ResponseError(cause))
urllib3.exceptions.MaxRetryError: HTTPSConnectionPool(host='api.freecurrencyapi.com', port=443): Max retries exceeded with url: /v1/historical?date=2024-04-04&base_currency=GBP&currencies= (Caused by SSLError(SSLZeroReturnError(6, 'TLS/SSL connection has been closed (EOF) (_ssl.c:1131)')))

During handling of the above exception, another exception occurred:

Traceback (most recent call last):
  File "/home/airflow/.local/lib/python3.8/site-packages/airflow/models/taskinstance.py", line 444, in _execute_task
    result = _execute_callable(context=context, **execute_callable_kwargs)
  File "/home/airflow/.local/lib/python3.8/site-packages/airflow/models/taskinstance.py", line 414, in _execute_callable
    return execute_callable(context=context, **execute_callable_kwargs)
  File "/home/airflow/.local/lib/python3.8/site-packages/airflow/operators/python.py", line 200, in execute
    return_value = self.execute_callable()
  File "/home/airflow/.local/lib/python3.8/site-packages/airflow/operators/python.py", line 217, in execute_callable
    return self.python_callable(*self.op_args, **self.op_kwargs)
  File "/opt/airflow/dags/stage/currency_parsing.py", line 14, in get_data_pound
    currencies_list = get_currency_list(execution_date, 'GBP')
  File "/opt/airflow/dags/stage/currency_utils.py", line 21, in get_currency_list
    data = client.historical(f'{year}-{int(month):02d}-{int(day):02d}', base_currency=base_currency)
  File "/home/airflow/.local/lib/python3.8/site-packages/freecurrencyapi/client.py", line 32, in historical
    return self._request('/historical', params={
  File "/home/airflow/.local/lib/python3.8/site-packages/everapi/client.py", line 43, in _request
    response = requests.request(
  File "/home/airflow/.local/lib/python3.8/site-packages/requests/api.py", line 59, in request
    return session.request(method=method, url=url, **kwargs)
  File "/home/airflow/.local/lib/python3.8/site-packages/requests/sessions.py", line 589, in request
    resp = self.send(prep, **send_kwargs)
  File "/home/airflow/.local/lib/python3.8/site-packages/requests/sessions.py", line 703, in send
    r = adapter.send(request, **kwargs)
  File "/home/airflow/.local/lib/python3.8/site-packages/requests/adapters.py", line 517, in send
    raise SSLError(e, request=request)
requests.exceptions.SSLError: HTTPSConnectionPool(host='api.freecurrencyapi.com', port=443): Max retries exceeded with url: /v1/historical?date=2024-04-04&base_currency=GBP&currencies= (Caused by SSLError(SSLZeroReturnError(6, 'TLS/SSL connection has been closed (EOF) (_ssl.c:1131)')))
[2024-04-27T12:19:07.549+0000] {taskinstance.py:1149} INFO - Marking task as UP_FOR_RETRY. dag_id=currency_parsing, task_id=get_data_pound, execution_date=20240405T000000, start_date=20240427T121843, end_date=20240427T121907
[2024-04-27T12:19:08.372+0000] {standard_task_runner.py:107} ERROR - Failed to execute job 2307 for task get_data_pound (HTTPSConnectionPool(host='api.freecurrencyapi.com', port=443): Max retries exceeded with url: /v1/historical?date=2024-04-04&base_currency=GBP&currencies= (Caused by SSLError(SSLZeroReturnError(6, 'TLS/SSL connection has been closed (EOF) (_ssl.c:1131)'))); 1900)
[2024-04-27T12:19:09.543+0000] {local_task_job_runner.py:234} INFO - Task exited with return code 1
[2024-04-27T12:19:14.047+0000] {warnings.py:109} WARNING - /home/***/.local/lib/python3.8/site-packages/***/models/baseoperator.py:1201: AirflowProviderDeprecationWarning: Call to deprecated class PostgresOperator. (Please use `***.providers.common.sql.operators.sql.SQLExecuteQueryOperator`.Also, you can provide `hook_params={'schema': <database>}`.)
  result = cls.__new__(cls)

[2024-04-27T12:19:17.507+0000] {taskinstance.py:3309} INFO - 0 downstream tasks scheduled from follow-on schedule check
