[2024-04-21T11:04:38.770+0000] {taskinstance.py:1979} INFO - Dependencies all met for dep_context=non-requeueable deps ti=<TaskInstance: currency_parsing.get_data_kzt scheduled__2024-04-08T00:00:00+00:00 [queued]>
[2024-04-21T11:04:38.848+0000] {taskinstance.py:1979} INFO - Dependencies all met for dep_context=requeueable deps ti=<TaskInstance: currency_parsing.get_data_kzt scheduled__2024-04-08T00:00:00+00:00 [queued]>
[2024-04-21T11:04:38.854+0000] {taskinstance.py:2193} INFO - Starting attempt 1 of 2
[2024-04-21T11:04:39.231+0000] {taskinstance.py:2214} INFO - Executing <Task(PythonOperator): get_data_kzt> on 2024-04-08 00:00:00+00:00
[2024-04-21T11:04:39.362+0000] {standard_task_runner.py:60} INFO - Started process 2538 to run task
[2024-04-21T11:04:39.404+0000] {standard_task_runner.py:87} INFO - Running: ['***', 'tasks', 'run', 'currency_parsing', 'get_data_kzt', 'scheduled__2024-04-08T00:00:00+00:00', '--job-id', '1987', '--raw', '--subdir', 'DAGS_FOLDER/stage/currency_parsing.py', '--cfg-path', '/tmp/tmpsb719ar2']
[2024-04-21T11:04:39.436+0000] {standard_task_runner.py:88} INFO - Job 1987: Subtask get_data_kzt
[2024-04-21T11:04:40.060+0000] {task_command.py:423} INFO - Running <TaskInstance: currency_parsing.get_data_kzt scheduled__2024-04-08T00:00:00+00:00 [running]> on host e671688b1343
[2024-04-21T11:04:40.972+0000] {warnings.py:109} WARNING - /home/***/.local/lib/python3.8/site-packages/***/utils/context.py:207: AirflowContextDeprecationWarning: Accessing 'execution_date' from the template is deprecated and will be removed in a future version. Please use 'data_interval_start' or 'logical_date' instead.
  warnings.warn(_create_deprecation_warning(key, self._deprecation_replacements[key]))

[2024-04-21T11:04:41.382+0000] {taskinstance.py:2510} INFO - Exporting env vars: AIRFLOW_CTX_DAG_OWNER='***' AIRFLOW_CTX_DAG_ID='currency_parsing' AIRFLOW_CTX_TASK_ID='get_data_kzt' AIRFLOW_CTX_EXECUTION_DATE='2024-04-08T00:00:00+00:00' AIRFLOW_CTX_TRY_NUMBER='1' AIRFLOW_CTX_DAG_RUN_ID='scheduled__2024-04-08T00:00:00+00:00'
[2024-04-21T11:04:43.112+0000] {warnings.py:109} WARNING - /opt/***/dags/stage/currency_parsing.py:52: XMLParsedAsHTMLWarning: It looks like you're parsing an XML document using an HTML parser. If this really is an HTML document (maybe it's XHTML?), you can ignore or filter this warning. If it's XML, you should know that using an XML parser will be more reliable. To parse this document as XML, make sure you have the lxml package installed, and pass the keyword argument `features="xml"` into the BeautifulSoup constructor.
  soup = BeautifulSoup(response.text, 'lxml')

[2024-04-21T11:04:43.467+0000] {python.py:202} INFO - Done. Returned value was: ([['АВСТРАЛИЙСКИЙ ДОЛЛАР', 'AUD', '294.16', '1', '0.00', None, '2024-4-7'], ['АЗЕРБАЙДЖАНСКИЙ МАНАТ', 'AZN', '263.59', '1', '0.00', None, '2024-4-7'], ['АРМЯНСКИЙ ДРАМ', 'AMD', '11.53', '10', '0.00', None, '2024-4-7'], ['БЕЛОРУССКИЙ РУБЛЬ', 'BYN', '136.79', '1', '0.00', None, '2024-4-7'], ['БРАЗИЛЬСКИЙ РЕАЛ', 'BRL', '88.32', '1', '0.00', None, '2024-4-7'], ['ВЕНГЕРСКИХ ФОРИНТОВ', 'HUF', '12.4', '10', '0.00', None, '2024-4-7'], ['ГОНКОНГСКИЙ ДОЛЛАР', 'HKD', '57.07', '1', '0.00', None, '2024-4-7'], ['ГРУЗИНСКИЙ ЛАРИ', 'GEL', '168.6', '1', '0.00', None, '2024-4-7'], ['ДАТСКАЯ КРОНА', 'DKK', '64.9', '1', '0.00', None, '2024-4-7'], ['ДИРХАМ ОАЭ', 'AED', '121.68', '1', '0.00', None, '2024-4-7'], ['ДОЛЛАР США', 'USD', '446.78', '1', '0.00', None, '2024-4-7'], ['ЕВРО', 'EUR', '484', '1', '0.00', None, '2024-4-7'], ['ИНДИЙСКАЯ РУПИЯ', 'INR', '5.36', '1', '0.00', None, '2024-4-7'], ['ИРАНСКИЙ РИАЛ', 'IRR', '10.6', '1000', '0.00', None, '2024-4-7'], ['КАНАДСКИЙ ДОЛЛАР', 'CAD', '329.61', '1', '0.00', None, '2024-4-7'], ['КИТАЙСКИЙ ЮАНЬ', 'CNY', '61.77', '1', '0.00', None, '2024-4-7'], ['КУВЕЙТСКИЙ ДИНАР', 'KWD', '1453.37', '1', '0.00', None, '2024-4-7'], ['КЫРГЫЗСКИЙ СОМ', 'KGS', '5', '1', '0.00', None, '2024-4-7'], ['МАЛАЗИЙСКИЙ РИНГГИТ', 'MYR', '94.16', '1', '0.00', None, '2024-4-7'], ['МЕКСИКАНСКИЙ ПЕСО', 'MXN', '27.02', '1', '0.00', None, '2024-4-7'], ['МОЛДАВСКИЙ ЛЕЙ', 'MDL', '25.39', '1', '0.00', None, '2024-4-7'], ['НОРВЕЖСКАЯ КРОНА', 'NOK', '41.71', '1', '0.00', None, '2024-4-7'], ['ПОЛЬСКИЙ ЗЛОТЫЙ', 'PLN', '112.93', '1', '0.00', None, '2024-4-7'], ['РИЯЛ САУДОВСКОЙ АРАВИИ', 'SAR', '119.12', '1', '0.00', None, '2024-4-7'], ['РОССИЙСКИЙ РУБЛЬ', 'RUB', '4.84', '1', '0.00', None, '2024-4-7'], ['СДР', 'XDR', '592.79', '1', '0.00', None, '2024-4-7'], ['СИНГАПУРСКИЙ ДОЛЛАР', 'SGD', '331.51', '1', '0.00', None, '2024-4-7'], ['ТАДЖИКСКИЙ СОМОНИ', 'TJS', '40.8', '1', '0.00', None, '2024-4-7'], ['ТАЙСКИЙ БАТ', 'THB', '12.2', '1', '0.00', None, '2024-4-7'], ['ТУРЕЦКАЯ ЛИРА', 'TRY', '14', '1', '0.00', None, '2024-4-7'], ['УЗБЕКСКИХ СУМОВ', 'UZS', '3.52', '100', '0.00', None, '2024-4-7'], ['УКРАИНСКАЯ ГРИВНА', 'UAH', '11.51', '1', '0.00', None, '2024-4-7'], ['ФУНТ СТЕРЛИНГОВ СОЕДИНЕННОГО КОРОЛЕВСТВА', 'GBP', '564.33', '1', '0.00', None, '2024-4-7'], ['ЧЕШСКАЯ КРОНА', 'CZK', '19.13', '1', '0.00', None, '2024-4-7'], ['ШВЕДСКАЯ КРОНА', 'SEK', '42.02', '1', '0.00', None, '2024-4-7'], ['ШВЕЙЦАРСКИЙ ФРАНК', 'CHF', '494.88', '1', '0.00', None, '2024-4-7'], ['ЮЖНО-АФРИКАНСКИЙ РАНД', 'ZAR', '24.03', '1', '0.00', None, '2024-4-7'], ['ЮЖНО-КОРЕЙСКИХ ВОН', 'KRW', '33.09', '100', '0.00', None, '2024-4-7'], ['ЯПОНСКАЯ ЙЕНА', 'JPY', '2.95', '1', '0.00', None, '2024-4-7']], ['currency', 'title', 'rate', 'quantity', 'index', 'change', 'date'])
[2024-04-21T11:04:43.831+0000] {taskinstance.py:1149} INFO - Marking task as SUCCESS. dag_id=currency_parsing, task_id=get_data_kzt, execution_date=20240408T000000, start_date=20240421T110438, end_date=20240421T110443
[2024-04-21T11:04:44.202+0000] {local_task_job_runner.py:234} INFO - Task exited with return code 0
[2024-04-21T11:04:44.680+0000] {taskinstance.py:3309} INFO - 1 downstream tasks scheduled from follow-on schedule check
[2024-04-27T12:19:12.480+0000] {taskinstance.py:1979} INFO - Dependencies all met for dep_context=non-requeueable deps ti=<TaskInstance: currency_parsing.get_data_kzt scheduled__2024-04-08T00:00:00+00:00 [queued]>
[2024-04-27T12:19:14.619+0000] {taskinstance.py:1979} INFO - Dependencies all met for dep_context=requeueable deps ti=<TaskInstance: currency_parsing.get_data_kzt scheduled__2024-04-08T00:00:00+00:00 [queued]>
[2024-04-27T12:19:14.696+0000] {taskinstance.py:2193} INFO - Starting attempt 1 of 2
[2024-04-27T12:19:18.843+0000] {taskinstance.py:2214} INFO - Executing <Task(PythonOperator): get_data_kzt> on 2024-04-08 00:00:00+00:00
[2024-04-27T12:19:18.899+0000] {standard_task_runner.py:60} INFO - Started process 1923 to run task
[2024-04-27T12:19:20.068+0000] {standard_task_runner.py:87} INFO - Running: ['***', 'tasks', 'run', 'currency_parsing', 'get_data_kzt', 'scheduled__2024-04-08T00:00:00+00:00', '--job-id', '2316', '--raw', '--subdir', 'DAGS_FOLDER/stage/currency_parsing.py', '--cfg-path', '/tmp/tmp4n60csw2']
[2024-04-27T12:19:20.634+0000] {standard_task_runner.py:88} INFO - Job 2316: Subtask get_data_kzt
[2024-04-27T12:19:28.971+0000] {task_command.py:423} INFO - Running <TaskInstance: currency_parsing.get_data_kzt scheduled__2024-04-08T00:00:00+00:00 [running]> on host 65a8688265d1
[2024-04-27T12:19:35.070+0000] {warnings.py:109} WARNING - /home/***/.local/lib/python3.8/site-packages/***/utils/context.py:207: AirflowContextDeprecationWarning: Accessing 'execution_date' from the template is deprecated and will be removed in a future version. Please use 'data_interval_start' or 'logical_date' instead.
  warnings.warn(_create_deprecation_warning(key, self._deprecation_replacements[key]))

[2024-04-27T12:19:38.608+0000] {taskinstance.py:2510} INFO - Exporting env vars: AIRFLOW_CTX_DAG_OWNER='***' AIRFLOW_CTX_DAG_ID='currency_parsing' AIRFLOW_CTX_TASK_ID='get_data_kzt' AIRFLOW_CTX_EXECUTION_DATE='2024-04-08T00:00:00+00:00' AIRFLOW_CTX_TRY_NUMBER='1' AIRFLOW_CTX_DAG_RUN_ID='scheduled__2024-04-08T00:00:00+00:00'
[2024-04-27T12:19:47.675+0000] {taskinstance.py:2728} ERROR - Task failed with exception
Traceback (most recent call last):
  File "/home/airflow/.local/lib/python3.8/site-packages/urllib3/connection.py", line 174, in _new_conn
    conn = connection.create_connection(
  File "/home/airflow/.local/lib/python3.8/site-packages/urllib3/util/connection.py", line 72, in create_connection
    for res in socket.getaddrinfo(host, port, family, socket.SOCK_STREAM):
  File "/usr/local/lib/python3.8/socket.py", line 918, in getaddrinfo
    for res in _socket.getaddrinfo(host, port, family, type, proto, flags):
socket.gaierror: [Errno -3] Temporary failure in name resolution

During handling of the above exception, another exception occurred:

Traceback (most recent call last):
  File "/home/airflow/.local/lib/python3.8/site-packages/urllib3/connectionpool.py", line 715, in urlopen
    httplib_response = self._make_request(
  File "/home/airflow/.local/lib/python3.8/site-packages/urllib3/connectionpool.py", line 404, in _make_request
    self._validate_conn(conn)
  File "/home/airflow/.local/lib/python3.8/site-packages/urllib3/connectionpool.py", line 1058, in _validate_conn
    conn.connect()
  File "/home/airflow/.local/lib/python3.8/site-packages/urllib3/connection.py", line 363, in connect
    self.sock = conn = self._new_conn()
  File "/home/airflow/.local/lib/python3.8/site-packages/urllib3/connection.py", line 186, in _new_conn
    raise NewConnectionError(
urllib3.exceptions.NewConnectionError: <urllib3.connection.HTTPSConnection object at 0x7faf0d36ff40>: Failed to establish a new connection: [Errno -3] Temporary failure in name resolution

During handling of the above exception, another exception occurred:

Traceback (most recent call last):
  File "/home/airflow/.local/lib/python3.8/site-packages/requests/adapters.py", line 486, in send
    resp = conn.urlopen(
  File "/home/airflow/.local/lib/python3.8/site-packages/urllib3/connectionpool.py", line 799, in urlopen
    retries = retries.increment(
  File "/home/airflow/.local/lib/python3.8/site-packages/urllib3/util/retry.py", line 592, in increment
    raise MaxRetryError(_pool, url, error or ResponseError(cause))
urllib3.exceptions.MaxRetryError: HTTPSConnectionPool(host='nationalbank.kz', port=443): Max retries exceeded with url: /rss/get_rates.cfm?fdate=7.4.2024 (Caused by NewConnectionError('<urllib3.connection.HTTPSConnection object at 0x7faf0d36ff40>: Failed to establish a new connection: [Errno -3] Temporary failure in name resolution'))

During handling of the above exception, another exception occurred:

Traceback (most recent call last):
  File "/home/airflow/.local/lib/python3.8/site-packages/airflow/models/taskinstance.py", line 444, in _execute_task
    result = _execute_callable(context=context, **execute_callable_kwargs)
  File "/home/airflow/.local/lib/python3.8/site-packages/airflow/models/taskinstance.py", line 414, in _execute_callable
    return execute_callable(context=context, **execute_callable_kwargs)
  File "/home/airflow/.local/lib/python3.8/site-packages/airflow/operators/python.py", line 200, in execute
    return_value = self.execute_callable()
  File "/home/airflow/.local/lib/python3.8/site-packages/airflow/operators/python.py", line 217, in execute_callable
    return self.python_callable(*self.op_args, **self.op_kwargs)
  File "/opt/airflow/dags/stage/currency_parsing.py", line 51, in get_data_kzt
    response = requests.get(url, headers=headers)
  File "/home/airflow/.local/lib/python3.8/site-packages/requests/api.py", line 73, in get
    return request("get", url, params=params, **kwargs)
  File "/home/airflow/.local/lib/python3.8/site-packages/requests/api.py", line 59, in request
    return session.request(method=method, url=url, **kwargs)
  File "/home/airflow/.local/lib/python3.8/site-packages/requests/sessions.py", line 589, in request
    resp = self.send(prep, **send_kwargs)
  File "/home/airflow/.local/lib/python3.8/site-packages/requests/sessions.py", line 703, in send
    r = adapter.send(request, **kwargs)
  File "/home/airflow/.local/lib/python3.8/site-packages/requests/adapters.py", line 519, in send
    raise ConnectionError(e, request=request)
requests.exceptions.ConnectionError: HTTPSConnectionPool(host='nationalbank.kz', port=443): Max retries exceeded with url: /rss/get_rates.cfm?fdate=7.4.2024 (Caused by NewConnectionError('<urllib3.connection.HTTPSConnection object at 0x7faf0d36ff40>: Failed to establish a new connection: [Errno -3] Temporary failure in name resolution'))
[2024-04-27T12:19:48.062+0000] {taskinstance.py:1149} INFO - Marking task as UP_FOR_RETRY. dag_id=currency_parsing, task_id=get_data_kzt, execution_date=20240408T000000, start_date=20240427T121912, end_date=20240427T121948
[2024-04-27T12:19:49.272+0000] {standard_task_runner.py:107} ERROR - Failed to execute job 2316 for task get_data_kzt (HTTPSConnectionPool(host='nationalbank.kz', port=443): Max retries exceeded with url: /rss/get_rates.cfm?fdate=7.4.2024 (Caused by NewConnectionError('<urllib3.connection.HTTPSConnection object at 0x7faf0d36ff40>: Failed to establish a new connection: [Errno -3] Temporary failure in name resolution')); 1923)
[2024-04-27T12:19:49.872+0000] {local_task_job_runner.py:234} INFO - Task exited with return code 1
[2024-04-27T12:19:50.304+0000] {warnings.py:109} WARNING - /home/***/.local/lib/python3.8/site-packages/***/models/baseoperator.py:1201: AirflowProviderDeprecationWarning: Call to deprecated class PostgresOperator. (Please use `***.providers.common.sql.operators.sql.SQLExecuteQueryOperator`.Also, you can provide `hook_params={'schema': <database>}`.)
  result = cls.__new__(cls)

[2024-04-27T12:19:50.407+0000] {taskinstance.py:3309} INFO - 0 downstream tasks scheduled from follow-on schedule check
