[2024-04-21T11:04:38.933+0000] {taskinstance.py:1979} INFO - Dependencies all met for dep_context=non-requeueable deps ti=<TaskInstance: currency_parsing.get_data_pound scheduled__2024-04-09T00:00:00+00:00 [queued]>
[2024-04-21T11:04:39.138+0000] {taskinstance.py:1979} INFO - Dependencies all met for dep_context=requeueable deps ti=<TaskInstance: currency_parsing.get_data_pound scheduled__2024-04-09T00:00:00+00:00 [queued]>
[2024-04-21T11:04:39.141+0000] {taskinstance.py:2193} INFO - Starting attempt 1 of 2
[2024-04-21T11:04:39.628+0000] {taskinstance.py:2214} INFO - Executing <Task(PythonOperator): get_data_pound> on 2024-04-09 00:00:00+00:00
[2024-04-21T11:04:39.647+0000] {standard_task_runner.py:60} INFO - Started process 2539 to run task
[2024-04-21T11:04:39.722+0000] {standard_task_runner.py:87} INFO - Running: ['***', 'tasks', 'run', 'currency_parsing', 'get_data_pound', 'scheduled__2024-04-09T00:00:00+00:00', '--job-id', '1986', '--raw', '--subdir', 'DAGS_FOLDER/stage/currency_parsing.py', '--cfg-path', '/tmp/tmp_awfque8']
[2024-04-21T11:04:39.766+0000] {standard_task_runner.py:88} INFO - Job 1986: Subtask get_data_pound
[2024-04-21T11:04:40.846+0000] {task_command.py:423} INFO - Running <TaskInstance: currency_parsing.get_data_pound scheduled__2024-04-09T00:00:00+00:00 [running]> on host e671688b1343
[2024-04-21T11:04:41.513+0000] {warnings.py:109} WARNING - /home/***/.local/lib/python3.8/site-packages/***/utils/context.py:207: AirflowContextDeprecationWarning: Accessing 'execution_date' from the template is deprecated and will be removed in a future version. Please use 'data_interval_start' or 'logical_date' instead.
  warnings.warn(_create_deprecation_warning(key, self._deprecation_replacements[key]))

[2024-04-21T11:04:41.904+0000] {taskinstance.py:2510} INFO - Exporting env vars: AIRFLOW_CTX_DAG_OWNER='***' AIRFLOW_CTX_DAG_ID='currency_parsing' AIRFLOW_CTX_TASK_ID='get_data_pound' AIRFLOW_CTX_EXECUTION_DATE='2024-04-09T00:00:00+00:00' AIRFLOW_CTX_TRY_NUMBER='1' AIRFLOW_CTX_DAG_RUN_ID='scheduled__2024-04-09T00:00:00+00:00'
[2024-04-21T11:04:43.161+0000] {python.py:202} INFO - Done. Returned value was: ([['AUD', 1.9164060914, '2024-4-8'], ['BGN', 2.2799287224, '2024-4-8'], ['BRL', 6.364345145, '2024-4-8'], ['CAD', 1.7174136471, '2024-4-8'], ['CHF', 1.1456595926, '2024-4-8'], ['CNY', 9.150064142, '2024-4-8'], ['CZK', 29.4989046478, '2024-4-8'], ['DKK', 8.6906206397, '2024-4-8'], ['EUR', 1.1651500317, '2024-4-8'], ['GBP', 1, '2024-4-8'], ['HKD', 9.9107358415, '2024-4-8'], ['HRK', 8.4655180044, '2024-4-8'], ['HUF', 453.6916240843, '2024-4-8'], ['IDR', 20024.171578327, '2024-4-8'], ['ILS', 4.6744079374, '2024-4-8'], ['INR', 105.3663693202, '2024-4-8'], ['ISK', 175.148627046, '2024-4-8'], ['JPY', 192.1696857579, '2024-4-8'], ['KRW', 1708.9460732054, '2024-4-8'], ['MXN', 20.6590691755, '2024-4-8'], ['MYR', 6.0127444267, '2024-4-8'], ['NOK', 13.5135484982, '2024-4-8'], ['NZD', 2.0974395935, '2024-4-8'], ['PHP', 71.5472508299, '2024-4-8'], ['PLN', 4.9620695698, '2024-4-8'], ['RON', 5.7873766233, '2024-4-8'], ['RUB', 117.1984198411, '2024-4-8'], ['SEK', 13.361345212, '2024-4-8'], ['SGD', 1.7052763955, '2024-4-8'], ['THB', 46.4617721607, '2024-4-8'], ['TRY', 40.6721432456, '2024-4-8'], ['USD', 1.2656143258, '2024-4-8'], ['ZAR', 23.5808786417, '2024-4-8']], ['title', 'rate', 'date'])
[2024-04-21T11:04:43.556+0000] {taskinstance.py:1149} INFO - Marking task as SUCCESS. dag_id=currency_parsing, task_id=get_data_pound, execution_date=20240409T000000, start_date=20240421T110438, end_date=20240421T110443
[2024-04-21T11:04:43.860+0000] {local_task_job_runner.py:234} INFO - Task exited with return code 0
[2024-04-21T11:04:44.454+0000] {taskinstance.py:3309} INFO - 1 downstream tasks scheduled from follow-on schedule check
[2024-04-27T12:19:44.910+0000] {taskinstance.py:1979} INFO - Dependencies all met for dep_context=non-requeueable deps ti=<TaskInstance: currency_parsing.get_data_pound scheduled__2024-04-09T00:00:00+00:00 [queued]>
[2024-04-27T12:19:45.167+0000] {taskinstance.py:1979} INFO - Dependencies all met for dep_context=requeueable deps ti=<TaskInstance: currency_parsing.get_data_pound scheduled__2024-04-09T00:00:00+00:00 [queued]>
[2024-04-27T12:19:45.176+0000] {taskinstance.py:2193} INFO - Starting attempt 1 of 2
[2024-04-27T12:19:46.366+0000] {taskinstance.py:2214} INFO - Executing <Task(PythonOperator): get_data_pound> on 2024-04-09 00:00:00+00:00
[2024-04-27T12:19:46.526+0000] {standard_task_runner.py:60} INFO - Started process 1942 to run task
[2024-04-27T12:19:46.553+0000] {standard_task_runner.py:87} INFO - Running: ['***', 'tasks', 'run', 'currency_parsing', 'get_data_pound', 'scheduled__2024-04-09T00:00:00+00:00', '--job-id', '2322', '--raw', '--subdir', 'DAGS_FOLDER/stage/currency_parsing.py', '--cfg-path', '/tmp/tmptfn4r7gd']
[2024-04-27T12:19:46.567+0000] {standard_task_runner.py:88} INFO - Job 2322: Subtask get_data_pound
[2024-04-27T12:19:47.570+0000] {task_command.py:423} INFO - Running <TaskInstance: currency_parsing.get_data_pound scheduled__2024-04-09T00:00:00+00:00 [running]> on host 65a8688265d1
[2024-04-27T12:19:49.205+0000] {warnings.py:109} WARNING - /home/***/.local/lib/python3.8/site-packages/***/utils/context.py:207: AirflowContextDeprecationWarning: Accessing 'execution_date' from the template is deprecated and will be removed in a future version. Please use 'data_interval_start' or 'logical_date' instead.
  warnings.warn(_create_deprecation_warning(key, self._deprecation_replacements[key]))

[2024-04-27T12:19:51.323+0000] {taskinstance.py:2510} INFO - Exporting env vars: AIRFLOW_CTX_DAG_OWNER='***' AIRFLOW_CTX_DAG_ID='currency_parsing' AIRFLOW_CTX_TASK_ID='get_data_pound' AIRFLOW_CTX_EXECUTION_DATE='2024-04-09T00:00:00+00:00' AIRFLOW_CTX_TRY_NUMBER='1' AIRFLOW_CTX_DAG_RUN_ID='scheduled__2024-04-09T00:00:00+00:00'
[2024-04-27T12:20:25.526+0000] {taskinstance.py:2728} ERROR - Task failed with exception
Traceback (most recent call last):
  File "/home/airflow/.local/lib/python3.8/site-packages/urllib3/connectionpool.py", line 715, in urlopen
    httplib_response = self._make_request(
  File "/home/airflow/.local/lib/python3.8/site-packages/urllib3/connectionpool.py", line 467, in _make_request
    six.raise_from(e, None)
  File "<string>", line 3, in raise_from
  File "/home/airflow/.local/lib/python3.8/site-packages/urllib3/connectionpool.py", line 462, in _make_request
    httplib_response = conn.getresponse()
  File "/usr/local/lib/python3.8/http/client.py", line 1348, in getresponse
    response.begin()
  File "/usr/local/lib/python3.8/http/client.py", line 316, in begin
    version, status, reason = self._read_status()
  File "/usr/local/lib/python3.8/http/client.py", line 285, in _read_status
    raise RemoteDisconnected("Remote end closed connection without"
http.client.RemoteDisconnected: Remote end closed connection without response

During handling of the above exception, another exception occurred:

Traceback (most recent call last):
  File "/home/airflow/.local/lib/python3.8/site-packages/requests/adapters.py", line 486, in send
    resp = conn.urlopen(
  File "/home/airflow/.local/lib/python3.8/site-packages/urllib3/connectionpool.py", line 799, in urlopen
    retries = retries.increment(
  File "/home/airflow/.local/lib/python3.8/site-packages/urllib3/util/retry.py", line 550, in increment
    raise six.reraise(type(error), error, _stacktrace)
  File "/home/airflow/.local/lib/python3.8/site-packages/urllib3/packages/six.py", line 769, in reraise
    raise value.with_traceback(tb)
  File "/home/airflow/.local/lib/python3.8/site-packages/urllib3/connectionpool.py", line 715, in urlopen
    httplib_response = self._make_request(
  File "/home/airflow/.local/lib/python3.8/site-packages/urllib3/connectionpool.py", line 467, in _make_request
    six.raise_from(e, None)
  File "<string>", line 3, in raise_from
  File "/home/airflow/.local/lib/python3.8/site-packages/urllib3/connectionpool.py", line 462, in _make_request
    httplib_response = conn.getresponse()
  File "/usr/local/lib/python3.8/http/client.py", line 1348, in getresponse
    response.begin()
  File "/usr/local/lib/python3.8/http/client.py", line 316, in begin
    version, status, reason = self._read_status()
  File "/usr/local/lib/python3.8/http/client.py", line 285, in _read_status
    raise RemoteDisconnected("Remote end closed connection without"
urllib3.exceptions.ProtocolError: ('Connection aborted.', RemoteDisconnected('Remote end closed connection without response'))

During handling of the above exception, another exception occurred:

Traceback (most recent call last):
  File "/home/airflow/.local/lib/python3.8/site-packages/airflow/models/taskinstance.py", line 444, in _execute_task
    result = _execute_callable(context=context, **execute_callable_kwargs)
  File "/home/airflow/.local/lib/python3.8/site-packages/airflow/models/taskinstance.py", line 414, in _execute_callable
    return execute_callable(context=context, **execute_callable_kwargs)
  File "/home/airflow/.local/lib/python3.8/site-packages/airflow/operators/python.py", line 200, in execute
    return_value = self.execute_callable()
  File "/home/airflow/.local/lib/python3.8/site-packages/airflow/operators/python.py", line 217, in execute_callable
    return self.python_callable(*self.op_args, **self.op_kwargs)
  File "/opt/airflow/dags/stage/currency_parsing.py", line 14, in get_data_pound
    currencies_list = get_currency_list(execution_date, 'GBP')
  File "/opt/airflow/dags/stage/currency_utils.py", line 21, in get_currency_list
    data = client.historical(f'{year}-{int(month):02d}-{int(day):02d}', base_currency=base_currency)
  File "/home/airflow/.local/lib/python3.8/site-packages/freecurrencyapi/client.py", line 32, in historical
    return self._request('/historical', params={
  File "/home/airflow/.local/lib/python3.8/site-packages/everapi/client.py", line 43, in _request
    response = requests.request(
  File "/home/airflow/.local/lib/python3.8/site-packages/requests/api.py", line 59, in request
    return session.request(method=method, url=url, **kwargs)
  File "/home/airflow/.local/lib/python3.8/site-packages/requests/sessions.py", line 589, in request
    resp = self.send(prep, **send_kwargs)
  File "/home/airflow/.local/lib/python3.8/site-packages/requests/sessions.py", line 703, in send
    r = adapter.send(request, **kwargs)
  File "/home/airflow/.local/lib/python3.8/site-packages/requests/adapters.py", line 501, in send
    raise ConnectionError(err, request=request)
requests.exceptions.ConnectionError: ('Connection aborted.', RemoteDisconnected('Remote end closed connection without response'))
[2024-04-27T12:20:25.595+0000] {taskinstance.py:1149} INFO - Marking task as UP_FOR_RETRY. dag_id=currency_parsing, task_id=get_data_pound, execution_date=20240409T000000, start_date=20240427T121945, end_date=20240427T122025
[2024-04-27T12:20:26.291+0000] {standard_task_runner.py:107} ERROR - Failed to execute job 2322 for task get_data_pound (('Connection aborted.', RemoteDisconnected('Remote end closed connection without response')); 1942)
[2024-04-27T12:20:27.650+0000] {local_task_job_runner.py:234} INFO - Task exited with return code 1
[2024-04-27T12:20:29.276+0000] {warnings.py:109} WARNING - /home/***/.local/lib/python3.8/site-packages/***/models/baseoperator.py:1201: AirflowProviderDeprecationWarning: Call to deprecated class PostgresOperator. (Please use `***.providers.common.sql.operators.sql.SQLExecuteQueryOperator`.Also, you can provide `hook_params={'schema': <database>}`.)
  result = cls.__new__(cls)

[2024-04-27T12:20:30.719+0000] {taskinstance.py:3309} INFO - 0 downstream tasks scheduled from follow-on schedule check
