[2024-04-07T12:28:24.616+0000] {processor.py:161} INFO - Started process (PID=38) to work on /opt/airflow/dags/kolesa.py
[2024-04-07T12:28:24.625+0000] {processor.py:830} INFO - Processing file /opt/airflow/dags/kolesa.py for tasks to queue
[2024-04-07T12:28:24.640+0000] {logging_mixin.py:188} INFO - [2024-04-07T12:28:24.638+0000] {dagbag.py:540} INFO - Filling up the DagBag from /opt/airflow/dags/kolesa.py
[2024-04-07T12:28:32.306+0000] {logging_mixin.py:188} INFO - [2024-04-07T12:28:32.275+0000] {dagbag.py:350} ERROR - Failed to import: /opt/airflow/dags/kolesa.py
Traceback (most recent call last):
  File "/home/airflow/.local/lib/python3.8/site-packages/airflow/models/dagbag.py", line 346, in parse
    loader.exec_module(new_module)
  File "<frozen importlib._bootstrap_external>", line 843, in exec_module
  File "<frozen importlib._bootstrap>", line 219, in _call_with_frames_removed
  File "/opt/airflow/dags/kolesa.py", line 6, in <module>
    from utils import *
  File "/opt/airflow/dags/utils.py", line 15, in <module>
    car_df = pd.read_csv('C:/Users/almat/OneDrive/Desktop/course/airflow/airflow-lesson/car_df.csv', sep=';')
  File "/home/airflow/.local/lib/python3.8/site-packages/pandas/io/parsers/readers.py", line 912, in read_csv
    return _read(filepath_or_buffer, kwds)
  File "/home/airflow/.local/lib/python3.8/site-packages/pandas/io/parsers/readers.py", line 577, in _read
    parser = TextFileReader(filepath_or_buffer, **kwds)
  File "/home/airflow/.local/lib/python3.8/site-packages/pandas/io/parsers/readers.py", line 1407, in __init__
    self._engine = self._make_engine(f, self.engine)
  File "/home/airflow/.local/lib/python3.8/site-packages/pandas/io/parsers/readers.py", line 1661, in _make_engine
    self.handles = get_handle(
  File "/home/airflow/.local/lib/python3.8/site-packages/pandas/io/common.py", line 859, in get_handle
    handle = open(
FileNotFoundError: [Errno 2] No such file or directory: 'C:/Users/almat/OneDrive/Desktop/course/airflow/airflow-lesson/car_df.csv'
[2024-04-07T12:28:32.309+0000] {processor.py:842} WARNING - No viable dags retrieved from /opt/airflow/dags/kolesa.py
[2024-04-07T12:28:32.575+0000] {processor.py:183} INFO - Processing /opt/airflow/dags/kolesa.py took 8.000 seconds
[2024-04-07T12:29:02.962+0000] {processor.py:161} INFO - Started process (PID=56) to work on /opt/airflow/dags/kolesa.py
[2024-04-07T12:29:02.966+0000] {processor.py:830} INFO - Processing file /opt/airflow/dags/kolesa.py for tasks to queue
[2024-04-07T12:29:02.979+0000] {logging_mixin.py:188} INFO - [2024-04-07T12:29:02.976+0000] {dagbag.py:540} INFO - Filling up the DagBag from /opt/airflow/dags/kolesa.py
[2024-04-07T12:29:03.904+0000] {logging_mixin.py:188} INFO - [2024-04-07T12:29:03.892+0000] {dagbag.py:350} ERROR - Failed to import: /opt/airflow/dags/kolesa.py
Traceback (most recent call last):
  File "/home/airflow/.local/lib/python3.8/site-packages/airflow/models/dagbag.py", line 346, in parse
    loader.exec_module(new_module)
  File "<frozen importlib._bootstrap_external>", line 843, in exec_module
  File "<frozen importlib._bootstrap>", line 219, in _call_with_frames_removed
  File "/opt/airflow/dags/kolesa.py", line 6, in <module>
    from utils import *
  File "/opt/airflow/dags/utils.py", line 15, in <module>
    car_df = pd.read_csv('C:/Users/almat/OneDrive/Desktop/course/airflow/airflow-lesson/car_df.csv', sep=';')
  File "/home/airflow/.local/lib/python3.8/site-packages/pandas/io/parsers/readers.py", line 912, in read_csv
    return _read(filepath_or_buffer, kwds)
  File "/home/airflow/.local/lib/python3.8/site-packages/pandas/io/parsers/readers.py", line 577, in _read
    parser = TextFileReader(filepath_or_buffer, **kwds)
  File "/home/airflow/.local/lib/python3.8/site-packages/pandas/io/parsers/readers.py", line 1407, in __init__
    self._engine = self._make_engine(f, self.engine)
  File "/home/airflow/.local/lib/python3.8/site-packages/pandas/io/parsers/readers.py", line 1661, in _make_engine
    self.handles = get_handle(
  File "/home/airflow/.local/lib/python3.8/site-packages/pandas/io/common.py", line 859, in get_handle
    handle = open(
FileNotFoundError: [Errno 2] No such file or directory: 'C:/Users/almat/OneDrive/Desktop/course/airflow/airflow-lesson/car_df.csv'
[2024-04-07T12:29:03.905+0000] {processor.py:842} WARNING - No viable dags retrieved from /opt/airflow/dags/kolesa.py
[2024-04-07T12:29:03.971+0000] {processor.py:183} INFO - Processing /opt/airflow/dags/kolesa.py took 1.020 seconds
[2024-04-07T12:29:34.796+0000] {processor.py:161} INFO - Started process (PID=68) to work on /opt/airflow/dags/kolesa.py
[2024-04-07T12:29:34.853+0000] {processor.py:830} INFO - Processing file /opt/airflow/dags/kolesa.py for tasks to queue
[2024-04-07T12:29:34.970+0000] {logging_mixin.py:188} INFO - [2024-04-07T12:29:34.964+0000] {dagbag.py:540} INFO - Filling up the DagBag from /opt/airflow/dags/kolesa.py
[2024-04-07T12:29:45.473+0000] {logging_mixin.py:188} INFO - [2024-04-07T12:29:45.400+0000] {dagbag.py:350} ERROR - Failed to import: /opt/airflow/dags/kolesa.py
Traceback (most recent call last):
  File "/home/airflow/.local/lib/python3.8/site-packages/airflow/models/dagbag.py", line 346, in parse
    loader.exec_module(new_module)
  File "<frozen importlib._bootstrap_external>", line 843, in exec_module
  File "<frozen importlib._bootstrap>", line 219, in _call_with_frames_removed
  File "/opt/airflow/dags/kolesa.py", line 6, in <module>
    from utils import *
  File "/opt/airflow/dags/utils.py", line 15, in <module>
    car_df = pd.read_csv('C:/Users/almat/OneDrive/Desktop/course/airflow/airflow-lesson/car_df.csv', sep=';')
  File "/home/airflow/.local/lib/python3.8/site-packages/pandas/io/parsers/readers.py", line 912, in read_csv
    return _read(filepath_or_buffer, kwds)
  File "/home/airflow/.local/lib/python3.8/site-packages/pandas/io/parsers/readers.py", line 577, in _read
    parser = TextFileReader(filepath_or_buffer, **kwds)
  File "/home/airflow/.local/lib/python3.8/site-packages/pandas/io/parsers/readers.py", line 1407, in __init__
    self._engine = self._make_engine(f, self.engine)
  File "/home/airflow/.local/lib/python3.8/site-packages/pandas/io/parsers/readers.py", line 1661, in _make_engine
    self.handles = get_handle(
  File "/home/airflow/.local/lib/python3.8/site-packages/pandas/io/common.py", line 859, in get_handle
    handle = open(
FileNotFoundError: [Errno 2] No such file or directory: 'C:/Users/almat/OneDrive/Desktop/course/airflow/airflow-lesson/car_df.csv'
[2024-04-07T12:29:45.487+0000] {processor.py:842} WARNING - No viable dags retrieved from /opt/airflow/dags/kolesa.py
[2024-04-07T12:29:45.683+0000] {processor.py:183} INFO - Processing /opt/airflow/dags/kolesa.py took 10.959 seconds
[2024-04-07T12:30:16.617+0000] {processor.py:161} INFO - Started process (PID=81) to work on /opt/airflow/dags/kolesa.py
[2024-04-07T12:30:16.620+0000] {processor.py:830} INFO - Processing file /opt/airflow/dags/kolesa.py for tasks to queue
[2024-04-07T12:30:16.636+0000] {logging_mixin.py:188} INFO - [2024-04-07T12:30:16.635+0000] {dagbag.py:540} INFO - Filling up the DagBag from /opt/airflow/dags/kolesa.py
[2024-04-07T12:30:17.452+0000] {logging_mixin.py:188} INFO - [2024-04-07T12:30:17.436+0000] {dagbag.py:350} ERROR - Failed to import: /opt/airflow/dags/kolesa.py
Traceback (most recent call last):
  File "/home/airflow/.local/lib/python3.8/site-packages/airflow/models/dagbag.py", line 346, in parse
    loader.exec_module(new_module)
  File "<frozen importlib._bootstrap_external>", line 843, in exec_module
  File "<frozen importlib._bootstrap>", line 219, in _call_with_frames_removed
  File "/opt/airflow/dags/kolesa.py", line 6, in <module>
    from utils import *
  File "/opt/airflow/dags/utils.py", line 15, in <module>
    car_df = pd.read_csv('C:/Users/almat/OneDrive/Desktop/course/airflow/airflow-lesson/car_df.csv', sep=';')
  File "/home/airflow/.local/lib/python3.8/site-packages/pandas/io/parsers/readers.py", line 912, in read_csv
    return _read(filepath_or_buffer, kwds)
  File "/home/airflow/.local/lib/python3.8/site-packages/pandas/io/parsers/readers.py", line 577, in _read
    parser = TextFileReader(filepath_or_buffer, **kwds)
  File "/home/airflow/.local/lib/python3.8/site-packages/pandas/io/parsers/readers.py", line 1407, in __init__
    self._engine = self._make_engine(f, self.engine)
  File "/home/airflow/.local/lib/python3.8/site-packages/pandas/io/parsers/readers.py", line 1661, in _make_engine
    self.handles = get_handle(
  File "/home/airflow/.local/lib/python3.8/site-packages/pandas/io/common.py", line 859, in get_handle
    handle = open(
FileNotFoundError: [Errno 2] No such file or directory: 'C:/Users/almat/OneDrive/Desktop/course/airflow/airflow-lesson/car_df.csv'
[2024-04-07T12:30:17.454+0000] {processor.py:842} WARNING - No viable dags retrieved from /opt/airflow/dags/kolesa.py
[2024-04-07T12:30:17.496+0000] {processor.py:183} INFO - Processing /opt/airflow/dags/kolesa.py took 0.909 seconds
[2024-04-07T12:30:47.836+0000] {processor.py:161} INFO - Started process (PID=94) to work on /opt/airflow/dags/kolesa.py
[2024-04-07T12:30:47.838+0000] {processor.py:830} INFO - Processing file /opt/airflow/dags/kolesa.py for tasks to queue
[2024-04-07T12:30:47.842+0000] {logging_mixin.py:188} INFO - [2024-04-07T12:30:47.841+0000] {dagbag.py:540} INFO - Filling up the DagBag from /opt/airflow/dags/kolesa.py
[2024-04-07T12:30:48.807+0000] {logging_mixin.py:188} INFO - [2024-04-07T12:30:48.794+0000] {dagbag.py:350} ERROR - Failed to import: /opt/airflow/dags/kolesa.py
Traceback (most recent call last):
  File "/home/airflow/.local/lib/python3.8/site-packages/airflow/models/dagbag.py", line 346, in parse
    loader.exec_module(new_module)
  File "<frozen importlib._bootstrap_external>", line 843, in exec_module
  File "<frozen importlib._bootstrap>", line 219, in _call_with_frames_removed
  File "/opt/airflow/dags/kolesa.py", line 6, in <module>
    from utils import *
  File "/opt/airflow/dags/utils.py", line 15, in <module>
    car_df = pd.read_csv('C:/Users/almat/OneDrive/Desktop/course/airflow/airflow-lesson/car_df.csv', sep=';')
  File "/home/airflow/.local/lib/python3.8/site-packages/pandas/io/parsers/readers.py", line 912, in read_csv
    return _read(filepath_or_buffer, kwds)
  File "/home/airflow/.local/lib/python3.8/site-packages/pandas/io/parsers/readers.py", line 577, in _read
    parser = TextFileReader(filepath_or_buffer, **kwds)
  File "/home/airflow/.local/lib/python3.8/site-packages/pandas/io/parsers/readers.py", line 1407, in __init__
    self._engine = self._make_engine(f, self.engine)
  File "/home/airflow/.local/lib/python3.8/site-packages/pandas/io/parsers/readers.py", line 1661, in _make_engine
    self.handles = get_handle(
  File "/home/airflow/.local/lib/python3.8/site-packages/pandas/io/common.py", line 859, in get_handle
    handle = open(
FileNotFoundError: [Errno 2] No such file or directory: 'C:/Users/almat/OneDrive/Desktop/course/airflow/airflow-lesson/car_df.csv'
[2024-04-07T12:30:48.809+0000] {processor.py:842} WARNING - No viable dags retrieved from /opt/airflow/dags/kolesa.py
[2024-04-07T12:30:48.840+0000] {processor.py:183} INFO - Processing /opt/airflow/dags/kolesa.py took 1.012 seconds
[2024-04-07T12:31:19.311+0000] {processor.py:161} INFO - Started process (PID=107) to work on /opt/airflow/dags/kolesa.py
[2024-04-07T12:31:19.316+0000] {processor.py:830} INFO - Processing file /opt/airflow/dags/kolesa.py for tasks to queue
[2024-04-07T12:31:19.322+0000] {logging_mixin.py:188} INFO - [2024-04-07T12:31:19.321+0000] {dagbag.py:540} INFO - Filling up the DagBag from /opt/airflow/dags/kolesa.py
[2024-04-07T12:31:20.057+0000] {logging_mixin.py:188} INFO - [2024-04-07T12:31:20.048+0000] {dagbag.py:350} ERROR - Failed to import: /opt/airflow/dags/kolesa.py
Traceback (most recent call last):
  File "/home/airflow/.local/lib/python3.8/site-packages/airflow/models/dagbag.py", line 346, in parse
    loader.exec_module(new_module)
  File "<frozen importlib._bootstrap_external>", line 843, in exec_module
  File "<frozen importlib._bootstrap>", line 219, in _call_with_frames_removed
  File "/opt/airflow/dags/kolesa.py", line 6, in <module>
    from utils import *
  File "/opt/airflow/dags/utils.py", line 15, in <module>
    car_df = pd.read_csv('C:/Users/almat/OneDrive/Desktop/course/airflow/airflow-lesson/car_df.csv', sep=';')
  File "/home/airflow/.local/lib/python3.8/site-packages/pandas/io/parsers/readers.py", line 912, in read_csv
    return _read(filepath_or_buffer, kwds)
  File "/home/airflow/.local/lib/python3.8/site-packages/pandas/io/parsers/readers.py", line 577, in _read
    parser = TextFileReader(filepath_or_buffer, **kwds)
  File "/home/airflow/.local/lib/python3.8/site-packages/pandas/io/parsers/readers.py", line 1407, in __init__
    self._engine = self._make_engine(f, self.engine)
  File "/home/airflow/.local/lib/python3.8/site-packages/pandas/io/parsers/readers.py", line 1661, in _make_engine
    self.handles = get_handle(
  File "/home/airflow/.local/lib/python3.8/site-packages/pandas/io/common.py", line 859, in get_handle
    handle = open(
FileNotFoundError: [Errno 2] No such file or directory: 'C:/Users/almat/OneDrive/Desktop/course/airflow/airflow-lesson/car_df.csv'
[2024-04-07T12:31:20.059+0000] {processor.py:842} WARNING - No viable dags retrieved from /opt/airflow/dags/kolesa.py
[2024-04-07T12:31:20.092+0000] {processor.py:183} INFO - Processing /opt/airflow/dags/kolesa.py took 0.789 seconds
[2024-04-07T12:31:50.906+0000] {processor.py:161} INFO - Started process (PID=120) to work on /opt/airflow/dags/kolesa.py
[2024-04-07T12:31:50.909+0000] {processor.py:830} INFO - Processing file /opt/airflow/dags/kolesa.py for tasks to queue
[2024-04-07T12:31:50.914+0000] {logging_mixin.py:188} INFO - [2024-04-07T12:31:50.913+0000] {dagbag.py:540} INFO - Filling up the DagBag from /opt/airflow/dags/kolesa.py
[2024-04-07T12:31:51.721+0000] {logging_mixin.py:188} INFO - [2024-04-07T12:31:51.697+0000] {dagbag.py:350} ERROR - Failed to import: /opt/airflow/dags/kolesa.py
Traceback (most recent call last):
  File "/home/airflow/.local/lib/python3.8/site-packages/airflow/models/dagbag.py", line 346, in parse
    loader.exec_module(new_module)
  File "<frozen importlib._bootstrap_external>", line 843, in exec_module
  File "<frozen importlib._bootstrap>", line 219, in _call_with_frames_removed
  File "/opt/airflow/dags/kolesa.py", line 6, in <module>
    from utils import *
  File "/opt/airflow/dags/utils.py", line 15, in <module>
    car_df = pd.read_csv('C:/Users/almat/OneDrive/Desktop/course/airflow/airflow-lesson/car_df.csv', sep=';')
  File "/home/airflow/.local/lib/python3.8/site-packages/pandas/io/parsers/readers.py", line 912, in read_csv
    return _read(filepath_or_buffer, kwds)
  File "/home/airflow/.local/lib/python3.8/site-packages/pandas/io/parsers/readers.py", line 577, in _read
    parser = TextFileReader(filepath_or_buffer, **kwds)
  File "/home/airflow/.local/lib/python3.8/site-packages/pandas/io/parsers/readers.py", line 1407, in __init__
    self._engine = self._make_engine(f, self.engine)
  File "/home/airflow/.local/lib/python3.8/site-packages/pandas/io/parsers/readers.py", line 1661, in _make_engine
    self.handles = get_handle(
  File "/home/airflow/.local/lib/python3.8/site-packages/pandas/io/common.py", line 859, in get_handle
    handle = open(
FileNotFoundError: [Errno 2] No such file or directory: 'C:/Users/almat/OneDrive/Desktop/course/airflow/airflow-lesson/car_df.csv'
[2024-04-07T12:31:51.724+0000] {processor.py:842} WARNING - No viable dags retrieved from /opt/airflow/dags/kolesa.py
[2024-04-07T12:31:51.782+0000] {processor.py:183} INFO - Processing /opt/airflow/dags/kolesa.py took 0.888 seconds
[2024-04-07T12:32:22.220+0000] {processor.py:161} INFO - Started process (PID=133) to work on /opt/airflow/dags/kolesa.py
[2024-04-07T12:32:22.222+0000] {processor.py:830} INFO - Processing file /opt/airflow/dags/kolesa.py for tasks to queue
[2024-04-07T12:32:22.228+0000] {logging_mixin.py:188} INFO - [2024-04-07T12:32:22.225+0000] {dagbag.py:540} INFO - Filling up the DagBag from /opt/airflow/dags/kolesa.py
[2024-04-07T12:32:22.918+0000] {logging_mixin.py:188} INFO - [2024-04-07T12:32:22.905+0000] {dagbag.py:350} ERROR - Failed to import: /opt/airflow/dags/kolesa.py
Traceback (most recent call last):
  File "/home/airflow/.local/lib/python3.8/site-packages/airflow/models/dagbag.py", line 346, in parse
    loader.exec_module(new_module)
  File "<frozen importlib._bootstrap_external>", line 843, in exec_module
  File "<frozen importlib._bootstrap>", line 219, in _call_with_frames_removed
  File "/opt/airflow/dags/kolesa.py", line 6, in <module>
    from utils import *
  File "/opt/airflow/dags/utils.py", line 15, in <module>
    car_df = pd.read_csv('C:/Users/almat/OneDrive/Desktop/course/airflow/airflow-lesson/car_df.csv', sep=';')
  File "/home/airflow/.local/lib/python3.8/site-packages/pandas/io/parsers/readers.py", line 912, in read_csv
    return _read(filepath_or_buffer, kwds)
  File "/home/airflow/.local/lib/python3.8/site-packages/pandas/io/parsers/readers.py", line 577, in _read
    parser = TextFileReader(filepath_or_buffer, **kwds)
  File "/home/airflow/.local/lib/python3.8/site-packages/pandas/io/parsers/readers.py", line 1407, in __init__
    self._engine = self._make_engine(f, self.engine)
  File "/home/airflow/.local/lib/python3.8/site-packages/pandas/io/parsers/readers.py", line 1661, in _make_engine
    self.handles = get_handle(
  File "/home/airflow/.local/lib/python3.8/site-packages/pandas/io/common.py", line 859, in get_handle
    handle = open(
FileNotFoundError: [Errno 2] No such file or directory: 'C:/Users/almat/OneDrive/Desktop/course/airflow/airflow-lesson/car_df.csv'
[2024-04-07T12:32:22.919+0000] {processor.py:842} WARNING - No viable dags retrieved from /opt/airflow/dags/kolesa.py
[2024-04-07T12:32:22.967+0000] {processor.py:183} INFO - Processing /opt/airflow/dags/kolesa.py took 0.753 seconds
[2024-04-07T12:32:53.348+0000] {processor.py:161} INFO - Started process (PID=146) to work on /opt/airflow/dags/kolesa.py
[2024-04-07T12:32:53.350+0000] {processor.py:830} INFO - Processing file /opt/airflow/dags/kolesa.py for tasks to queue
[2024-04-07T12:32:53.355+0000] {logging_mixin.py:188} INFO - [2024-04-07T12:32:53.354+0000] {dagbag.py:540} INFO - Filling up the DagBag from /opt/airflow/dags/kolesa.py
[2024-04-07T12:32:54.022+0000] {logging_mixin.py:188} INFO - [2024-04-07T12:32:54.001+0000] {dagbag.py:350} ERROR - Failed to import: /opt/airflow/dags/kolesa.py
Traceback (most recent call last):
  File "/home/airflow/.local/lib/python3.8/site-packages/airflow/models/dagbag.py", line 346, in parse
    loader.exec_module(new_module)
  File "<frozen importlib._bootstrap_external>", line 843, in exec_module
  File "<frozen importlib._bootstrap>", line 219, in _call_with_frames_removed
  File "/opt/airflow/dags/kolesa.py", line 6, in <module>
    from utils import *
  File "/opt/airflow/dags/utils.py", line 15, in <module>
    car_df = pd.read_csv('C:/Users/almat/OneDrive/Desktop/course/airflow/airflow-lesson/car_df.csv', sep=';')
  File "/home/airflow/.local/lib/python3.8/site-packages/pandas/io/parsers/readers.py", line 912, in read_csv
    return _read(filepath_or_buffer, kwds)
  File "/home/airflow/.local/lib/python3.8/site-packages/pandas/io/parsers/readers.py", line 577, in _read
    parser = TextFileReader(filepath_or_buffer, **kwds)
  File "/home/airflow/.local/lib/python3.8/site-packages/pandas/io/parsers/readers.py", line 1407, in __init__
    self._engine = self._make_engine(f, self.engine)
  File "/home/airflow/.local/lib/python3.8/site-packages/pandas/io/parsers/readers.py", line 1661, in _make_engine
    self.handles = get_handle(
  File "/home/airflow/.local/lib/python3.8/site-packages/pandas/io/common.py", line 859, in get_handle
    handle = open(
FileNotFoundError: [Errno 2] No such file or directory: 'C:/Users/almat/OneDrive/Desktop/course/airflow/airflow-lesson/car_df.csv'
[2024-04-07T12:32:54.024+0000] {processor.py:842} WARNING - No viable dags retrieved from /opt/airflow/dags/kolesa.py
[2024-04-07T12:32:54.077+0000] {processor.py:183} INFO - Processing /opt/airflow/dags/kolesa.py took 0.737 seconds
[2024-04-07T12:33:24.530+0000] {processor.py:161} INFO - Started process (PID=159) to work on /opt/airflow/dags/kolesa.py
[2024-04-07T12:33:24.532+0000] {processor.py:830} INFO - Processing file /opt/airflow/dags/kolesa.py for tasks to queue
[2024-04-07T12:33:24.536+0000] {logging_mixin.py:188} INFO - [2024-04-07T12:33:24.535+0000] {dagbag.py:540} INFO - Filling up the DagBag from /opt/airflow/dags/kolesa.py
[2024-04-07T12:33:25.234+0000] {logging_mixin.py:188} INFO - [2024-04-07T12:33:25.225+0000] {dagbag.py:350} ERROR - Failed to import: /opt/airflow/dags/kolesa.py
Traceback (most recent call last):
  File "/home/airflow/.local/lib/python3.8/site-packages/airflow/models/dagbag.py", line 346, in parse
    loader.exec_module(new_module)
  File "<frozen importlib._bootstrap_external>", line 843, in exec_module
  File "<frozen importlib._bootstrap>", line 219, in _call_with_frames_removed
  File "/opt/airflow/dags/kolesa.py", line 6, in <module>
    from utils import *
  File "/opt/airflow/dags/utils.py", line 15, in <module>
    car_df = pd.read_csv('C:/Users/almat/OneDrive/Desktop/course/airflow/airflow-lesson/car_df.csv', sep=';')
  File "/home/airflow/.local/lib/python3.8/site-packages/pandas/io/parsers/readers.py", line 912, in read_csv
    return _read(filepath_or_buffer, kwds)
  File "/home/airflow/.local/lib/python3.8/site-packages/pandas/io/parsers/readers.py", line 577, in _read
    parser = TextFileReader(filepath_or_buffer, **kwds)
  File "/home/airflow/.local/lib/python3.8/site-packages/pandas/io/parsers/readers.py", line 1407, in __init__
    self._engine = self._make_engine(f, self.engine)
  File "/home/airflow/.local/lib/python3.8/site-packages/pandas/io/parsers/readers.py", line 1661, in _make_engine
    self.handles = get_handle(
  File "/home/airflow/.local/lib/python3.8/site-packages/pandas/io/common.py", line 859, in get_handle
    handle = open(
FileNotFoundError: [Errno 2] No such file or directory: 'C:/Users/almat/OneDrive/Desktop/course/airflow/airflow-lesson/car_df.csv'
[2024-04-07T12:33:25.236+0000] {processor.py:842} WARNING - No viable dags retrieved from /opt/airflow/dags/kolesa.py
[2024-04-07T12:33:25.279+0000] {processor.py:183} INFO - Processing /opt/airflow/dags/kolesa.py took 0.758 seconds
[2024-04-07T12:33:55.446+0000] {processor.py:161} INFO - Started process (PID=172) to work on /opt/airflow/dags/kolesa.py
[2024-04-07T12:33:55.450+0000] {processor.py:830} INFO - Processing file /opt/airflow/dags/kolesa.py for tasks to queue
[2024-04-07T12:33:55.457+0000] {logging_mixin.py:188} INFO - [2024-04-07T12:33:55.456+0000] {dagbag.py:540} INFO - Filling up the DagBag from /opt/airflow/dags/kolesa.py
[2024-04-07T12:33:56.598+0000] {logging_mixin.py:188} INFO - [2024-04-07T12:33:56.585+0000] {dagbag.py:350} ERROR - Failed to import: /opt/airflow/dags/kolesa.py
Traceback (most recent call last):
  File "/home/airflow/.local/lib/python3.8/site-packages/airflow/models/dagbag.py", line 346, in parse
    loader.exec_module(new_module)
  File "<frozen importlib._bootstrap_external>", line 843, in exec_module
  File "<frozen importlib._bootstrap>", line 219, in _call_with_frames_removed
  File "/opt/airflow/dags/kolesa.py", line 6, in <module>
    from utils import *
  File "/opt/airflow/dags/utils.py", line 15, in <module>
    car_df = pd.read_csv('C:/Users/almat/OneDrive/Desktop/course/airflow/airflow-lesson/car_df.csv', sep=';')
  File "/home/airflow/.local/lib/python3.8/site-packages/pandas/io/parsers/readers.py", line 912, in read_csv
    return _read(filepath_or_buffer, kwds)
  File "/home/airflow/.local/lib/python3.8/site-packages/pandas/io/parsers/readers.py", line 577, in _read
    parser = TextFileReader(filepath_or_buffer, **kwds)
  File "/home/airflow/.local/lib/python3.8/site-packages/pandas/io/parsers/readers.py", line 1407, in __init__
    self._engine = self._make_engine(f, self.engine)
  File "/home/airflow/.local/lib/python3.8/site-packages/pandas/io/parsers/readers.py", line 1661, in _make_engine
    self.handles = get_handle(
  File "/home/airflow/.local/lib/python3.8/site-packages/pandas/io/common.py", line 859, in get_handle
    handle = open(
FileNotFoundError: [Errno 2] No such file or directory: 'C:/Users/almat/OneDrive/Desktop/course/airflow/airflow-lesson/car_df.csv'
[2024-04-07T12:33:56.601+0000] {processor.py:842} WARNING - No viable dags retrieved from /opt/airflow/dags/kolesa.py
[2024-04-07T12:33:56.640+0000] {processor.py:183} INFO - Processing /opt/airflow/dags/kolesa.py took 1.213 seconds
[2024-04-07T12:34:26.868+0000] {processor.py:161} INFO - Started process (PID=184) to work on /opt/airflow/dags/kolesa.py
[2024-04-07T12:34:26.871+0000] {processor.py:830} INFO - Processing file /opt/airflow/dags/kolesa.py for tasks to queue
[2024-04-07T12:34:26.885+0000] {logging_mixin.py:188} INFO - [2024-04-07T12:34:26.884+0000] {dagbag.py:540} INFO - Filling up the DagBag from /opt/airflow/dags/kolesa.py
[2024-04-07T12:34:28.191+0000] {logging_mixin.py:188} INFO - [2024-04-07T12:34:28.135+0000] {dagbag.py:350} ERROR - Failed to import: /opt/airflow/dags/kolesa.py
Traceback (most recent call last):
  File "/home/airflow/.local/lib/python3.8/site-packages/airflow/models/dagbag.py", line 346, in parse
    loader.exec_module(new_module)
  File "<frozen importlib._bootstrap_external>", line 843, in exec_module
  File "<frozen importlib._bootstrap>", line 219, in _call_with_frames_removed
  File "/opt/airflow/dags/kolesa.py", line 6, in <module>
    from utils import *
  File "/opt/airflow/dags/utils.py", line 15, in <module>
    car_df = pd.read_csv('C:/Users/almat/OneDrive/Desktop/course/airflow/airflow-lesson/car_df.csv', sep=';')
  File "/home/airflow/.local/lib/python3.8/site-packages/pandas/io/parsers/readers.py", line 912, in read_csv
    return _read(filepath_or_buffer, kwds)
  File "/home/airflow/.local/lib/python3.8/site-packages/pandas/io/parsers/readers.py", line 577, in _read
    parser = TextFileReader(filepath_or_buffer, **kwds)
  File "/home/airflow/.local/lib/python3.8/site-packages/pandas/io/parsers/readers.py", line 1407, in __init__
    self._engine = self._make_engine(f, self.engine)
  File "/home/airflow/.local/lib/python3.8/site-packages/pandas/io/parsers/readers.py", line 1661, in _make_engine
    self.handles = get_handle(
  File "/home/airflow/.local/lib/python3.8/site-packages/pandas/io/common.py", line 859, in get_handle
    handle = open(
FileNotFoundError: [Errno 2] No such file or directory: 'C:/Users/almat/OneDrive/Desktop/course/airflow/airflow-lesson/car_df.csv'
[2024-04-07T12:34:28.198+0000] {processor.py:842} WARNING - No viable dags retrieved from /opt/airflow/dags/kolesa.py
[2024-04-07T12:34:28.271+0000] {processor.py:183} INFO - Processing /opt/airflow/dags/kolesa.py took 1.419 seconds
[2024-04-07T12:34:58.738+0000] {processor.py:161} INFO - Started process (PID=197) to work on /opt/airflow/dags/kolesa.py
[2024-04-07T12:34:58.741+0000] {processor.py:830} INFO - Processing file /opt/airflow/dags/kolesa.py for tasks to queue
[2024-04-07T12:34:58.790+0000] {logging_mixin.py:188} INFO - [2024-04-07T12:34:58.789+0000] {dagbag.py:540} INFO - Filling up the DagBag from /opt/airflow/dags/kolesa.py
[2024-04-07T12:35:01.212+0000] {logging_mixin.py:188} INFO - [2024-04-07T12:35:01.200+0000] {dagbag.py:350} ERROR - Failed to import: /opt/airflow/dags/kolesa.py
Traceback (most recent call last):
  File "/home/airflow/.local/lib/python3.8/site-packages/airflow/models/dagbag.py", line 346, in parse
    loader.exec_module(new_module)
  File "<frozen importlib._bootstrap_external>", line 843, in exec_module
  File "<frozen importlib._bootstrap>", line 219, in _call_with_frames_removed
  File "/opt/airflow/dags/kolesa.py", line 6, in <module>
    from utils import *
  File "/opt/airflow/dags/utils.py", line 15, in <module>
    car_df = pd.read_csv('car_df.csv', sep=';')
  File "/home/airflow/.local/lib/python3.8/site-packages/pandas/io/parsers/readers.py", line 912, in read_csv
    return _read(filepath_or_buffer, kwds)
  File "/home/airflow/.local/lib/python3.8/site-packages/pandas/io/parsers/readers.py", line 577, in _read
    parser = TextFileReader(filepath_or_buffer, **kwds)
  File "/home/airflow/.local/lib/python3.8/site-packages/pandas/io/parsers/readers.py", line 1407, in __init__
    self._engine = self._make_engine(f, self.engine)
  File "/home/airflow/.local/lib/python3.8/site-packages/pandas/io/parsers/readers.py", line 1661, in _make_engine
    self.handles = get_handle(
  File "/home/airflow/.local/lib/python3.8/site-packages/pandas/io/common.py", line 859, in get_handle
    handle = open(
FileNotFoundError: [Errno 2] No such file or directory: 'car_df.csv'
[2024-04-07T12:35:01.213+0000] {processor.py:842} WARNING - No viable dags retrieved from /opt/airflow/dags/kolesa.py
[2024-04-07T12:35:01.256+0000] {processor.py:183} INFO - Processing /opt/airflow/dags/kolesa.py took 2.536 seconds
[2024-04-07T12:35:31.420+0000] {processor.py:161} INFO - Started process (PID=210) to work on /opt/airflow/dags/kolesa.py
[2024-04-07T12:35:31.422+0000] {processor.py:830} INFO - Processing file /opt/airflow/dags/kolesa.py for tasks to queue
[2024-04-07T12:35:31.427+0000] {logging_mixin.py:188} INFO - [2024-04-07T12:35:31.425+0000] {dagbag.py:540} INFO - Filling up the DagBag from /opt/airflow/dags/kolesa.py
[2024-04-07T12:35:31.969+0000] {logging_mixin.py:188} INFO - [2024-04-07T12:35:31.960+0000] {dagbag.py:350} ERROR - Failed to import: /opt/airflow/dags/kolesa.py
Traceback (most recent call last):
  File "/home/airflow/.local/lib/python3.8/site-packages/airflow/models/dagbag.py", line 346, in parse
    loader.exec_module(new_module)
  File "<frozen importlib._bootstrap_external>", line 843, in exec_module
  File "<frozen importlib._bootstrap>", line 219, in _call_with_frames_removed
  File "/opt/airflow/dags/kolesa.py", line 6, in <module>
    from utils import *
  File "/opt/airflow/dags/utils.py", line 15, in <module>
    car_df = pd.read_csv('car_df.csv', sep=';')
  File "/home/airflow/.local/lib/python3.8/site-packages/pandas/io/parsers/readers.py", line 912, in read_csv
    return _read(filepath_or_buffer, kwds)
  File "/home/airflow/.local/lib/python3.8/site-packages/pandas/io/parsers/readers.py", line 577, in _read
    parser = TextFileReader(filepath_or_buffer, **kwds)
  File "/home/airflow/.local/lib/python3.8/site-packages/pandas/io/parsers/readers.py", line 1407, in __init__
    self._engine = self._make_engine(f, self.engine)
  File "/home/airflow/.local/lib/python3.8/site-packages/pandas/io/parsers/readers.py", line 1661, in _make_engine
    self.handles = get_handle(
  File "/home/airflow/.local/lib/python3.8/site-packages/pandas/io/common.py", line 859, in get_handle
    handle = open(
FileNotFoundError: [Errno 2] No such file or directory: 'car_df.csv'
[2024-04-07T12:35:31.970+0000] {processor.py:842} WARNING - No viable dags retrieved from /opt/airflow/dags/kolesa.py
[2024-04-07T12:35:32.000+0000] {processor.py:183} INFO - Processing /opt/airflow/dags/kolesa.py took 0.587 seconds
[2024-04-07T12:36:02.405+0000] {processor.py:161} INFO - Started process (PID=223) to work on /opt/airflow/dags/kolesa.py
[2024-04-07T12:36:02.407+0000] {processor.py:830} INFO - Processing file /opt/airflow/dags/kolesa.py for tasks to queue
[2024-04-07T12:36:02.411+0000] {logging_mixin.py:188} INFO - [2024-04-07T12:36:02.410+0000] {dagbag.py:540} INFO - Filling up the DagBag from /opt/airflow/dags/kolesa.py
[2024-04-07T12:36:03.437+0000] {logging_mixin.py:188} INFO - [2024-04-07T12:36:03.425+0000] {dagbag.py:350} ERROR - Failed to import: /opt/airflow/dags/kolesa.py
Traceback (most recent call last):
  File "/home/airflow/.local/lib/python3.8/site-packages/airflow/models/dagbag.py", line 346, in parse
    loader.exec_module(new_module)
  File "<frozen importlib._bootstrap_external>", line 843, in exec_module
  File "<frozen importlib._bootstrap>", line 219, in _call_with_frames_removed
  File "/opt/airflow/dags/kolesa.py", line 6, in <module>
    from utils import *
  File "/opt/airflow/dags/utils.py", line 15, in <module>
  File "/home/airflow/.local/lib/python3.8/site-packages/pandas/io/parsers/readers.py", line 912, in read_csv
    return _read(filepath_or_buffer, kwds)
  File "/home/airflow/.local/lib/python3.8/site-packages/pandas/io/parsers/readers.py", line 577, in _read
    parser = TextFileReader(filepath_or_buffer, **kwds)
  File "/home/airflow/.local/lib/python3.8/site-packages/pandas/io/parsers/readers.py", line 1407, in __init__
    self._engine = self._make_engine(f, self.engine)
  File "/home/airflow/.local/lib/python3.8/site-packages/pandas/io/parsers/readers.py", line 1661, in _make_engine
    self.handles = get_handle(
  File "/home/airflow/.local/lib/python3.8/site-packages/pandas/io/common.py", line 859, in get_handle
    handle = open(
FileNotFoundError: [Errno 2] No such file or directory: 'car_df.csv'
[2024-04-07T12:36:03.438+0000] {processor.py:842} WARNING - No viable dags retrieved from /opt/airflow/dags/kolesa.py
[2024-04-07T12:36:03.475+0000] {processor.py:183} INFO - Processing /opt/airflow/dags/kolesa.py took 1.077 seconds
[2024-04-07T12:36:35.706+0000] {processor.py:161} INFO - Started process (PID=241) to work on /opt/airflow/dags/kolesa.py
[2024-04-07T12:36:35.708+0000] {processor.py:830} INFO - Processing file /opt/airflow/dags/kolesa.py for tasks to queue
[2024-04-07T12:36:35.723+0000] {logging_mixin.py:188} INFO - [2024-04-07T12:36:35.722+0000] {dagbag.py:540} INFO - Filling up the DagBag from /opt/airflow/dags/kolesa.py
[2024-04-07T12:36:36.776+0000] {logging_mixin.py:188} INFO - [2024-04-07T12:36:36.763+0000] {dagbag.py:350} ERROR - Failed to import: /opt/airflow/dags/kolesa.py
Traceback (most recent call last):
  File "/home/airflow/.local/lib/python3.8/site-packages/airflow/models/dagbag.py", line 346, in parse
    loader.exec_module(new_module)
  File "<frozen importlib._bootstrap_external>", line 843, in exec_module
  File "<frozen importlib._bootstrap>", line 219, in _call_with_frames_removed
  File "/opt/airflow/dags/kolesa.py", line 6, in <module>
    from utils import *
  File "/opt/airflow/dags/utils.py", line 17, in <module>
    print(cars_dict[:2])
NameError: name 'cars_dict' is not defined
[2024-04-07T12:36:36.789+0000] {processor.py:842} WARNING - No viable dags retrieved from /opt/airflow/dags/kolesa.py
[2024-04-07T12:36:37.097+0000] {processor.py:183} INFO - Processing /opt/airflow/dags/kolesa.py took 1.408 seconds
[2024-04-07T12:37:07.439+0000] {processor.py:161} INFO - Started process (PID=255) to work on /opt/airflow/dags/kolesa.py
[2024-04-07T12:37:07.446+0000] {processor.py:830} INFO - Processing file /opt/airflow/dags/kolesa.py for tasks to queue
[2024-04-07T12:37:07.450+0000] {logging_mixin.py:188} INFO - [2024-04-07T12:37:07.450+0000] {dagbag.py:540} INFO - Filling up the DagBag from /opt/airflow/dags/kolesa.py
[2024-04-07T12:37:09.021+0000] {logging_mixin.py:188} INFO - [2024-04-07T12:37:08.923+0000] {dagbag.py:350} ERROR - Failed to import: /opt/airflow/dags/kolesa.py
Traceback (most recent call last):
  File "/home/airflow/.local/lib/python3.8/site-packages/airflow/models/dagbag.py", line 346, in parse
    loader.exec_module(new_module)
  File "<frozen importlib._bootstrap_external>", line 843, in exec_module
  File "<frozen importlib._bootstrap>", line 219, in _call_with_frames_removed
  File "/opt/airflow/dags/kolesa.py", line 6, in <module>
    from utils import *
  File "/opt/airflow/dags/utils.py", line 17, in <module>
    print(cars_dict[:2])
NameError: name 'cars_dict' is not defined
[2024-04-07T12:37:09.033+0000] {processor.py:842} WARNING - No viable dags retrieved from /opt/airflow/dags/kolesa.py
[2024-04-07T12:37:09.146+0000] {processor.py:183} INFO - Processing /opt/airflow/dags/kolesa.py took 1.716 seconds
[2024-04-07T12:37:39.824+0000] {processor.py:161} INFO - Started process (PID=269) to work on /opt/airflow/dags/kolesa.py
[2024-04-07T12:37:39.828+0000] {processor.py:830} INFO - Processing file /opt/airflow/dags/kolesa.py for tasks to queue
[2024-04-07T12:37:39.833+0000] {logging_mixin.py:188} INFO - [2024-04-07T12:37:39.832+0000] {dagbag.py:540} INFO - Filling up the DagBag from /opt/airflow/dags/kolesa.py
[2024-04-07T12:38:04.257+0000] {logging_mixin.py:188} INFO - [2024-04-07T12:38:04.257+0000] {connectionpool.py:824} WARNING - Retrying (Retry(total=9, connect=3, read=None, redirect=None, status=None)) after connection broken by 'ReadTimeoutError("HTTPSConnectionPool(host='kolesa.kz', port=443): Read timed out. (read timeout=10)")': /cars/toyota/alphard/?page=1
[2024-04-07T12:38:09.848+0000] {logging_mixin.py:188} INFO - [2024-04-07T12:38:09.847+0000] {timeout.py:68} ERROR - Process timed out, PID: 269
[2024-04-07T12:38:40.070+0000] {processor.py:161} INFO - Started process (PID=292) to work on /opt/airflow/dags/kolesa.py
[2024-04-07T12:38:40.075+0000] {processor.py:830} INFO - Processing file /opt/airflow/dags/kolesa.py for tasks to queue
[2024-04-07T12:38:40.079+0000] {logging_mixin.py:188} INFO - [2024-04-07T12:38:40.079+0000] {dagbag.py:540} INFO - Filling up the DagBag from /opt/airflow/dags/kolesa.py
[2024-04-07T12:39:01.140+0000] {logging_mixin.py:188} INFO - [2024-04-07T12:39:01.138+0000] {connectionpool.py:824} WARNING - Retrying (Retry(total=9, connect=3, read=None, redirect=None, status=None)) after connection broken by 'ReadTimeoutError("HTTPSConnectionPool(host='kolesa.kz', port=443): Read timed out. (read timeout=10)")': /cars/toyota/alphard/?page=1
[2024-04-07T12:39:10.097+0000] {logging_mixin.py:188} INFO - [2024-04-07T12:39:10.095+0000] {timeout.py:68} ERROR - Process timed out, PID: 292
[2024-04-07T12:39:40.490+0000] {processor.py:161} INFO - Started process (PID=316) to work on /opt/airflow/dags/kolesa.py
[2024-04-07T12:39:40.492+0000] {processor.py:830} INFO - Processing file /opt/airflow/dags/kolesa.py for tasks to queue
[2024-04-07T12:39:40.495+0000] {logging_mixin.py:188} INFO - [2024-04-07T12:39:40.495+0000] {dagbag.py:540} INFO - Filling up the DagBag from /opt/airflow/dags/kolesa.py
[2024-04-07T12:40:02.060+0000] {logging_mixin.py:188} INFO - [2024-04-07T12:40:02.059+0000] {connectionpool.py:824} WARNING - Retrying (Retry(total=9, connect=3, read=None, redirect=None, status=None)) after connection broken by 'ReadTimeoutError("HTTPSConnectionPool(host='kolesa.kz', port=443): Read timed out. (read timeout=10)")': /cars/toyota/alphard/?page=1
[2024-04-07T12:40:10.514+0000] {logging_mixin.py:188} INFO - [2024-04-07T12:40:10.513+0000] {timeout.py:68} ERROR - Process timed out, PID: 316
[2024-04-07T12:40:40.731+0000] {processor.py:161} INFO - Started process (PID=342) to work on /opt/airflow/dags/kolesa.py
[2024-04-07T12:40:40.733+0000] {processor.py:830} INFO - Processing file /opt/airflow/dags/kolesa.py for tasks to queue
[2024-04-07T12:40:40.737+0000] {logging_mixin.py:188} INFO - [2024-04-07T12:40:40.737+0000] {dagbag.py:540} INFO - Filling up the DagBag from /opt/airflow/dags/kolesa.py
[2024-04-07T12:41:02.621+0000] {logging_mixin.py:188} INFO - [2024-04-07T12:41:02.615+0000] {connectionpool.py:824} WARNING - Retrying (Retry(total=9, connect=3, read=None, redirect=None, status=None)) after connection broken by 'ReadTimeoutError("HTTPSConnectionPool(host='kolesa.kz', port=443): Read timed out. (read timeout=10)")': /cars/toyota/alphard/?page=1
[2024-04-07T12:41:10.751+0000] {logging_mixin.py:188} INFO - [2024-04-07T12:41:10.750+0000] {timeout.py:68} ERROR - Process timed out, PID: 342
[2024-04-07T12:41:41.235+0000] {processor.py:161} INFO - Started process (PID=365) to work on /opt/airflow/dags/kolesa.py
[2024-04-07T12:41:41.237+0000] {processor.py:830} INFO - Processing file /opt/airflow/dags/kolesa.py for tasks to queue
[2024-04-07T12:41:41.239+0000] {logging_mixin.py:188} INFO - [2024-04-07T12:41:41.239+0000] {dagbag.py:540} INFO - Filling up the DagBag from /opt/airflow/dags/kolesa.py
[2024-04-07T12:42:02.286+0000] {logging_mixin.py:188} INFO - [2024-04-07T12:42:02.284+0000] {connectionpool.py:824} WARNING - Retrying (Retry(total=9, connect=3, read=None, redirect=None, status=None)) after connection broken by 'ReadTimeoutError("HTTPSConnectionPool(host='kolesa.kz', port=443): Read timed out. (read timeout=10)")': /cars/toyota/alphard/?page=1
[2024-04-07T12:42:11.252+0000] {logging_mixin.py:188} INFO - [2024-04-07T12:42:11.251+0000] {timeout.py:68} ERROR - Process timed out, PID: 365
[2024-04-07T12:42:42.157+0000] {processor.py:161} INFO - Started process (PID=391) to work on /opt/airflow/dags/kolesa.py
[2024-04-07T12:42:42.180+0000] {processor.py:830} INFO - Processing file /opt/airflow/dags/kolesa.py for tasks to queue
[2024-04-07T12:42:42.204+0000] {logging_mixin.py:188} INFO - [2024-04-07T12:42:42.203+0000] {dagbag.py:540} INFO - Filling up the DagBag from /opt/airflow/dags/kolesa.py
[2024-04-07T12:43:03.692+0000] {logging_mixin.py:188} INFO - [2024-04-07T12:43:03.691+0000] {connectionpool.py:824} WARNING - Retrying (Retry(total=9, connect=3, read=None, redirect=None, status=None)) after connection broken by 'ReadTimeoutError("HTTPSConnectionPool(host='kolesa.kz', port=443): Read timed out. (read timeout=10)")': /cars/toyota/alphard/?page=1
[2024-04-07T12:43:12.473+0000] {logging_mixin.py:188} INFO - [2024-04-07T12:43:12.472+0000] {timeout.py:68} ERROR - Process timed out, PID: 391
[2024-04-07T12:43:42.861+0000] {processor.py:161} INFO - Started process (PID=414) to work on /opt/airflow/dags/kolesa.py
[2024-04-07T12:43:42.863+0000] {processor.py:830} INFO - Processing file /opt/airflow/dags/kolesa.py for tasks to queue
[2024-04-07T12:43:42.867+0000] {logging_mixin.py:188} INFO - [2024-04-07T12:43:42.867+0000] {dagbag.py:540} INFO - Filling up the DagBag from /opt/airflow/dags/kolesa.py
[2024-04-07T12:44:05.442+0000] {logging_mixin.py:188} INFO - [2024-04-07T12:44:05.441+0000] {connectionpool.py:824} WARNING - Retrying (Retry(total=9, connect=3, read=None, redirect=None, status=None)) after connection broken by 'ReadTimeoutError("HTTPSConnectionPool(host='kolesa.kz', port=443): Read timed out. (read timeout=10)")': /cars/toyota/alphard/?page=1
[2024-04-07T12:44:12.884+0000] {logging_mixin.py:188} INFO - [2024-04-07T12:44:12.884+0000] {timeout.py:68} ERROR - Process timed out, PID: 414
[2024-04-07T12:44:43.768+0000] {processor.py:161} INFO - Started process (PID=441) to work on /opt/airflow/dags/kolesa.py
[2024-04-07T12:44:43.769+0000] {processor.py:830} INFO - Processing file /opt/airflow/dags/kolesa.py for tasks to queue
[2024-04-07T12:44:43.772+0000] {logging_mixin.py:188} INFO - [2024-04-07T12:44:43.772+0000] {dagbag.py:540} INFO - Filling up the DagBag from /opt/airflow/dags/kolesa.py
[2024-04-07T12:45:04.791+0000] {logging_mixin.py:188} INFO - [2024-04-07T12:45:04.791+0000] {connectionpool.py:824} WARNING - Retrying (Retry(total=9, connect=3, read=None, redirect=None, status=None)) after connection broken by 'ReadTimeoutError("HTTPSConnectionPool(host='kolesa.kz', port=443): Read timed out. (read timeout=10)")': /cars/toyota/alphard/?page=1
[2024-04-07T12:45:13.783+0000] {logging_mixin.py:188} INFO - [2024-04-07T12:45:13.782+0000] {timeout.py:68} ERROR - Process timed out, PID: 441
[2024-04-07T12:45:44.167+0000] {processor.py:161} INFO - Started process (PID=466) to work on /opt/airflow/dags/kolesa.py
[2024-04-07T12:45:44.169+0000] {processor.py:830} INFO - Processing file /opt/airflow/dags/kolesa.py for tasks to queue
[2024-04-07T12:45:44.172+0000] {logging_mixin.py:188} INFO - [2024-04-07T12:45:44.171+0000] {dagbag.py:540} INFO - Filling up the DagBag from /opt/airflow/dags/kolesa.py
[2024-04-07T12:46:04.793+0000] {logging_mixin.py:188} INFO - [2024-04-07T12:46:04.791+0000] {connectionpool.py:824} WARNING - Retrying (Retry(total=9, connect=3, read=None, redirect=None, status=None)) after connection broken by 'ReadTimeoutError("HTTPSConnectionPool(host='kolesa.kz', port=443): Read timed out. (read timeout=10)")': /cars/toyota/alphard/?page=1
[2024-04-07T12:46:14.183+0000] {logging_mixin.py:188} INFO - [2024-04-07T12:46:14.182+0000] {timeout.py:68} ERROR - Process timed out, PID: 466
[2024-04-07T12:46:44.364+0000] {processor.py:161} INFO - Started process (PID=490) to work on /opt/airflow/dags/kolesa.py
[2024-04-07T12:46:44.367+0000] {processor.py:830} INFO - Processing file /opt/airflow/dags/kolesa.py for tasks to queue
[2024-04-07T12:46:44.372+0000] {logging_mixin.py:188} INFO - [2024-04-07T12:46:44.371+0000] {dagbag.py:540} INFO - Filling up the DagBag from /opt/airflow/dags/kolesa.py
[2024-04-07T12:47:05.718+0000] {logging_mixin.py:188} INFO - [2024-04-07T12:47:05.717+0000] {connectionpool.py:824} WARNING - Retrying (Retry(total=9, connect=3, read=None, redirect=None, status=None)) after connection broken by 'ReadTimeoutError("HTTPSConnectionPool(host='kolesa.kz', port=443): Read timed out. (read timeout=10)")': /cars/toyota/alphard/?page=1
[2024-04-07T12:47:14.391+0000] {logging_mixin.py:188} INFO - [2024-04-07T12:47:14.391+0000] {timeout.py:68} ERROR - Process timed out, PID: 490
[2024-04-07T12:47:44.561+0000] {processor.py:161} INFO - Started process (PID=511) to work on /opt/airflow/dags/kolesa.py
[2024-04-07T12:47:44.562+0000] {processor.py:830} INFO - Processing file /opt/airflow/dags/kolesa.py for tasks to queue
[2024-04-07T12:47:44.565+0000] {logging_mixin.py:188} INFO - [2024-04-07T12:47:44.565+0000] {dagbag.py:540} INFO - Filling up the DagBag from /opt/airflow/dags/kolesa.py
[2024-04-07T12:48:05.380+0000] {logging_mixin.py:188} INFO - [2024-04-07T12:48:05.378+0000] {connectionpool.py:824} WARNING - Retrying (Retry(total=9, connect=3, read=None, redirect=None, status=None)) after connection broken by 'ReadTimeoutError("HTTPSConnectionPool(host='kolesa.kz', port=443): Read timed out. (read timeout=10)")': /cars/toyota/alphard/?page=1
[2024-04-07T12:48:14.576+0000] {logging_mixin.py:188} INFO - [2024-04-07T12:48:14.575+0000] {timeout.py:68} ERROR - Process timed out, PID: 511
[2024-04-07T12:48:44.850+0000] {processor.py:161} INFO - Started process (PID=534) to work on /opt/airflow/dags/kolesa.py
[2024-04-07T12:48:44.851+0000] {processor.py:830} INFO - Processing file /opt/airflow/dags/kolesa.py for tasks to queue
[2024-04-07T12:48:44.854+0000] {logging_mixin.py:188} INFO - [2024-04-07T12:48:44.854+0000] {dagbag.py:540} INFO - Filling up the DagBag from /opt/airflow/dags/kolesa.py
[2024-04-07T12:49:05.689+0000] {logging_mixin.py:188} INFO - [2024-04-07T12:49:05.687+0000] {connectionpool.py:824} WARNING - Retrying (Retry(total=9, connect=3, read=None, redirect=None, status=None)) after connection broken by 'ReadTimeoutError("HTTPSConnectionPool(host='kolesa.kz', port=443): Read timed out. (read timeout=10)")': /cars/toyota/alphard/?page=1
[2024-04-07T12:49:14.869+0000] {logging_mixin.py:188} INFO - [2024-04-07T12:49:14.868+0000] {timeout.py:68} ERROR - Process timed out, PID: 534
[2024-04-07T12:49:45.172+0000] {processor.py:161} INFO - Started process (PID=557) to work on /opt/airflow/dags/kolesa.py
[2024-04-07T12:49:45.175+0000] {processor.py:830} INFO - Processing file /opt/airflow/dags/kolesa.py for tasks to queue
[2024-04-07T12:49:45.179+0000] {logging_mixin.py:188} INFO - [2024-04-07T12:49:45.178+0000] {dagbag.py:540} INFO - Filling up the DagBag from /opt/airflow/dags/kolesa.py
[2024-04-07T12:50:06.001+0000] {logging_mixin.py:188} INFO - [2024-04-07T12:50:06.001+0000] {connectionpool.py:824} WARNING - Retrying (Retry(total=9, connect=3, read=None, redirect=None, status=None)) after connection broken by 'ReadTimeoutError("HTTPSConnectionPool(host='kolesa.kz', port=443): Read timed out. (read timeout=10)")': /cars/toyota/alphard/?page=1
[2024-04-07T12:50:15.195+0000] {logging_mixin.py:188} INFO - [2024-04-07T12:50:15.194+0000] {timeout.py:68} ERROR - Process timed out, PID: 557
[2024-04-07T12:50:45.421+0000] {processor.py:161} INFO - Started process (PID=583) to work on /opt/airflow/dags/kolesa.py
[2024-04-07T12:50:45.425+0000] {processor.py:830} INFO - Processing file /opt/airflow/dags/kolesa.py for tasks to queue
[2024-04-07T12:50:45.429+0000] {logging_mixin.py:188} INFO - [2024-04-07T12:50:45.428+0000] {dagbag.py:540} INFO - Filling up the DagBag from /opt/airflow/dags/kolesa.py
[2024-04-07T12:51:06.494+0000] {logging_mixin.py:188} INFO - [2024-04-07T12:51:06.490+0000] {connectionpool.py:824} WARNING - Retrying (Retry(total=9, connect=3, read=None, redirect=None, status=None)) after connection broken by 'ReadTimeoutError("HTTPSConnectionPool(host='kolesa.kz', port=443): Read timed out. (read timeout=10)")': /cars/toyota/alphard/?page=1
[2024-04-07T12:51:15.467+0000] {logging_mixin.py:188} INFO - [2024-04-07T12:51:15.467+0000] {timeout.py:68} ERROR - Process timed out, PID: 583
[2024-04-07T12:51:45.946+0000] {processor.py:161} INFO - Started process (PID=607) to work on /opt/airflow/dags/kolesa.py
[2024-04-07T12:51:45.948+0000] {processor.py:830} INFO - Processing file /opt/airflow/dags/kolesa.py for tasks to queue
[2024-04-07T12:51:45.952+0000] {logging_mixin.py:188} INFO - [2024-04-07T12:51:45.951+0000] {dagbag.py:540} INFO - Filling up the DagBag from /opt/airflow/dags/kolesa.py
[2024-04-07T12:52:06.991+0000] {logging_mixin.py:188} INFO - [2024-04-07T12:52:06.990+0000] {connectionpool.py:824} WARNING - Retrying (Retry(total=9, connect=3, read=None, redirect=None, status=None)) after connection broken by 'ReadTimeoutError("HTTPSConnectionPool(host='kolesa.kz', port=443): Read timed out. (read timeout=10)")': /cars/toyota/alphard/?page=1
[2024-04-07T12:52:15.971+0000] {logging_mixin.py:188} INFO - [2024-04-07T12:52:15.969+0000] {timeout.py:68} ERROR - Process timed out, PID: 607
[2024-04-07T12:52:46.314+0000] {processor.py:161} INFO - Started process (PID=631) to work on /opt/airflow/dags/kolesa.py
[2024-04-07T12:52:46.316+0000] {processor.py:830} INFO - Processing file /opt/airflow/dags/kolesa.py for tasks to queue
[2024-04-07T12:52:46.318+0000] {logging_mixin.py:188} INFO - [2024-04-07T12:52:46.318+0000] {dagbag.py:540} INFO - Filling up the DagBag from /opt/airflow/dags/kolesa.py
[2024-04-07T12:53:06.988+0000] {logging_mixin.py:188} INFO - [2024-04-07T12:53:06.985+0000] {connectionpool.py:824} WARNING - Retrying (Retry(total=9, connect=3, read=None, redirect=None, status=None)) after connection broken by 'ReadTimeoutError("HTTPSConnectionPool(host='kolesa.kz', port=443): Read timed out. (read timeout=10)")': /cars/toyota/alphard/?page=1
[2024-04-07T12:53:16.200+0000] {logging_mixin.py:188} INFO - [2024-04-07T12:53:16.200+0000] {connectionpool.py:824} WARNING - Retrying (Retry(total=8, connect=2, read=None, redirect=None, status=None)) after connection broken by 'NewConnectionError('<urllib3.connection.HTTPSConnection object at 0x7fd7a4e8d7f0>: Failed to establish a new connection: [Errno -3] Temporary failure in name resolution')': /cars/toyota/alphard/?page=1
[2024-04-07T12:53:24.206+0000] {logging_mixin.py:188} INFO - [2024-04-07T12:53:24.205+0000] {timeout.py:68} ERROR - Process timed out, PID: 631
[2024-04-07T12:53:54.864+0000] {processor.py:161} INFO - Started process (PID=655) to work on /opt/airflow/dags/kolesa.py
[2024-04-07T12:53:54.867+0000] {processor.py:830} INFO - Processing file /opt/airflow/dags/kolesa.py for tasks to queue
[2024-04-07T12:53:54.870+0000] {logging_mixin.py:188} INFO - [2024-04-07T12:53:54.869+0000] {dagbag.py:540} INFO - Filling up the DagBag from /opt/airflow/dags/kolesa.py
[2024-04-07T12:54:13.713+0000] {logging_mixin.py:188} INFO - [2024-04-07T12:54:13.712+0000] {connectionpool.py:824} WARNING - Retrying (Retry(total=9, connect=2, read=None, redirect=None, status=None)) after connection broken by 'NewConnectionError('<urllib3.connection.HTTPSConnection object at 0x7fd78a771760>: Failed to establish a new connection: [Errno -3] Temporary failure in name resolution')': /cars/toyota/alphard/?page=1
[2024-04-07T12:54:22.721+0000] {logging_mixin.py:188} INFO - [2024-04-07T12:54:22.720+0000] {connectionpool.py:824} WARNING - Retrying (Retry(total=8, connect=1, read=None, redirect=None, status=None)) after connection broken by 'NewConnectionError('<urllib3.connection.HTTPSConnection object at 0x7fd78a7719a0>: Failed to establish a new connection: [Errno -3] Temporary failure in name resolution')': /cars/toyota/alphard/?page=1
[2024-04-07T12:54:30.736+0000] {logging_mixin.py:188} INFO - [2024-04-07T12:54:30.735+0000] {timeout.py:68} ERROR - Process timed out, PID: 655
[2024-04-07T12:55:01.414+0000] {processor.py:161} INFO - Started process (PID=680) to work on /opt/airflow/dags/kolesa.py
[2024-04-07T12:55:01.416+0000] {processor.py:830} INFO - Processing file /opt/airflow/dags/kolesa.py for tasks to queue
[2024-04-07T12:55:01.419+0000] {logging_mixin.py:188} INFO - [2024-04-07T12:55:01.419+0000] {dagbag.py:540} INFO - Filling up the DagBag from /opt/airflow/dags/kolesa.py
[2024-04-07T12:55:20.359+0000] {logging_mixin.py:188} INFO - [2024-04-07T12:55:20.358+0000] {connectionpool.py:824} WARNING - Retrying (Retry(total=9, connect=2, read=None, redirect=None, status=None)) after connection broken by 'NewConnectionError('<urllib3.connection.HTTPSConnection object at 0x7fd78a6d85b0>: Failed to establish a new connection: [Errno -3] Temporary failure in name resolution')': /cars/toyota/alphard/?page=1
[2024-04-07T12:55:29.366+0000] {logging_mixin.py:188} INFO - [2024-04-07T12:55:29.365+0000] {connectionpool.py:824} WARNING - Retrying (Retry(total=8, connect=1, read=None, redirect=None, status=None)) after connection broken by 'NewConnectionError('<urllib3.connection.HTTPSConnection object at 0x7fd78a6d8820>: Failed to establish a new connection: [Errno -3] Temporary failure in name resolution')': /cars/toyota/alphard/?page=1
[2024-04-07T12:55:37.386+0000] {logging_mixin.py:188} INFO - [2024-04-07T12:55:37.385+0000] {timeout.py:68} ERROR - Process timed out, PID: 680
[2024-04-07T12:56:07.976+0000] {processor.py:161} INFO - Started process (PID=705) to work on /opt/airflow/dags/kolesa.py
[2024-04-07T12:56:07.979+0000] {processor.py:830} INFO - Processing file /opt/airflow/dags/kolesa.py for tasks to queue
[2024-04-07T12:56:07.989+0000] {logging_mixin.py:188} INFO - [2024-04-07T12:56:07.988+0000] {dagbag.py:540} INFO - Filling up the DagBag from /opt/airflow/dags/kolesa.py
[2024-04-07T12:56:26.996+0000] {logging_mixin.py:188} INFO - [2024-04-07T12:56:26.994+0000] {connectionpool.py:824} WARNING - Retrying (Retry(total=9, connect=2, read=None, redirect=None, status=None)) after connection broken by 'NewConnectionError('<urllib3.connection.HTTPSConnection object at 0x7fd78a766a90>: Failed to establish a new connection: [Errno -3] Temporary failure in name resolution')': /cars/toyota/alphard/?page=1
[2024-04-07T12:56:36.006+0000] {logging_mixin.py:188} INFO - [2024-04-07T12:56:36.006+0000] {connectionpool.py:824} WARNING - Retrying (Retry(total=8, connect=1, read=None, redirect=None, status=None)) after connection broken by 'NewConnectionError('<urllib3.connection.HTTPSConnection object at 0x7fd78a766cd0>: Failed to establish a new connection: [Errno -3] Temporary failure in name resolution')': /cars/toyota/alphard/?page=1
[2024-04-07T12:56:44.017+0000] {logging_mixin.py:188} INFO - [2024-04-07T12:56:44.016+0000] {timeout.py:68} ERROR - Process timed out, PID: 705
[2024-04-07T12:58:49.354+0000] {processor.py:161} INFO - Started process (PID=41) to work on /opt/airflow/dags/kolesa.py
[2024-04-07T12:58:49.356+0000] {processor.py:830} INFO - Processing file /opt/airflow/dags/kolesa.py for tasks to queue
[2024-04-07T12:58:49.361+0000] {logging_mixin.py:188} INFO - [2024-04-07T12:58:49.360+0000] {dagbag.py:540} INFO - Filling up the DagBag from /opt/airflow/dags/kolesa.py
[2024-04-07T12:59:09.701+0000] {logging_mixin.py:188} INFO - [2024-04-07T12:59:09.700+0000] {connectionpool.py:824} WARNING - Retrying (Retry(total=9, connect=2, read=None, redirect=None, status=None)) after connection broken by 'NewConnectionError('<urllib3.connection.HTTPSConnection object at 0x7f3aef2c2d00>: Failed to establish a new connection: [Errno -3] Temporary failure in name resolution')': /cars/toyota/alphard/?page=1
[2024-04-07T12:59:18.712+0000] {logging_mixin.py:188} INFO - [2024-04-07T12:59:18.711+0000] {connectionpool.py:824} WARNING - Retrying (Retry(total=8, connect=1, read=None, redirect=None, status=None)) after connection broken by 'NewConnectionError('<urllib3.connection.HTTPSConnection object at 0x7f3aef2c2f70>: Failed to establish a new connection: [Errno -3] Temporary failure in name resolution')': /cars/toyota/alphard/?page=1
[2024-04-07T12:59:26.750+0000] {logging_mixin.py:188} INFO - [2024-04-07T12:59:26.735+0000] {timeout.py:68} ERROR - Process timed out, PID: 41
[2024-04-07T12:59:57.365+0000] {processor.py:161} INFO - Started process (PID=71) to work on /opt/airflow/dags/kolesa.py
[2024-04-07T12:59:57.371+0000] {processor.py:830} INFO - Processing file /opt/airflow/dags/kolesa.py for tasks to queue
[2024-04-07T12:59:57.375+0000] {logging_mixin.py:188} INFO - [2024-04-07T12:59:57.375+0000] {dagbag.py:540} INFO - Filling up the DagBag from /opt/airflow/dags/kolesa.py
[2024-04-07T13:00:17.058+0000] {logging_mixin.py:188} INFO - [2024-04-07T13:00:17.058+0000] {connectionpool.py:824} WARNING - Retrying (Retry(total=9, connect=2, read=None, redirect=None, status=None)) after connection broken by 'NewConnectionError('<urllib3.connection.HTTPSConnection object at 0x7f3af9e9d520>: Failed to establish a new connection: [Errno -3] Temporary failure in name resolution')': /cars/toyota/alphard/?page=1
[2024-04-07T13:00:26.067+0000] {logging_mixin.py:188} INFO - [2024-04-07T13:00:26.067+0000] {connectionpool.py:824} WARNING - Retrying (Retry(total=8, connect=1, read=None, redirect=None, status=None)) after connection broken by 'NewConnectionError('<urllib3.connection.HTTPSConnection object at 0x7f3af9e9d790>: Failed to establish a new connection: [Errno -3] Temporary failure in name resolution')': /cars/toyota/alphard/?page=1
[2024-04-07T13:00:34.074+0000] {logging_mixin.py:188} INFO - [2024-04-07T13:00:34.073+0000] {timeout.py:68} ERROR - Process timed out, PID: 71
[2024-04-07T13:01:04.584+0000] {processor.py:161} INFO - Started process (PID=107) to work on /opt/airflow/dags/kolesa.py
[2024-04-07T13:01:04.586+0000] {processor.py:830} INFO - Processing file /opt/airflow/dags/kolesa.py for tasks to queue
[2024-04-07T13:01:04.591+0000] {logging_mixin.py:188} INFO - [2024-04-07T13:01:04.590+0000] {dagbag.py:540} INFO - Filling up the DagBag from /opt/airflow/dags/kolesa.py
[2024-04-07T13:01:23.371+0000] {logging_mixin.py:188} INFO - [2024-04-07T13:01:23.370+0000] {connectionpool.py:824} WARNING - Retrying (Retry(total=9, connect=2, read=None, redirect=None, status=None)) after connection broken by 'NewConnectionError('<urllib3.connection.HTTPSConnection object at 0x7f3aef13ff10>: Failed to establish a new connection: [Errno -3] Temporary failure in name resolution')': /cars/toyota/alphard/?page=1
[2024-04-07T13:01:32.379+0000] {logging_mixin.py:188} INFO - [2024-04-07T13:01:32.379+0000] {connectionpool.py:824} WARNING - Retrying (Retry(total=8, connect=1, read=None, redirect=None, status=None)) after connection broken by 'NewConnectionError('<urllib3.connection.HTTPSConnection object at 0x7f3aef1be130>: Failed to establish a new connection: [Errno -3] Temporary failure in name resolution')': /cars/toyota/alphard/?page=1
[2024-04-07T13:01:40.386+0000] {logging_mixin.py:188} INFO - [2024-04-07T13:01:40.385+0000] {timeout.py:68} ERROR - Process timed out, PID: 107
[2024-04-07T13:02:10.570+0000] {processor.py:161} INFO - Started process (PID=138) to work on /opt/airflow/dags/kolesa.py
[2024-04-07T13:02:10.572+0000] {processor.py:830} INFO - Processing file /opt/airflow/dags/kolesa.py for tasks to queue
[2024-04-07T13:02:10.576+0000] {logging_mixin.py:188} INFO - [2024-04-07T13:02:10.576+0000] {dagbag.py:540} INFO - Filling up the DagBag from /opt/airflow/dags/kolesa.py
[2024-04-07T13:02:29.682+0000] {logging_mixin.py:188} INFO - [2024-04-07T13:02:29.680+0000] {connectionpool.py:824} WARNING - Retrying (Retry(total=9, connect=2, read=None, redirect=None, status=None)) after connection broken by 'NewConnectionError('<urllib3.connection.HTTPSConnection object at 0x7f3aef1cb3d0>: Failed to establish a new connection: [Errno -3] Temporary failure in name resolution')': /cars/toyota/alphard/?page=1
[2024-04-07T13:02:38.693+0000] {logging_mixin.py:188} INFO - [2024-04-07T13:02:38.693+0000] {connectionpool.py:824} WARNING - Retrying (Retry(total=8, connect=1, read=None, redirect=None, status=None)) after connection broken by 'NewConnectionError('<urllib3.connection.HTTPSConnection object at 0x7f3aef1cb640>: Failed to establish a new connection: [Errno -3] Temporary failure in name resolution')': /cars/toyota/alphard/?page=1
[2024-04-07T13:02:46.701+0000] {logging_mixin.py:188} INFO - [2024-04-07T13:02:46.701+0000] {timeout.py:68} ERROR - Process timed out, PID: 138
[2024-04-07T13:03:17.285+0000] {processor.py:161} INFO - Started process (PID=165) to work on /opt/airflow/dags/kolesa.py
[2024-04-07T13:03:17.287+0000] {processor.py:830} INFO - Processing file /opt/airflow/dags/kolesa.py for tasks to queue
[2024-04-07T13:03:17.290+0000] {logging_mixin.py:188} INFO - [2024-04-07T13:03:17.290+0000] {dagbag.py:540} INFO - Filling up the DagBag from /opt/airflow/dags/kolesa.py
[2024-04-07T13:03:36.335+0000] {logging_mixin.py:188} INFO - [2024-04-07T13:03:36.335+0000] {connectionpool.py:824} WARNING - Retrying (Retry(total=9, connect=2, read=None, redirect=None, status=None)) after connection broken by 'NewConnectionError('<urllib3.connection.HTTPSConnection object at 0x7f3aef166760>: Failed to establish a new connection: [Errno -3] Temporary failure in name resolution')': /cars/toyota/alphard/?page=1
[2024-04-07T13:03:45.344+0000] {logging_mixin.py:188} INFO - [2024-04-07T13:03:45.344+0000] {connectionpool.py:824} WARNING - Retrying (Retry(total=8, connect=1, read=None, redirect=None, status=None)) after connection broken by 'NewConnectionError('<urllib3.connection.HTTPSConnection object at 0x7f3aef1669a0>: Failed to establish a new connection: [Errno -3] Temporary failure in name resolution')': /cars/toyota/alphard/?page=1
[2024-04-07T13:03:47.299+0000] {logging_mixin.py:188} INFO - [2024-04-07T13:03:47.298+0000] {timeout.py:68} ERROR - Process timed out, PID: 165
[2024-04-07T13:04:18.187+0000] {processor.py:161} INFO - Started process (PID=193) to work on /opt/airflow/dags/kolesa.py
[2024-04-07T13:04:18.200+0000] {processor.py:830} INFO - Processing file /opt/airflow/dags/kolesa.py for tasks to queue
[2024-04-07T13:04:18.208+0000] {logging_mixin.py:188} INFO - [2024-04-07T13:04:18.207+0000] {dagbag.py:540} INFO - Filling up the DagBag from /opt/airflow/dags/kolesa.py
[2024-04-07T13:04:37.049+0000] {logging_mixin.py:188} INFO - [2024-04-07T13:04:37.049+0000] {connectionpool.py:824} WARNING - Retrying (Retry(total=9, connect=2, read=None, redirect=None, status=None)) after connection broken by 'NewConnectionError('<urllib3.connection.HTTPSConnection object at 0x7f3aef1ad6a0>: Failed to establish a new connection: [Errno -3] Temporary failure in name resolution')': /cars/toyota/alphard/?page=1
[2024-04-07T13:04:46.058+0000] {logging_mixin.py:188} INFO - [2024-04-07T13:04:46.057+0000] {connectionpool.py:824} WARNING - Retrying (Retry(total=8, connect=1, read=None, redirect=None, status=None)) after connection broken by 'NewConnectionError('<urllib3.connection.HTTPSConnection object at 0x7f3aef1ad910>: Failed to establish a new connection: [Errno -3] Temporary failure in name resolution')': /cars/toyota/alphard/?page=1
[2024-04-07T13:04:54.069+0000] {logging_mixin.py:188} INFO - [2024-04-07T13:04:54.068+0000] {timeout.py:68} ERROR - Process timed out, PID: 193
[2024-04-07T13:05:24.666+0000] {processor.py:161} INFO - Started process (PID=220) to work on /opt/airflow/dags/kolesa.py
[2024-04-07T13:05:24.671+0000] {processor.py:830} INFO - Processing file /opt/airflow/dags/kolesa.py for tasks to queue
[2024-04-07T13:05:24.676+0000] {logging_mixin.py:188} INFO - [2024-04-07T13:05:24.675+0000] {dagbag.py:540} INFO - Filling up the DagBag from /opt/airflow/dags/kolesa.py
[2024-04-07T13:05:43.753+0000] {logging_mixin.py:188} INFO - [2024-04-07T13:05:43.743+0000] {connectionpool.py:824} WARNING - Retrying (Retry(total=9, connect=2, read=None, redirect=None, status=None)) after connection broken by 'NewConnectionError('<urllib3.connection.HTTPSConnection object at 0x7f3aef1685b0>: Failed to establish a new connection: [Errno -3] Temporary failure in name resolution')': /cars/toyota/alphard/?page=1
[2024-04-07T13:05:48.790+0000] {logging_mixin.py:188} INFO - [2024-04-07T13:05:48.789+0000] {connectionpool.py:824} WARNING - Retrying (Retry(total=8, connect=1, read=None, redirect=None, status=None)) after connection broken by 'NewConnectionError('<urllib3.connection.HTTPSConnection object at 0x7f3aef168820>: Failed to establish a new connection: [Errno -2] Name or service not known')': /cars/toyota/alphard/?page=1
[2024-04-07T13:05:50.797+0000] {logging_mixin.py:188} INFO - [2024-04-07T13:05:50.796+0000] {connectionpool.py:824} WARNING - Retrying (Retry(total=7, connect=0, read=None, redirect=None, status=None)) after connection broken by 'NewConnectionError('<urllib3.connection.HTTPSConnection object at 0x7f3aef1689d0>: Failed to establish a new connection: [Errno -2] Name or service not known')': /cars/toyota/alphard/?page=1
[2024-04-07T13:05:50.820+0000] {logging_mixin.py:188} INFO - [2024-04-07T13:05:50.805+0000] {dagbag.py:350} ERROR - Failed to import: /opt/airflow/dags/kolesa.py
Traceback (most recent call last):
  File "/home/airflow/.local/lib/python3.8/site-packages/urllib3/connection.py", line 174, in _new_conn
    conn = connection.create_connection(
  File "/home/airflow/.local/lib/python3.8/site-packages/urllib3/util/connection.py", line 72, in create_connection
    for res in socket.getaddrinfo(host, port, family, socket.SOCK_STREAM):
  File "/usr/local/lib/python3.8/socket.py", line 918, in getaddrinfo
    for res in _socket.getaddrinfo(host, port, family, type, proto, flags):
socket.gaierror: [Errno -2] Name or service not known

During handling of the above exception, another exception occurred:

Traceback (most recent call last):
  File "/home/airflow/.local/lib/python3.8/site-packages/urllib3/connectionpool.py", line 715, in urlopen
    httplib_response = self._make_request(
  File "/home/airflow/.local/lib/python3.8/site-packages/urllib3/connectionpool.py", line 404, in _make_request
    self._validate_conn(conn)
  File "/home/airflow/.local/lib/python3.8/site-packages/urllib3/connectionpool.py", line 1058, in _validate_conn
    conn.connect()
  File "/home/airflow/.local/lib/python3.8/site-packages/urllib3/connection.py", line 363, in connect
    self.sock = conn = self._new_conn()
  File "/home/airflow/.local/lib/python3.8/site-packages/urllib3/connection.py", line 186, in _new_conn
    raise NewConnectionError(
urllib3.exceptions.NewConnectionError: <urllib3.connection.HTTPSConnection object at 0x7f3aef168b80>: Failed to establish a new connection: [Errno -2] Name or service not known

During handling of the above exception, another exception occurred:

Traceback (most recent call last):
  File "/home/airflow/.local/lib/python3.8/site-packages/requests/adapters.py", line 486, in send
    resp = conn.urlopen(
  File "/home/airflow/.local/lib/python3.8/site-packages/urllib3/connectionpool.py", line 827, in urlopen
    return self.urlopen(
  File "/home/airflow/.local/lib/python3.8/site-packages/urllib3/connectionpool.py", line 827, in urlopen
    return self.urlopen(
  File "/home/airflow/.local/lib/python3.8/site-packages/urllib3/connectionpool.py", line 827, in urlopen
    return self.urlopen(
  File "/home/airflow/.local/lib/python3.8/site-packages/urllib3/connectionpool.py", line 799, in urlopen
    retries = retries.increment(
  File "/home/airflow/.local/lib/python3.8/site-packages/urllib3/util/retry.py", line 592, in increment
    raise MaxRetryError(_pool, url, error or ResponseError(cause))
urllib3.exceptions.MaxRetryError: HTTPSConnectionPool(host='kolesa.kz', port=443): Max retries exceeded with url: /cars/toyota/alphard/?page=1 (Caused by NewConnectionError('<urllib3.connection.HTTPSConnection object at 0x7f3aef168b80>: Failed to establish a new connection: [Errno -2] Name or service not known'))

During handling of the above exception, another exception occurred:

Traceback (most recent call last):
  File "/home/airflow/.local/lib/python3.8/site-packages/airflow/models/dagbag.py", line 346, in parse
    loader.exec_module(new_module)
  File "<frozen importlib._bootstrap_external>", line 843, in exec_module
  File "<frozen importlib._bootstrap>", line 219, in _call_with_frames_removed
  File "/opt/airflow/dags/kolesa.py", line 84, in <module>
    python_callable=_get_data(),
  File "/opt/airflow/dags/kolesa.py", line 27, in _get_data
    response = session.get(kolesa_url, headers=headers, timeout=(connect_timeout, read_timeout))
  File "/home/airflow/.local/lib/python3.8/site-packages/requests/sessions.py", line 602, in get
    return self.request("GET", url, **kwargs)
  File "/home/airflow/.local/lib/python3.8/site-packages/requests/sessions.py", line 589, in request
    resp = self.send(prep, **send_kwargs)
  File "/home/airflow/.local/lib/python3.8/site-packages/requests/sessions.py", line 703, in send
    r = adapter.send(request, **kwargs)
  File "/home/airflow/.local/lib/python3.8/site-packages/requests/adapters.py", line 519, in send
    raise ConnectionError(e, request=request)
requests.exceptions.ConnectionError: HTTPSConnectionPool(host='kolesa.kz', port=443): Max retries exceeded with url: /cars/toyota/alphard/?page=1 (Caused by NewConnectionError('<urllib3.connection.HTTPSConnection object at 0x7f3aef168b80>: Failed to establish a new connection: [Errno -2] Name or service not known'))
[2024-04-07T13:05:50.829+0000] {processor.py:842} WARNING - No viable dags retrieved from /opt/airflow/dags/kolesa.py
[2024-04-07T13:05:50.888+0000] {processor.py:183} INFO - Processing /opt/airflow/dags/kolesa.py took 26.231 seconds
[2024-04-07T13:06:21.151+0000] {processor.py:161} INFO - Started process (PID=249) to work on /opt/airflow/dags/kolesa.py
[2024-04-07T13:06:21.153+0000] {processor.py:830} INFO - Processing file /opt/airflow/dags/kolesa.py for tasks to queue
[2024-04-07T13:06:21.156+0000] {logging_mixin.py:188} INFO - [2024-04-07T13:06:21.156+0000] {dagbag.py:540} INFO - Filling up the DagBag from /opt/airflow/dags/kolesa.py
[2024-04-07T13:06:40.221+0000] {logging_mixin.py:188} INFO - [2024-04-07T13:06:40.220+0000] {connectionpool.py:824} WARNING - Retrying (Retry(total=9, connect=2, read=None, redirect=None, status=None)) after connection broken by 'NewConnectionError('<urllib3.connection.HTTPSConnection object at 0x7f3aef1ae760>: Failed to establish a new connection: [Errno -3] Temporary failure in name resolution')': /cars/toyota/alphard/?page=1
[2024-04-07T13:06:49.229+0000] {logging_mixin.py:188} INFO - [2024-04-07T13:06:49.228+0000] {connectionpool.py:824} WARNING - Retrying (Retry(total=8, connect=1, read=None, redirect=None, status=None)) after connection broken by 'NewConnectionError('<urllib3.connection.HTTPSConnection object at 0x7f3aef1ae9a0>: Failed to establish a new connection: [Errno -3] Temporary failure in name resolution')': /cars/toyota/alphard/?page=1
[2024-04-07T13:06:57.236+0000] {logging_mixin.py:188} INFO - [2024-04-07T13:06:57.235+0000] {timeout.py:68} ERROR - Process timed out, PID: 249
[2024-04-07T13:07:27.650+0000] {processor.py:161} INFO - Started process (PID=277) to work on /opt/airflow/dags/kolesa.py
[2024-04-07T13:07:27.652+0000] {processor.py:830} INFO - Processing file /opt/airflow/dags/kolesa.py for tasks to queue
[2024-04-07T13:07:27.654+0000] {logging_mixin.py:188} INFO - [2024-04-07T13:07:27.654+0000] {dagbag.py:540} INFO - Filling up the DagBag from /opt/airflow/dags/kolesa.py
[2024-04-07T13:07:46.216+0000] {logging_mixin.py:188} INFO - [2024-04-07T13:07:46.215+0000] {connectionpool.py:824} WARNING - Retrying (Retry(total=9, connect=2, read=None, redirect=None, status=None)) after connection broken by 'NewConnectionError('<urllib3.connection.HTTPSConnection object at 0x7f3aef196100>: Failed to establish a new connection: [Errno -3] Temporary failure in name resolution')': /cars/toyota/alphard/?page=1
[2024-04-07T13:07:55.231+0000] {logging_mixin.py:188} INFO - [2024-04-07T13:07:55.230+0000] {connectionpool.py:824} WARNING - Retrying (Retry(total=8, connect=1, read=None, redirect=None, status=None)) after connection broken by 'NewConnectionError('<urllib3.connection.HTTPSConnection object at 0x7f3aef196370>: Failed to establish a new connection: [Errno -3] Temporary failure in name resolution')': /cars/toyota/alphard/?page=1
[2024-04-07T13:07:59.342+0000] {logging_mixin.py:188} INFO - [2024-04-07T13:07:59.341+0000] {timeout.py:68} ERROR - Process timed out, PID: 277
